[0.014s] Invoking command in '/home/ubuntu/robotics/autonomous_robot_ws/build/mining_bot_base': CMAKE_PREFIX_PATH=/opt/ros/humble /usr/bin/cmake --build /home/ubuntu/robotics/autonomous_robot_ws/build/mining_bot_base -- -j4 -l4
[0.053s] Invoked command in '/home/ubuntu/robotics/autonomous_robot_ws/build/mining_bot_base' returned '0': CMAKE_PREFIX_PATH=/opt/ros/humble /usr/bin/cmake --build /home/ubuntu/robotics/autonomous_robot_ws/build/mining_bot_base -- -j4 -l4
[0.064s] Invoking command in '/home/ubuntu/robotics/autonomous_robot_ws/build/mining_bot_base': CMAKE_PREFIX_PATH=/opt/ros/humble /usr/bin/cmake --install /home/ubuntu/robotics/autonomous_robot_ws/build/mining_bot_base
[0.071s] -- Install configuration: ""
[0.072s] -- Up-to-date: /home/ubuntu/robotics/autonomous_robot_ws/install/mining_bot_base/share/ament_index/resource_index/package_run_dependencies/mining_bot_base
[0.072s] -- Up-to-date: /home/ubuntu/robotics/autonomous_robot_ws/install/mining_bot_base/share/ament_index/resource_index/parent_prefix_path/mining_bot_base
[0.072s] -- Up-to-date: /home/ubuntu/robotics/autonomous_robot_ws/install/mining_bot_base/share/mining_bot_base/environment/ament_prefix_path.sh
[0.073s] -- Up-to-date: /home/ubuntu/robotics/autonomous_robot_ws/install/mining_bot_base/share/mining_bot_base/environment/ament_prefix_path.dsv
[0.073s] -- Up-to-date: /home/ubuntu/robotics/autonomous_robot_ws/install/mining_bot_base/share/mining_bot_base/environment/path.sh
[0.073s] -- Up-to-date: /home/ubuntu/robotics/autonomous_robot_ws/install/mining_bot_base/share/mining_bot_base/environment/path.dsv
[0.073s] -- Up-to-date: /home/ubuntu/robotics/autonomous_robot_ws/install/mining_bot_base/share/mining_bot_base/local_setup.bash
[0.073s] -- Up-to-date: /home/ubuntu/robotics/autonomous_robot_ws/install/mining_bot_base/share/mining_bot_base/local_setup.sh
[0.073s] -- Up-to-date: /home/ubuntu/robotics/autonomous_robot_ws/install/mining_bot_base/share/mining_bot_base/local_setup.zsh
[0.073s] -- Up-to-date: /home/ubuntu/robotics/autonomous_robot_ws/install/mining_bot_base/share/mining_bot_base/local_setup.dsv
[0.073s] -- Up-to-date: /home/ubuntu/robotics/autonomous_robot_ws/install/mining_bot_base/share/mining_bot_base/package.dsv
[0.073s] -- Up-to-date: /home/ubuntu/robotics/autonomous_robot_ws/install/mining_bot_base/share/ament_index/resource_index/packages/mining_bot_base
[0.074s] -- Up-to-date: /home/ubuntu/robotics/autonomous_robot_ws/install/mining_bot_base/share/mining_bot_base/cmake/mining_bot_baseConfig.cmake
[0.074s] -- Up-to-date: /home/ubuntu/robotics/autonomous_robot_ws/install/mining_bot_base/share/mining_bot_base/cmake/mining_bot_baseConfig-version.cmake
[0.074s] -- Up-to-date: /home/ubuntu/robotics/autonomous_robot_ws/install/mining_bot_base/share/mining_bot_base/package.xml
[0.075s] Invoked command in '/home/ubuntu/robotics/autonomous_robot_ws/build/mining_bot_base' returned '0': CMAKE_PREFIX_PATH=/opt/ros/humble /usr/bin/cmake --install /home/ubuntu/robotics/autonomous_robot_ws/build/mining_bot_base
