[0.007s] Invoking command in '/home/jayhaych02/robotics/Lunabotics2024-ROS/build/mining_bot_base': CMAKE_PREFIX_PATH=${CMAKE_PREFIX_PATH}:/opt/ros/humble /usr/bin/cmake --build /home/jayhaych02/robotics/Lunabotics2024-ROS/build/mining_bot_base -- -j24 -l24
[0.025s] Invoked command in '/home/jayhaych02/robotics/Lunabotics2024-ROS/build/mining_bot_base' returned '0': CMAKE_PREFIX_PATH=${CMAKE_PREFIX_PATH}:/opt/ros/humble /usr/bin/cmake --build /home/jayhaych02/robotics/Lunabotics2024-ROS/build/mining_bot_base -- -j24 -l24
[0.026s] Invoking command in '/home/jayhaych02/robotics/Lunabotics2024-ROS/build/mining_bot_base': CMAKE_PREFIX_PATH=${CMAKE_PREFIX_PATH}:/opt/ros/humble /usr/bin/cmake --install /home/jayhaych02/robotics/Lunabotics2024-ROS/build/mining_bot_base
[0.028s] -- Install configuration: ""
[0.028s] -- Up-to-date: /home/jayhaych02/robotics/Lunabotics2024-ROS/install/mining_bot_base/share/ament_index/resource_index/package_run_dependencies/mining_bot_base
[0.028s] -- Up-to-date: /home/jayhaych02/robotics/Lunabotics2024-ROS/install/mining_bot_base/share/ament_index/resource_index/parent_prefix_path/mining_bot_base
[0.028s] -- Up-to-date: /home/jayhaych02/robotics/Lunabotics2024-ROS/install/mining_bot_base/share/mining_bot_base/environment/ament_prefix_path.sh
[0.029s] -- Up-to-date: /home/jayhaych02/robotics/Lunabotics2024-ROS/install/mining_bot_base/share/mining_bot_base/environment/ament_prefix_path.dsv
[0.029s] -- Up-to-date: /home/jayhaych02/robotics/Lunabotics2024-ROS/install/mining_bot_base/share/mining_bot_base/environment/path.sh
[0.029s] -- Up-to-date: /home/jayhaych02/robotics/Lunabotics2024-ROS/install/mining_bot_base/share/mining_bot_base/environment/path.dsv
[0.029s] -- Up-to-date: /home/jayhaych02/robotics/Lunabotics2024-ROS/install/mining_bot_base/share/mining_bot_base/local_setup.bash
[0.029s] -- Up-to-date: /home/jayhaych02/robotics/Lunabotics2024-ROS/install/mining_bot_base/share/mining_bot_base/local_setup.sh
[0.029s] -- Up-to-date: /home/jayhaych02/robotics/Lunabotics2024-ROS/install/mining_bot_base/share/mining_bot_base/local_setup.zsh
[0.029s] -- Up-to-date: /home/jayhaych02/robotics/Lunabotics2024-ROS/install/mining_bot_base/share/mining_bot_base/local_setup.dsv
[0.029s] -- Installing: /home/jayhaych02/robotics/Lunabotics2024-ROS/install/mining_bot_base/share/mining_bot_base/package.dsv
[0.029s] -- Up-to-date: /home/jayhaych02/robotics/Lunabotics2024-ROS/install/mining_bot_base/share/ament_index/resource_index/packages/mining_bot_base
[0.029s] -- Up-to-date: /home/jayhaych02/robotics/Lunabotics2024-ROS/install/mining_bot_base/share/mining_bot_base/cmake/mining_bot_baseConfig.cmake
[0.029s] -- Up-to-date: /home/jayhaych02/robotics/Lunabotics2024-ROS/install/mining_bot_base/share/mining_bot_base/cmake/mining_bot_baseConfig-version.cmake
[0.029s] -- Up-to-date: /home/jayhaych02/robotics/Lunabotics2024-ROS/install/mining_bot_base/share/mining_bot_base/package.xml
[0.037s] Invoked command in '/home/jayhaych02/robotics/Lunabotics2024-ROS/build/mining_bot_base' returned '0': CMAKE_PREFIX_PATH=${CMAKE_PREFIX_PATH}:/opt/ros/humble /usr/bin/cmake --install /home/jayhaych02/robotics/Lunabotics2024-ROS/build/mining_bot_base
