[0.146s] DEBUG:colcon:Command line arguments: ['/usr/bin/colcon', 'build']
[0.146s] DEBUG:colcon:Parsed command line arguments: Namespace(log_base=None, log_level=None, verb_name='build', build_base='build', install_base='install', merge_install=False, symlink_install=False, test_result_base=None, continue_on_error=False, executor='parallel', parallel_workers=20, event_handlers=None, ignore_user_meta=False, metas=['./colcon.meta'], base_paths=['.'], packages_ignore=None, packages_ignore_regex=None, paths=None, packages_up_to=None, packages_up_to_regex=None, packages_above=None, packages_above_and_dependencies=None, packages_above_depth=None, packages_select_by_dep=None, packages_skip_by_dep=None, packages_skip_up_to=None, packages_select_build_failed=False, packages_skip_build_finished=False, packages_select_test_failures=False, packages_skip_test_passed=False, packages_select=None, packages_skip=None, packages_select_regex=None, packages_skip_regex=None, packages_start=None, packages_end=None, allow_overriding=[], cmake_args=None, cmake_target=None, cmake_target_skip_unavailable=False, cmake_clean_cache=False, cmake_clean_first=False, cmake_force_configure=False, ament_cmake_args=None, catkin_cmake_args=None, catkin_skip_building_tests=False, mixin_files=None, mixin=None, verb_parser=<colcon_mixin.mixin.mixin_argument.MixinArgumentDecorator object at 0x7ff2898b2620>, verb_extension=<colcon_core.verb.build.BuildVerb object at 0x7ff2898b1c90>, main=<bound method BuildVerb.main of <colcon_core.verb.build.BuildVerb object at 0x7ff2898b1c90>>, mixin_verb=('build',))
[0.224s] Level 1:colcon.colcon_core.package_discovery:discover_packages(colcon_meta) check parameters
[0.224s] Level 1:colcon.colcon_core.package_discovery:discover_packages(recursive) check parameters
[0.224s] Level 1:colcon.colcon_core.package_discovery:discover_packages(ignore) check parameters
[0.224s] Level 1:colcon.colcon_core.package_discovery:discover_packages(path) check parameters
[0.224s] Level 1:colcon.colcon_core.package_discovery:discover_packages(colcon_meta) discover
[0.224s] Level 1:colcon.colcon_core.package_discovery:discover_packages(recursive) discover
[0.224s] INFO:colcon.colcon_core.package_discovery:Crawling recursively for packages in '/home/jaych/robotics/Lunabotics2024-ROS'
[0.224s] Level 1:colcon.colcon_core.package_identification:_identify(.) by extensions ['ignore', 'ignore_ament_install']
[0.224s] Level 1:colcon.colcon_core.package_identification:_identify(.) by extension 'ignore'
[0.224s] Level 1:colcon.colcon_core.package_identification:_identify(.) by extension 'ignore_ament_install'
[0.224s] Level 1:colcon.colcon_core.package_identification:_identify(.) by extensions ['colcon_pkg']
[0.224s] Level 1:colcon.colcon_core.package_identification:_identify(.) by extension 'colcon_pkg'
[0.225s] Level 1:colcon.colcon_core.package_identification:_identify(.) by extensions ['colcon_meta']
[0.225s] Level 1:colcon.colcon_core.package_identification:_identify(.) by extension 'colcon_meta'
[0.225s] Level 1:colcon.colcon_core.package_identification:_identify(.) by extensions ['ros']
[0.225s] Level 1:colcon.colcon_core.package_identification:_identify(.) by extension 'ros'
[0.231s] Level 1:colcon.colcon_core.package_identification:_identify(.) by extensions ['cmake', 'python']
[0.231s] Level 1:colcon.colcon_core.package_identification:_identify(.) by extension 'cmake'
[0.231s] Level 1:colcon.colcon_core.package_identification:_identify(.) by extension 'python'
[0.231s] Level 1:colcon.colcon_core.package_identification:_identify(.) by extensions ['python_setup_py']
[0.231s] Level 1:colcon.colcon_core.package_identification:_identify(.) by extension 'python_setup_py'
[0.231s] Level 1:colcon.colcon_core.package_identification:_identify(build) by extensions ['ignore', 'ignore_ament_install']
[0.231s] Level 1:colcon.colcon_core.package_identification:_identify(build) by extension 'ignore'
[0.231s] Level 1:colcon.colcon_core.package_identification:_identify(build) ignored
[0.231s] Level 1:colcon.colcon_core.package_identification:_identify(install) by extensions ['ignore', 'ignore_ament_install']
[0.231s] Level 1:colcon.colcon_core.package_identification:_identify(install) by extension 'ignore'
[0.231s] Level 1:colcon.colcon_core.package_identification:_identify(install) ignored
[0.231s] Level 1:colcon.colcon_core.package_identification:_identify(log) by extensions ['ignore', 'ignore_ament_install']
[0.231s] Level 1:colcon.colcon_core.package_identification:_identify(log) by extension 'ignore'
[0.231s] Level 1:colcon.colcon_core.package_identification:_identify(log) ignored
[0.231s] Level 1:colcon.colcon_core.package_identification:_identify(src) by extensions ['ignore', 'ignore_ament_install']
[0.231s] Level 1:colcon.colcon_core.package_identification:_identify(src) by extension 'ignore'
[0.231s] Level 1:colcon.colcon_core.package_identification:_identify(src) by extension 'ignore_ament_install'
[0.231s] Level 1:colcon.colcon_core.package_identification:_identify(src) by extensions ['colcon_pkg']
[0.231s] Level 1:colcon.colcon_core.package_identification:_identify(src) by extension 'colcon_pkg'
[0.231s] Level 1:colcon.colcon_core.package_identification:_identify(src) by extensions ['colcon_meta']
[0.231s] Level 1:colcon.colcon_core.package_identification:_identify(src) by extension 'colcon_meta'
[0.231s] Level 1:colcon.colcon_core.package_identification:_identify(src) by extensions ['ros']
[0.231s] Level 1:colcon.colcon_core.package_identification:_identify(src) by extension 'ros'
[0.231s] Level 1:colcon.colcon_core.package_identification:_identify(src) by extensions ['cmake', 'python']
[0.231s] Level 1:colcon.colcon_core.package_identification:_identify(src) by extension 'cmake'
[0.232s] Level 1:colcon.colcon_core.package_identification:_identify(src) by extension 'python'
[0.232s] Level 1:colcon.colcon_core.package_identification:_identify(src) by extensions ['python_setup_py']
[0.232s] Level 1:colcon.colcon_core.package_identification:_identify(src) by extension 'python_setup_py'
[0.232s] Level 1:colcon.colcon_core.package_identification:_identify(src/mining_bot_autonomous) by extensions ['ignore', 'ignore_ament_install']
[0.232s] Level 1:colcon.colcon_core.package_identification:_identify(src/mining_bot_autonomous) by extension 'ignore'
[0.232s] Level 1:colcon.colcon_core.package_identification:_identify(src/mining_bot_autonomous) by extension 'ignore_ament_install'
[0.232s] Level 1:colcon.colcon_core.package_identification:_identify(src/mining_bot_autonomous) by extensions ['colcon_pkg']
[0.232s] Level 1:colcon.colcon_core.package_identification:_identify(src/mining_bot_autonomous) by extension 'colcon_pkg'
[0.232s] Level 1:colcon.colcon_core.package_identification:_identify(src/mining_bot_autonomous) by extensions ['colcon_meta']
[0.232s] Level 1:colcon.colcon_core.package_identification:_identify(src/mining_bot_autonomous) by extension 'colcon_meta'
[0.232s] Level 1:colcon.colcon_core.package_identification:_identify(src/mining_bot_autonomous) by extensions ['ros']
[0.232s] Level 1:colcon.colcon_core.package_identification:_identify(src/mining_bot_autonomous) by extension 'ros'
[0.233s] DEBUG:colcon.colcon_core.package_identification:Package 'src/mining_bot_autonomous' with type 'ros.ament_cmake' and name 'mining_bot_autonomous'
[0.233s] Level 1:colcon.colcon_core.package_identification:_identify(src/mining_bot_base) by extensions ['ignore', 'ignore_ament_install']
[0.233s] Level 1:colcon.colcon_core.package_identification:_identify(src/mining_bot_base) by extension 'ignore'
[0.233s] Level 1:colcon.colcon_core.package_identification:_identify(src/mining_bot_base) by extension 'ignore_ament_install'
[0.233s] Level 1:colcon.colcon_core.package_identification:_identify(src/mining_bot_base) by extensions ['colcon_pkg']
[0.233s] Level 1:colcon.colcon_core.package_identification:_identify(src/mining_bot_base) by extension 'colcon_pkg'
[0.233s] Level 1:colcon.colcon_core.package_identification:_identify(src/mining_bot_base) by extensions ['colcon_meta']
[0.233s] Level 1:colcon.colcon_core.package_identification:_identify(src/mining_bot_base) by extension 'colcon_meta'
[0.233s] Level 1:colcon.colcon_core.package_identification:_identify(src/mining_bot_base) by extensions ['ros']
[0.233s] Level 1:colcon.colcon_core.package_identification:_identify(src/mining_bot_base) by extension 'ros'
[0.234s] DEBUG:colcon.colcon_core.package_identification:Package 'src/mining_bot_base' with type 'ros.ament_cmake' and name 'mining_bot_base'
[0.234s] Level 1:colcon.colcon_core.package_discovery:discover_packages(recursive) using defaults
[0.234s] Level 1:colcon.colcon_core.package_discovery:discover_packages(ignore) discover
[0.234s] Level 1:colcon.colcon_core.package_discovery:discover_packages(ignore) using defaults
[0.234s] Level 1:colcon.colcon_core.package_discovery:discover_packages(path) discover
[0.234s] Level 1:colcon.colcon_core.package_discovery:discover_packages(path) using defaults
[0.249s] Level 1:colcon.colcon_core.package_discovery:discover_packages(prefix_path) check parameters
[0.249s] Level 1:colcon.colcon_core.package_discovery:discover_packages(prefix_path) discover
[0.250s] DEBUG:colcon.colcon_installed_package_information.package_discovery:Found 372 installed packages in /opt/ros/humble
[0.251s] Level 1:colcon.colcon_core.package_discovery:discover_packages(prefix_path) using defaults
[0.272s] Level 5:colcon.colcon_core.verb:set package 'mining_bot_autonomous' build argument 'cmake_args' from command line to 'None'
[0.272s] Level 5:colcon.colcon_core.verb:set package 'mining_bot_autonomous' build argument 'cmake_target' from command line to 'None'
[0.272s] Level 5:colcon.colcon_core.verb:set package 'mining_bot_autonomous' build argument 'cmake_target_skip_unavailable' from command line to 'False'
[0.272s] Level 5:colcon.colcon_core.verb:set package 'mining_bot_autonomous' build argument 'cmake_clean_cache' from command line to 'False'
[0.272s] Level 5:colcon.colcon_core.verb:set package 'mining_bot_autonomous' build argument 'cmake_clean_first' from command line to 'False'
[0.272s] Level 5:colcon.colcon_core.verb:set package 'mining_bot_autonomous' build argument 'cmake_force_configure' from command line to 'False'
[0.272s] Level 5:colcon.colcon_core.verb:set package 'mining_bot_autonomous' build argument 'ament_cmake_args' from command line to 'None'
[0.272s] Level 5:colcon.colcon_core.verb:set package 'mining_bot_autonomous' build argument 'catkin_cmake_args' from command line to 'None'
[0.273s] Level 5:colcon.colcon_core.verb:set package 'mining_bot_autonomous' build argument 'catkin_skip_building_tests' from command line to 'False'
[0.273s] DEBUG:colcon.colcon_core.verb:Building package 'mining_bot_autonomous' with the following arguments: {'ament_cmake_args': None, 'build_base': '/home/jaych/robotics/Lunabotics2024-ROS/build/mining_bot_autonomous', 'catkin_cmake_args': None, 'catkin_skip_building_tests': False, 'cmake_args': None, 'cmake_clean_cache': False, 'cmake_clean_first': False, 'cmake_force_configure': False, 'cmake_target': None, 'cmake_target_skip_unavailable': False, 'install_base': '/home/jaych/robotics/Lunabotics2024-ROS/install/mining_bot_autonomous', 'merge_install': False, 'path': '/home/jaych/robotics/Lunabotics2024-ROS/src/mining_bot_autonomous', 'symlink_install': False, 'test_result_base': None}
[0.273s] Level 5:colcon.colcon_core.verb:set package 'mining_bot_base' build argument 'cmake_args' from command line to 'None'
[0.273s] Level 5:colcon.colcon_core.verb:set package 'mining_bot_base' build argument 'cmake_target' from command line to 'None'
[0.273s] Level 5:colcon.colcon_core.verb:set package 'mining_bot_base' build argument 'cmake_target_skip_unavailable' from command line to 'False'
[0.273s] Level 5:colcon.colcon_core.verb:set package 'mining_bot_base' build argument 'cmake_clean_cache' from command line to 'False'
[0.273s] Level 5:colcon.colcon_core.verb:set package 'mining_bot_base' build argument 'cmake_clean_first' from command line to 'False'
[0.273s] Level 5:colcon.colcon_core.verb:set package 'mining_bot_base' build argument 'cmake_force_configure' from command line to 'False'
[0.273s] Level 5:colcon.colcon_core.verb:set package 'mining_bot_base' build argument 'ament_cmake_args' from command line to 'None'
[0.273s] Level 5:colcon.colcon_core.verb:set package 'mining_bot_base' build argument 'catkin_cmake_args' from command line to 'None'
[0.273s] Level 5:colcon.colcon_core.verb:set package 'mining_bot_base' build argument 'catkin_skip_building_tests' from command line to 'False'
[0.273s] DEBUG:colcon.colcon_core.verb:Building package 'mining_bot_base' with the following arguments: {'ament_cmake_args': None, 'build_base': '/home/jaych/robotics/Lunabotics2024-ROS/build/mining_bot_base', 'catkin_cmake_args': None, 'catkin_skip_building_tests': False, 'cmake_args': None, 'cmake_clean_cache': False, 'cmake_clean_first': False, 'cmake_force_configure': False, 'cmake_target': None, 'cmake_target_skip_unavailable': False, 'install_base': '/home/jaych/robotics/Lunabotics2024-ROS/install/mining_bot_base', 'merge_install': False, 'path': '/home/jaych/robotics/Lunabotics2024-ROS/src/mining_bot_base', 'symlink_install': False, 'test_result_base': None}
[0.273s] INFO:colcon.colcon_core.executor:Executing jobs using 'parallel' executor
[0.274s] DEBUG:colcon.colcon_parallel_executor.executor.parallel:run_until_complete
[0.274s] INFO:colcon.colcon_ros.task.ament_cmake.build:Building ROS package in '/home/jaych/robotics/Lunabotics2024-ROS/src/mining_bot_autonomous' with build type 'ament_cmake'
[0.274s] INFO:colcon.colcon_cmake.task.cmake.build:Building CMake package in '/home/jaych/robotics/Lunabotics2024-ROS/src/mining_bot_autonomous'
[0.275s] INFO:colcon.colcon_core.plugin_system:Skipping extension 'colcon_core.shell.bat': Not used on non-Windows systems
[0.275s] INFO:colcon.colcon_core.shell:Skip shell extension 'powershell' for command environment: Not usable outside of PowerShell
[0.275s] DEBUG:colcon.colcon_core.shell:Skip shell extension 'dsv' for command environment
[0.278s] INFO:colcon.colcon_ros.task.ament_cmake.build:Building ROS package in '/home/jaych/robotics/Lunabotics2024-ROS/src/mining_bot_base' with build type 'ament_cmake'
[0.278s] INFO:colcon.colcon_cmake.task.cmake.build:Building CMake package in '/home/jaych/robotics/Lunabotics2024-ROS/src/mining_bot_base'
[0.278s] INFO:colcon.colcon_core.shell:Skip shell extension 'powershell' for command environment: Not usable outside of PowerShell
[0.278s] DEBUG:colcon.colcon_core.shell:Skip shell extension 'dsv' for command environment
[0.287s] DEBUG:colcon.colcon_core.event_handler.log_command:Invoking command in '/home/jaych/robotics/Lunabotics2024-ROS/build/mining_bot_autonomous': CMAKE_PREFIX_PATH=/opt/ros/humble /usr/bin/cmake /home/jaych/robotics/Lunabotics2024-ROS/src/mining_bot_autonomous -DCMAKE_INSTALL_PREFIX=/home/jaych/robotics/Lunabotics2024-ROS/install/mining_bot_autonomous
[0.293s] DEBUG:colcon.colcon_core.event_handler.log_command:Invoking command in '/home/jaych/robotics/Lunabotics2024-ROS/build/mining_bot_base': CMAKE_PREFIX_PATH=/opt/ros/humble /usr/bin/cmake /home/jaych/robotics/Lunabotics2024-ROS/src/mining_bot_base -DCMAKE_INSTALL_PREFIX=/home/jaych/robotics/Lunabotics2024-ROS/install/mining_bot_base
[4.129s] DEBUG:colcon.colcon_core.event_handler.log_command:Invoked command in '/home/jaych/robotics/Lunabotics2024-ROS/build/mining_bot_autonomous' returned '0': CMAKE_PREFIX_PATH=/opt/ros/humble /usr/bin/cmake /home/jaych/robotics/Lunabotics2024-ROS/src/mining_bot_autonomous -DCMAKE_INSTALL_PREFIX=/home/jaych/robotics/Lunabotics2024-ROS/install/mining_bot_autonomous
[4.129s] DEBUG:colcon.colcon_core.event_handler.log_command:Invoking command in '/home/jaych/robotics/Lunabotics2024-ROS/build/mining_bot_autonomous': CMAKE_PREFIX_PATH=/opt/ros/humble /usr/bin/cmake --build /home/jaych/robotics/Lunabotics2024-ROS/build/mining_bot_autonomous -- -j20 -l20
[4.147s] DEBUG:colcon.colcon_core.event_handler.log_command:Invoked command in '/home/jaych/robotics/Lunabotics2024-ROS/build/mining_bot_autonomous' returned '0': CMAKE_PREFIX_PATH=/opt/ros/humble /usr/bin/cmake --build /home/jaych/robotics/Lunabotics2024-ROS/build/mining_bot_autonomous -- -j20 -l20
[4.151s] DEBUG:colcon.colcon_core.event_handler.log_command:Invoking command in '/home/jaych/robotics/Lunabotics2024-ROS/build/mining_bot_autonomous': CMAKE_PREFIX_PATH=/opt/ros/humble /usr/bin/cmake --install /home/jaych/robotics/Lunabotics2024-ROS/build/mining_bot_autonomous
[4.156s] Level 1:colcon.colcon_core.environment:create_environment_scripts_only(mining_bot_autonomous)
[4.157s] DEBUG:colcon.colcon_core.event_handler.log_command:Invoked command in '/home/jaych/robotics/Lunabotics2024-ROS/build/mining_bot_autonomous' returned '0': CMAKE_PREFIX_PATH=/opt/ros/humble /usr/bin/cmake --install /home/jaych/robotics/Lunabotics2024-ROS/build/mining_bot_autonomous
[4.158s] Level 1:colcon.colcon_core.environment:checking '/home/jaych/robotics/Lunabotics2024-ROS/install/mining_bot_autonomous' for CMake module files
[4.158s] Level 1:colcon.colcon_core.environment:checking '/home/jaych/robotics/Lunabotics2024-ROS/install/mining_bot_autonomous' for CMake config files
[4.158s] Level 1:colcon.colcon_core.shell:create_environment_hook('mining_bot_autonomous', 'cmake_prefix_path')
[4.158s] INFO:colcon.colcon_core.shell:Creating environment hook '/home/jaych/robotics/Lunabotics2024-ROS/install/mining_bot_autonomous/share/mining_bot_autonomous/hook/cmake_prefix_path.ps1'
[4.159s] INFO:colcon.colcon_core.shell:Creating environment descriptor '/home/jaych/robotics/Lunabotics2024-ROS/install/mining_bot_autonomous/share/mining_bot_autonomous/hook/cmake_prefix_path.dsv'
[4.159s] INFO:colcon.colcon_core.shell:Creating environment hook '/home/jaych/robotics/Lunabotics2024-ROS/install/mining_bot_autonomous/share/mining_bot_autonomous/hook/cmake_prefix_path.sh'
[4.159s] Level 1:colcon.colcon_core.environment:checking '/home/jaych/robotics/Lunabotics2024-ROS/install/mining_bot_autonomous/bin'
[4.159s] Level 1:colcon.colcon_core.environment:checking '/home/jaych/robotics/Lunabotics2024-ROS/install/mining_bot_autonomous/lib/pkgconfig/mining_bot_autonomous.pc'
[4.160s] Level 1:colcon.colcon_core.environment:checking '/home/jaych/robotics/Lunabotics2024-ROS/install/mining_bot_autonomous/lib/python3.10/site-packages'
[4.160s] Level 1:colcon.colcon_core.environment:checking '/home/jaych/robotics/Lunabotics2024-ROS/install/mining_bot_autonomous/bin'
[4.160s] INFO:colcon.colcon_core.shell:Creating package script '/home/jaych/robotics/Lunabotics2024-ROS/install/mining_bot_autonomous/share/mining_bot_autonomous/package.ps1'
[4.160s] INFO:colcon.colcon_core.shell:Creating package descriptor '/home/jaych/robotics/Lunabotics2024-ROS/install/mining_bot_autonomous/share/mining_bot_autonomous/package.dsv'
[4.161s] INFO:colcon.colcon_core.shell:Creating package script '/home/jaych/robotics/Lunabotics2024-ROS/install/mining_bot_autonomous/share/mining_bot_autonomous/package.sh'
[4.161s] INFO:colcon.colcon_core.shell:Creating package script '/home/jaych/robotics/Lunabotics2024-ROS/install/mining_bot_autonomous/share/mining_bot_autonomous/package.bash'
[4.161s] INFO:colcon.colcon_core.shell:Creating package script '/home/jaych/robotics/Lunabotics2024-ROS/install/mining_bot_autonomous/share/mining_bot_autonomous/package.zsh'
[4.162s] Level 1:colcon.colcon_core.environment:create_file_with_runtime_dependencies(/home/jaych/robotics/Lunabotics2024-ROS/install/mining_bot_autonomous/share/colcon-core/packages/mining_bot_autonomous)
[4.162s] Level 1:colcon.colcon_core.environment:create_environment_scripts_only(mining_bot_autonomous)
[4.162s] Level 1:colcon.colcon_core.environment:checking '/home/jaych/robotics/Lunabotics2024-ROS/install/mining_bot_autonomous' for CMake module files
[4.162s] Level 1:colcon.colcon_core.environment:checking '/home/jaych/robotics/Lunabotics2024-ROS/install/mining_bot_autonomous' for CMake config files
[4.163s] Level 1:colcon.colcon_core.shell:create_environment_hook('mining_bot_autonomous', 'cmake_prefix_path')
[4.163s] INFO:colcon.colcon_core.shell:Creating environment hook '/home/jaych/robotics/Lunabotics2024-ROS/install/mining_bot_autonomous/share/mining_bot_autonomous/hook/cmake_prefix_path.ps1'
[4.163s] INFO:colcon.colcon_core.shell:Creating environment descriptor '/home/jaych/robotics/Lunabotics2024-ROS/install/mining_bot_autonomous/share/mining_bot_autonomous/hook/cmake_prefix_path.dsv'
[4.163s] INFO:colcon.colcon_core.shell:Creating environment hook '/home/jaych/robotics/Lunabotics2024-ROS/install/mining_bot_autonomous/share/mining_bot_autonomous/hook/cmake_prefix_path.sh'
[4.163s] Level 1:colcon.colcon_core.environment:checking '/home/jaych/robotics/Lunabotics2024-ROS/install/mining_bot_autonomous/bin'
[4.163s] Level 1:colcon.colcon_core.environment:checking '/home/jaych/robotics/Lunabotics2024-ROS/install/mining_bot_autonomous/lib/pkgconfig/mining_bot_autonomous.pc'
[4.164s] Level 1:colcon.colcon_core.environment:checking '/home/jaych/robotics/Lunabotics2024-ROS/install/mining_bot_autonomous/lib/python3.10/site-packages'
[4.164s] Level 1:colcon.colcon_core.environment:checking '/home/jaych/robotics/Lunabotics2024-ROS/install/mining_bot_autonomous/bin'
[4.164s] INFO:colcon.colcon_core.shell:Creating package script '/home/jaych/robotics/Lunabotics2024-ROS/install/mining_bot_autonomous/share/mining_bot_autonomous/package.ps1'
[4.164s] INFO:colcon.colcon_core.shell:Creating package descriptor '/home/jaych/robotics/Lunabotics2024-ROS/install/mining_bot_autonomous/share/mining_bot_autonomous/package.dsv'
[4.164s] INFO:colcon.colcon_core.shell:Creating package script '/home/jaych/robotics/Lunabotics2024-ROS/install/mining_bot_autonomous/share/mining_bot_autonomous/package.sh'
[4.165s] INFO:colcon.colcon_core.shell:Creating package script '/home/jaych/robotics/Lunabotics2024-ROS/install/mining_bot_autonomous/share/mining_bot_autonomous/package.bash'
[4.165s] INFO:colcon.colcon_core.shell:Creating package script '/home/jaych/robotics/Lunabotics2024-ROS/install/mining_bot_autonomous/share/mining_bot_autonomous/package.zsh'
[4.165s] Level 1:colcon.colcon_core.environment:create_file_with_runtime_dependencies(/home/jaych/robotics/Lunabotics2024-ROS/install/mining_bot_autonomous/share/colcon-core/packages/mining_bot_autonomous)
[5.490s] DEBUG:colcon.colcon_core.event_handler.log_command:Invoked command in '/home/jaych/robotics/Lunabotics2024-ROS/build/mining_bot_base' returned '0': CMAKE_PREFIX_PATH=/opt/ros/humble /usr/bin/cmake /home/jaych/robotics/Lunabotics2024-ROS/src/mining_bot_base -DCMAKE_INSTALL_PREFIX=/home/jaych/robotics/Lunabotics2024-ROS/install/mining_bot_base
[5.492s] DEBUG:colcon.colcon_core.event_handler.log_command:Invoking command in '/home/jaych/robotics/Lunabotics2024-ROS/build/mining_bot_base': CMAKE_PREFIX_PATH=/opt/ros/humble /usr/bin/cmake --build /home/jaych/robotics/Lunabotics2024-ROS/build/mining_bot_base -- -j20 -l20
[5.509s] DEBUG:colcon.colcon_core.event_handler.log_command:Invoked command in '/home/jaych/robotics/Lunabotics2024-ROS/build/mining_bot_base' returned '0': CMAKE_PREFIX_PATH=/opt/ros/humble /usr/bin/cmake --build /home/jaych/robotics/Lunabotics2024-ROS/build/mining_bot_base -- -j20 -l20
[5.511s] DEBUG:colcon.colcon_core.event_handler.log_command:Invoking command in '/home/jaych/robotics/Lunabotics2024-ROS/build/mining_bot_base': CMAKE_PREFIX_PATH=/opt/ros/humble /usr/bin/cmake --install /home/jaych/robotics/Lunabotics2024-ROS/build/mining_bot_base
[5.516s] Level 1:colcon.colcon_core.environment:create_environment_scripts_only(mining_bot_base)
[5.516s] DEBUG:colcon.colcon_core.event_handler.log_command:Invoked command in '/home/jaych/robotics/Lunabotics2024-ROS/build/mining_bot_base' returned '0': CMAKE_PREFIX_PATH=/opt/ros/humble /usr/bin/cmake --install /home/jaych/robotics/Lunabotics2024-ROS/build/mining_bot_base
[5.516s] Level 1:colcon.colcon_core.environment:checking '/home/jaych/robotics/Lunabotics2024-ROS/install/mining_bot_base' for CMake module files
[5.516s] Level 1:colcon.colcon_core.environment:checking '/home/jaych/robotics/Lunabotics2024-ROS/install/mining_bot_base' for CMake config files
[5.516s] Level 1:colcon.colcon_core.shell:create_environment_hook('mining_bot_base', 'cmake_prefix_path')
[5.516s] INFO:colcon.colcon_core.shell:Creating environment hook '/home/jaych/robotics/Lunabotics2024-ROS/install/mining_bot_base/share/mining_bot_base/hook/cmake_prefix_path.ps1'
[5.517s] INFO:colcon.colcon_core.shell:Creating environment descriptor '/home/jaych/robotics/Lunabotics2024-ROS/install/mining_bot_base/share/mining_bot_base/hook/cmake_prefix_path.dsv'
[5.517s] INFO:colcon.colcon_core.shell:Creating environment hook '/home/jaych/robotics/Lunabotics2024-ROS/install/mining_bot_base/share/mining_bot_base/hook/cmake_prefix_path.sh'
[5.517s] Level 1:colcon.colcon_core.environment:checking '/home/jaych/robotics/Lunabotics2024-ROS/install/mining_bot_base/bin'
[5.517s] Level 1:colcon.colcon_core.environment:checking '/home/jaych/robotics/Lunabotics2024-ROS/install/mining_bot_base/lib/pkgconfig/mining_bot_base.pc'
[5.517s] Level 1:colcon.colcon_core.environment:checking '/home/jaych/robotics/Lunabotics2024-ROS/install/mining_bot_base/lib/python3.10/site-packages'
[5.518s] Level 1:colcon.colcon_core.environment:checking '/home/jaych/robotics/Lunabotics2024-ROS/install/mining_bot_base/bin'
[5.518s] INFO:colcon.colcon_core.shell:Creating package script '/home/jaych/robotics/Lunabotics2024-ROS/install/mining_bot_base/share/mining_bot_base/package.ps1'
[5.519s] INFO:colcon.colcon_core.shell:Creating package descriptor '/home/jaych/robotics/Lunabotics2024-ROS/install/mining_bot_base/share/mining_bot_base/package.dsv'
[5.520s] INFO:colcon.colcon_core.shell:Creating package script '/home/jaych/robotics/Lunabotics2024-ROS/install/mining_bot_base/share/mining_bot_base/package.sh'
[5.520s] INFO:colcon.colcon_core.shell:Creating package script '/home/jaych/robotics/Lunabotics2024-ROS/install/mining_bot_base/share/mining_bot_base/package.bash'
[5.520s] INFO:colcon.colcon_core.shell:Creating package script '/home/jaych/robotics/Lunabotics2024-ROS/install/mining_bot_base/share/mining_bot_base/package.zsh'
[5.520s] Level 1:colcon.colcon_core.environment:create_file_with_runtime_dependencies(/home/jaych/robotics/Lunabotics2024-ROS/install/mining_bot_base/share/colcon-core/packages/mining_bot_base)
[5.520s] Level 1:colcon.colcon_core.environment:create_environment_scripts_only(mining_bot_base)
[5.521s] Level 1:colcon.colcon_core.environment:checking '/home/jaych/robotics/Lunabotics2024-ROS/install/mining_bot_base' for CMake module files
[5.521s] Level 1:colcon.colcon_core.environment:checking '/home/jaych/robotics/Lunabotics2024-ROS/install/mining_bot_base' for CMake config files
[5.521s] Level 1:colcon.colcon_core.shell:create_environment_hook('mining_bot_base', 'cmake_prefix_path')
[5.521s] INFO:colcon.colcon_core.shell:Creating environment hook '/home/jaych/robotics/Lunabotics2024-ROS/install/mining_bot_base/share/mining_bot_base/hook/cmake_prefix_path.ps1'
[5.521s] INFO:colcon.colcon_core.shell:Creating environment descriptor '/home/jaych/robotics/Lunabotics2024-ROS/install/mining_bot_base/share/mining_bot_base/hook/cmake_prefix_path.dsv'
[5.521s] INFO:colcon.colcon_core.shell:Creating environment hook '/home/jaych/robotics/Lunabotics2024-ROS/install/mining_bot_base/share/mining_bot_base/hook/cmake_prefix_path.sh'
[5.522s] Level 1:colcon.colcon_core.environment:checking '/home/jaych/robotics/Lunabotics2024-ROS/install/mining_bot_base/bin'
[5.522s] Level 1:colcon.colcon_core.environment:checking '/home/jaych/robotics/Lunabotics2024-ROS/install/mining_bot_base/lib/pkgconfig/mining_bot_base.pc'
[5.522s] Level 1:colcon.colcon_core.environment:checking '/home/jaych/robotics/Lunabotics2024-ROS/install/mining_bot_base/lib/python3.10/site-packages'
[5.522s] Level 1:colcon.colcon_core.environment:checking '/home/jaych/robotics/Lunabotics2024-ROS/install/mining_bot_base/bin'
[5.522s] INFO:colcon.colcon_core.shell:Creating package script '/home/jaych/robotics/Lunabotics2024-ROS/install/mining_bot_base/share/mining_bot_base/package.ps1'
[5.522s] INFO:colcon.colcon_core.shell:Creating package descriptor '/home/jaych/robotics/Lunabotics2024-ROS/install/mining_bot_base/share/mining_bot_base/package.dsv'
[5.523s] INFO:colcon.colcon_core.shell:Creating package script '/home/jaych/robotics/Lunabotics2024-ROS/install/mining_bot_base/share/mining_bot_base/package.sh'
[5.523s] INFO:colcon.colcon_core.shell:Creating package script '/home/jaych/robotics/Lunabotics2024-ROS/install/mining_bot_base/share/mining_bot_base/package.bash'
[5.523s] INFO:colcon.colcon_core.shell:Creating package script '/home/jaych/robotics/Lunabotics2024-ROS/install/mining_bot_base/share/mining_bot_base/package.zsh'
[5.523s] Level 1:colcon.colcon_core.environment:create_file_with_runtime_dependencies(/home/jaych/robotics/Lunabotics2024-ROS/install/mining_bot_base/share/colcon-core/packages/mining_bot_base)
[5.524s] DEBUG:colcon.colcon_parallel_executor.executor.parallel:closing loop
[5.524s] DEBUG:colcon.colcon_parallel_executor.executor.parallel:loop closed
[5.524s] DEBUG:colcon.colcon_parallel_executor.executor.parallel:run_until_complete finished with '0'
[5.524s] DEBUG:colcon.colcon_core.event_reactor:joining thread
[5.561s] INFO:colcon.colcon_core.plugin_system:Skipping extension 'colcon_notification.desktop_notification.notify_send': Could not find 'notify-send'
[5.561s] INFO:colcon.colcon_core.plugin_system:Skipping extension 'colcon_notification.desktop_notification.terminal_notifier': Not used on non-Darwin systems
[5.561s] INFO:colcon.colcon_core.plugin_system:Skipping extension 'colcon_notification.desktop_notification.win32': Not used on non-Windows systems
[5.561s] INFO:colcon.colcon_notification.desktop_notification:Sending desktop notification using 'notify2'
[5.561s] DEBUG:colcon.colcon_notification.desktop_notification.notify2:Failed to initialize notify2: org.freedesktop.DBus.Error.FileNotFound: Failed to connect to socket /run/user/1000/bus: No such file or directory
[5.561s] DEBUG:colcon.colcon_core.event_reactor:joined thread
[5.562s] INFO:colcon.colcon_core.shell:Creating prefix script '/home/jaych/robotics/Lunabotics2024-ROS/install/local_setup.ps1'
[5.562s] INFO:colcon.colcon_core.shell:Creating prefix util module '/home/jaych/robotics/Lunabotics2024-ROS/install/_local_setup_util_ps1.py'
[5.563s] INFO:colcon.colcon_core.shell:Creating prefix chain script '/home/jaych/robotics/Lunabotics2024-ROS/install/setup.ps1'
[5.563s] INFO:colcon.colcon_core.shell:Creating prefix script '/home/jaych/robotics/Lunabotics2024-ROS/install/local_setup.sh'
[5.564s] INFO:colcon.colcon_core.shell:Creating prefix util module '/home/jaych/robotics/Lunabotics2024-ROS/install/_local_setup_util_sh.py'
[5.564s] INFO:colcon.colcon_core.shell:Creating prefix chain script '/home/jaych/robotics/Lunabotics2024-ROS/install/setup.sh'
[5.564s] INFO:colcon.colcon_core.shell:Creating prefix script '/home/jaych/robotics/Lunabotics2024-ROS/install/local_setup.bash'
[5.565s] INFO:colcon.colcon_core.shell:Creating prefix chain script '/home/jaych/robotics/Lunabotics2024-ROS/install/setup.bash'
[5.565s] INFO:colcon.colcon_core.shell:Creating prefix script '/home/jaych/robotics/Lunabotics2024-ROS/install/local_setup.zsh'
[5.567s] INFO:colcon.colcon_core.shell:Creating prefix chain script '/home/jaych/robotics/Lunabotics2024-ROS/install/setup.zsh'
