[0.086s] DEBUG:colcon:Command line arguments: ['/usr/bin/colcon', 'build']
[0.086s] DEBUG:colcon:Parsed command line arguments: Namespace(log_base=None, log_level=None, verb_name='build', build_base='build', install_base='install', merge_install=False, symlink_install=False, test_result_base=None, continue_on_error=False, executor='parallel', parallel_workers=24, event_handlers=None, ignore_user_meta=False, metas=['./colcon.meta'], base_paths=['.'], packages_ignore=None, packages_ignore_regex=None, paths=None, packages_up_to=None, packages_up_to_regex=None, packages_above=None, packages_above_and_dependencies=None, packages_above_depth=None, packages_select_by_dep=None, packages_skip_by_dep=None, packages_skip_up_to=None, packages_select_build_failed=False, packages_skip_build_finished=False, packages_select_test_failures=False, packages_skip_test_passed=False, packages_select=None, packages_skip=None, packages_select_regex=None, packages_skip_regex=None, packages_start=None, packages_end=None, allow_overriding=[], cmake_args=None, cmake_target=None, cmake_target_skip_unavailable=False, cmake_clean_cache=False, cmake_clean_first=False, cmake_force_configure=False, ament_cmake_args=None, catkin_cmake_args=None, catkin_skip_building_tests=False, mixin_files=None, mixin=None, verb_parser=<colcon_mixin.mixin.mixin_argument.MixinArgumentDecorator object at 0x7fd82cdce2f0>, verb_extension=<colcon_core.verb.build.BuildVerb object at 0x7fd82cf46f80>, main=<bound method BuildVerb.main of <colcon_core.verb.build.BuildVerb object at 0x7fd82cf46f80>>, mixin_verb=('build',))
[0.153s] Level 1:colcon.colcon_core.package_discovery:discover_packages(colcon_meta) check parameters
[0.153s] Level 1:colcon.colcon_core.package_discovery:discover_packages(recursive) check parameters
[0.153s] Level 1:colcon.colcon_core.package_discovery:discover_packages(ignore) check parameters
[0.153s] Level 1:colcon.colcon_core.package_discovery:discover_packages(path) check parameters
[0.153s] Level 1:colcon.colcon_core.package_discovery:discover_packages(colcon_meta) discover
[0.154s] Level 1:colcon.colcon_core.package_discovery:discover_packages(recursive) discover
[0.154s] INFO:colcon.colcon_core.package_discovery:Crawling recursively for packages in '/home/jayhaych02/robotics/Lunabotics2024-ROS'
[0.154s] Level 1:colcon.colcon_core.package_identification:_identify(.) by extensions ['ignore', 'ignore_ament_install']
[0.154s] Level 1:colcon.colcon_core.package_identification:_identify(.) by extension 'ignore'
[0.154s] Level 1:colcon.colcon_core.package_identification:_identify(.) by extension 'ignore_ament_install'
[0.154s] Level 1:colcon.colcon_core.package_identification:_identify(.) by extensions ['colcon_pkg']
[0.154s] Level 1:colcon.colcon_core.package_identification:_identify(.) by extension 'colcon_pkg'
[0.154s] Level 1:colcon.colcon_core.package_identification:_identify(.) by extensions ['colcon_meta']
[0.154s] Level 1:colcon.colcon_core.package_identification:_identify(.) by extension 'colcon_meta'
[0.154s] Level 1:colcon.colcon_core.package_identification:_identify(.) by extensions ['ros']
[0.154s] Level 1:colcon.colcon_core.package_identification:_identify(.) by extension 'ros'
[0.159s] Level 1:colcon.colcon_core.package_identification:_identify(.) by extensions ['cmake', 'python']
[0.159s] Level 1:colcon.colcon_core.package_identification:_identify(.) by extension 'cmake'
[0.159s] Level 1:colcon.colcon_core.package_identification:_identify(.) by extension 'python'
[0.159s] Level 1:colcon.colcon_core.package_identification:_identify(.) by extensions ['python_setup_py']
[0.159s] Level 1:colcon.colcon_core.package_identification:_identify(.) by extension 'python_setup_py'
[0.159s] Level 1:colcon.colcon_core.package_identification:_identify(build) by extensions ['ignore', 'ignore_ament_install']
[0.159s] Level 1:colcon.colcon_core.package_identification:_identify(build) by extension 'ignore'
[0.159s] Level 1:colcon.colcon_core.package_identification:_identify(build) ignored
[0.159s] Level 1:colcon.colcon_core.package_identification:_identify(install) by extensions ['ignore', 'ignore_ament_install']
[0.159s] Level 1:colcon.colcon_core.package_identification:_identify(install) by extension 'ignore'
[0.159s] Level 1:colcon.colcon_core.package_identification:_identify(install) ignored
[0.160s] Level 1:colcon.colcon_core.package_identification:_identify(log) by extensions ['ignore', 'ignore_ament_install']
[0.160s] Level 1:colcon.colcon_core.package_identification:_identify(log) by extension 'ignore'
[0.160s] Level 1:colcon.colcon_core.package_identification:_identify(log) ignored
[0.160s] Level 1:colcon.colcon_core.package_identification:_identify(src) by extensions ['ignore', 'ignore_ament_install']
[0.160s] Level 1:colcon.colcon_core.package_identification:_identify(src) by extension 'ignore'
[0.160s] Level 1:colcon.colcon_core.package_identification:_identify(src) by extension 'ignore_ament_install'
[0.160s] Level 1:colcon.colcon_core.package_identification:_identify(src) by extensions ['colcon_pkg']
[0.160s] Level 1:colcon.colcon_core.package_identification:_identify(src) by extension 'colcon_pkg'
[0.160s] Level 1:colcon.colcon_core.package_identification:_identify(src) by extensions ['colcon_meta']
[0.160s] Level 1:colcon.colcon_core.package_identification:_identify(src) by extension 'colcon_meta'
[0.160s] Level 1:colcon.colcon_core.package_identification:_identify(src) by extensions ['ros']
[0.160s] Level 1:colcon.colcon_core.package_identification:_identify(src) by extension 'ros'
[0.160s] Level 1:colcon.colcon_core.package_identification:_identify(src) by extensions ['cmake', 'python']
[0.160s] Level 1:colcon.colcon_core.package_identification:_identify(src) by extension 'cmake'
[0.160s] Level 1:colcon.colcon_core.package_identification:_identify(src) by extension 'python'
[0.160s] Level 1:colcon.colcon_core.package_identification:_identify(src) by extensions ['python_setup_py']
[0.160s] Level 1:colcon.colcon_core.package_identification:_identify(src) by extension 'python_setup_py'
[0.160s] Level 1:colcon.colcon_core.package_identification:_identify(src/mining_bot_autonomous) by extensions ['ignore', 'ignore_ament_install']
[0.160s] Level 1:colcon.colcon_core.package_identification:_identify(src/mining_bot_autonomous) by extension 'ignore'
[0.160s] Level 1:colcon.colcon_core.package_identification:_identify(src/mining_bot_autonomous) by extension 'ignore_ament_install'
[0.160s] Level 1:colcon.colcon_core.package_identification:_identify(src/mining_bot_autonomous) by extensions ['colcon_pkg']
[0.160s] Level 1:colcon.colcon_core.package_identification:_identify(src/mining_bot_autonomous) by extension 'colcon_pkg'
[0.160s] Level 1:colcon.colcon_core.package_identification:_identify(src/mining_bot_autonomous) by extensions ['colcon_meta']
[0.160s] Level 1:colcon.colcon_core.package_identification:_identify(src/mining_bot_autonomous) by extension 'colcon_meta'
[0.160s] Level 1:colcon.colcon_core.package_identification:_identify(src/mining_bot_autonomous) by extensions ['ros']
[0.160s] Level 1:colcon.colcon_core.package_identification:_identify(src/mining_bot_autonomous) by extension 'ros'
[0.161s] DEBUG:colcon.colcon_core.package_identification:Package 'src/mining_bot_autonomous' with type 'ros.ament_cmake' and name 'mining_bot_autonomous'
[0.161s] Level 1:colcon.colcon_core.package_identification:_identify(src/mining_bot_base) by extensions ['ignore', 'ignore_ament_install']
[0.161s] Level 1:colcon.colcon_core.package_identification:_identify(src/mining_bot_base) by extension 'ignore'
[0.162s] Level 1:colcon.colcon_core.package_identification:_identify(src/mining_bot_base) by extension 'ignore_ament_install'
[0.162s] Level 1:colcon.colcon_core.package_identification:_identify(src/mining_bot_base) by extensions ['colcon_pkg']
[0.162s] Level 1:colcon.colcon_core.package_identification:_identify(src/mining_bot_base) by extension 'colcon_pkg'
[0.162s] Level 1:colcon.colcon_core.package_identification:_identify(src/mining_bot_base) by extensions ['colcon_meta']
[0.162s] Level 1:colcon.colcon_core.package_identification:_identify(src/mining_bot_base) by extension 'colcon_meta'
[0.162s] Level 1:colcon.colcon_core.package_identification:_identify(src/mining_bot_base) by extensions ['ros']
[0.162s] Level 1:colcon.colcon_core.package_identification:_identify(src/mining_bot_base) by extension 'ros'
[0.162s] DEBUG:colcon.colcon_core.package_identification:Package 'src/mining_bot_base' with type 'ros.ament_cmake' and name 'mining_bot_base'
[0.162s] Level 1:colcon.colcon_core.package_discovery:discover_packages(recursive) using defaults
[0.162s] Level 1:colcon.colcon_core.package_discovery:discover_packages(ignore) discover
[0.162s] Level 1:colcon.colcon_core.package_discovery:discover_packages(ignore) using defaults
[0.162s] Level 1:colcon.colcon_core.package_discovery:discover_packages(path) discover
[0.162s] Level 1:colcon.colcon_core.package_discovery:discover_packages(path) using defaults
[0.177s] Level 1:colcon.colcon_core.package_discovery:discover_packages(prefix_path) check parameters
[0.177s] Level 1:colcon.colcon_core.package_discovery:discover_packages(prefix_path) discover
[0.178s] DEBUG:colcon.colcon_installed_package_information.package_discovery:Found 2 installed packages in /home/jayhaych02/robotics/Lunabotics2024-ROS/install
[0.179s] DEBUG:colcon.colcon_installed_package_information.package_discovery:Found 353 installed packages in /opt/ros/humble
[0.179s] Level 1:colcon.colcon_core.package_discovery:discover_packages(prefix_path) using defaults
[0.197s] Level 5:colcon.colcon_core.verb:set package 'mining_bot_autonomous' build argument 'cmake_args' from command line to 'None'
[0.197s] Level 5:colcon.colcon_core.verb:set package 'mining_bot_autonomous' build argument 'cmake_target' from command line to 'None'
[0.197s] Level 5:colcon.colcon_core.verb:set package 'mining_bot_autonomous' build argument 'cmake_target_skip_unavailable' from command line to 'False'
[0.197s] Level 5:colcon.colcon_core.verb:set package 'mining_bot_autonomous' build argument 'cmake_clean_cache' from command line to 'False'
[0.197s] Level 5:colcon.colcon_core.verb:set package 'mining_bot_autonomous' build argument 'cmake_clean_first' from command line to 'False'
[0.197s] Level 5:colcon.colcon_core.verb:set package 'mining_bot_autonomous' build argument 'cmake_force_configure' from command line to 'False'
[0.197s] Level 5:colcon.colcon_core.verb:set package 'mining_bot_autonomous' build argument 'ament_cmake_args' from command line to 'None'
[0.197s] Level 5:colcon.colcon_core.verb:set package 'mining_bot_autonomous' build argument 'catkin_cmake_args' from command line to 'None'
[0.197s] Level 5:colcon.colcon_core.verb:set package 'mining_bot_autonomous' build argument 'catkin_skip_building_tests' from command line to 'False'
[0.197s] DEBUG:colcon.colcon_core.verb:Building package 'mining_bot_autonomous' with the following arguments: {'ament_cmake_args': None, 'build_base': '/home/jayhaych02/robotics/Lunabotics2024-ROS/build/mining_bot_autonomous', 'catkin_cmake_args': None, 'catkin_skip_building_tests': False, 'cmake_args': None, 'cmake_clean_cache': False, 'cmake_clean_first': False, 'cmake_force_configure': False, 'cmake_target': None, 'cmake_target_skip_unavailable': False, 'install_base': '/home/jayhaych02/robotics/Lunabotics2024-ROS/install/mining_bot_autonomous', 'merge_install': False, 'path': '/home/jayhaych02/robotics/Lunabotics2024-ROS/src/mining_bot_autonomous', 'symlink_install': False, 'test_result_base': None}
[0.197s] Level 5:colcon.colcon_core.verb:set package 'mining_bot_base' build argument 'cmake_args' from command line to 'None'
[0.197s] Level 5:colcon.colcon_core.verb:set package 'mining_bot_base' build argument 'cmake_target' from command line to 'None'
[0.197s] Level 5:colcon.colcon_core.verb:set package 'mining_bot_base' build argument 'cmake_target_skip_unavailable' from command line to 'False'
[0.198s] Level 5:colcon.colcon_core.verb:set package 'mining_bot_base' build argument 'cmake_clean_cache' from command line to 'False'
[0.198s] Level 5:colcon.colcon_core.verb:set package 'mining_bot_base' build argument 'cmake_clean_first' from command line to 'False'
[0.198s] Level 5:colcon.colcon_core.verb:set package 'mining_bot_base' build argument 'cmake_force_configure' from command line to 'False'
[0.198s] Level 5:colcon.colcon_core.verb:set package 'mining_bot_base' build argument 'ament_cmake_args' from command line to 'None'
[0.198s] Level 5:colcon.colcon_core.verb:set package 'mining_bot_base' build argument 'catkin_cmake_args' from command line to 'None'
[0.198s] Level 5:colcon.colcon_core.verb:set package 'mining_bot_base' build argument 'catkin_skip_building_tests' from command line to 'False'
[0.198s] DEBUG:colcon.colcon_core.verb:Building package 'mining_bot_base' with the following arguments: {'ament_cmake_args': None, 'build_base': '/home/jayhaych02/robotics/Lunabotics2024-ROS/build/mining_bot_base', 'catkin_cmake_args': None, 'catkin_skip_building_tests': False, 'cmake_args': None, 'cmake_clean_cache': False, 'cmake_clean_first': False, 'cmake_force_configure': False, 'cmake_target': None, 'cmake_target_skip_unavailable': False, 'install_base': '/home/jayhaych02/robotics/Lunabotics2024-ROS/install/mining_bot_base', 'merge_install': False, 'path': '/home/jayhaych02/robotics/Lunabotics2024-ROS/src/mining_bot_base', 'symlink_install': False, 'test_result_base': None}
[0.198s] INFO:colcon.colcon_core.executor:Executing jobs using 'parallel' executor
[0.198s] DEBUG:colcon.colcon_parallel_executor.executor.parallel:run_until_complete
[0.198s] INFO:colcon.colcon_ros.task.ament_cmake.build:Building ROS package in '/home/jayhaych02/robotics/Lunabotics2024-ROS/src/mining_bot_autonomous' with build type 'ament_cmake'
[0.198s] INFO:colcon.colcon_cmake.task.cmake.build:Building CMake package in '/home/jayhaych02/robotics/Lunabotics2024-ROS/src/mining_bot_autonomous'
[0.199s] INFO:colcon.colcon_core.plugin_system:Skipping extension 'colcon_core.shell.bat': Not used on non-Windows systems
[0.200s] INFO:colcon.colcon_core.shell:Skip shell extension 'powershell' for command environment: Not usable outside of PowerShell
[0.200s] DEBUG:colcon.colcon_core.shell:Skip shell extension 'dsv' for command environment
[0.201s] INFO:colcon.colcon_ros.task.ament_cmake.build:Building ROS package in '/home/jayhaych02/robotics/Lunabotics2024-ROS/src/mining_bot_base' with build type 'ament_cmake'
[0.201s] INFO:colcon.colcon_cmake.task.cmake.build:Building CMake package in '/home/jayhaych02/robotics/Lunabotics2024-ROS/src/mining_bot_base'
[0.201s] INFO:colcon.colcon_core.shell:Skip shell extension 'powershell' for command environment: Not usable outside of PowerShell
[0.202s] DEBUG:colcon.colcon_core.shell:Skip shell extension 'dsv' for command environment
[0.207s] DEBUG:colcon.colcon_core.event_handler.log_command:Invoking command in '/home/jayhaych02/robotics/Lunabotics2024-ROS/build/mining_bot_autonomous': CMAKE_PREFIX_PATH=${CMAKE_PREFIX_PATH}:/opt/ros/humble /usr/bin/cmake --build /home/jayhaych02/robotics/Lunabotics2024-ROS/build/mining_bot_autonomous -- -j24 -l24
[0.209s] DEBUG:colcon.colcon_core.event_handler.log_command:Invoking command in '/home/jayhaych02/robotics/Lunabotics2024-ROS/build/mining_bot_base': CMAKE_PREFIX_PATH=${CMAKE_PREFIX_PATH}:/opt/ros/humble /usr/bin/cmake --build /home/jayhaych02/robotics/Lunabotics2024-ROS/build/mining_bot_base -- -j24 -l24
[0.222s] DEBUG:colcon.colcon_core.event_handler.log_command:Invoked command in '/home/jayhaych02/robotics/Lunabotics2024-ROS/build/mining_bot_autonomous' returned '0': CMAKE_PREFIX_PATH=${CMAKE_PREFIX_PATH}:/opt/ros/humble /usr/bin/cmake --build /home/jayhaych02/robotics/Lunabotics2024-ROS/build/mining_bot_autonomous -- -j24 -l24
[0.225s] DEBUG:colcon.colcon_core.event_handler.log_command:Invoking command in '/home/jayhaych02/robotics/Lunabotics2024-ROS/build/mining_bot_autonomous': CMAKE_PREFIX_PATH=${CMAKE_PREFIX_PATH}:/opt/ros/humble /usr/bin/cmake --install /home/jayhaych02/robotics/Lunabotics2024-ROS/build/mining_bot_autonomous
[0.226s] DEBUG:colcon.colcon_core.event_handler.log_command:Invoked command in '/home/jayhaych02/robotics/Lunabotics2024-ROS/build/mining_bot_base' returned '0': CMAKE_PREFIX_PATH=${CMAKE_PREFIX_PATH}:/opt/ros/humble /usr/bin/cmake --build /home/jayhaych02/robotics/Lunabotics2024-ROS/build/mining_bot_base -- -j24 -l24
[0.227s] DEBUG:colcon.colcon_core.event_handler.log_command:Invoking command in '/home/jayhaych02/robotics/Lunabotics2024-ROS/build/mining_bot_base': CMAKE_PREFIX_PATH=${CMAKE_PREFIX_PATH}:/opt/ros/humble /usr/bin/cmake --install /home/jayhaych02/robotics/Lunabotics2024-ROS/build/mining_bot_base
[0.229s] Level 1:colcon.colcon_core.environment:create_environment_scripts_only(mining_bot_autonomous)
[0.229s] DEBUG:colcon.colcon_core.event_handler.log_command:Invoked command in '/home/jayhaych02/robotics/Lunabotics2024-ROS/build/mining_bot_autonomous' returned '0': CMAKE_PREFIX_PATH=${CMAKE_PREFIX_PATH}:/opt/ros/humble /usr/bin/cmake --install /home/jayhaych02/robotics/Lunabotics2024-ROS/build/mining_bot_autonomous
[0.232s] Level 1:colcon.colcon_core.environment:checking '/home/jayhaych02/robotics/Lunabotics2024-ROS/install/mining_bot_autonomous' for CMake module files
[0.232s] Level 1:colcon.colcon_core.environment:checking '/home/jayhaych02/robotics/Lunabotics2024-ROS/install/mining_bot_autonomous' for CMake config files
[0.232s] Level 1:colcon.colcon_core.shell:create_environment_hook('mining_bot_autonomous', 'cmake_prefix_path')
[0.232s] INFO:colcon.colcon_core.shell:Creating environment hook '/home/jayhaych02/robotics/Lunabotics2024-ROS/install/mining_bot_autonomous/share/mining_bot_autonomous/hook/cmake_prefix_path.ps1'
[0.232s] INFO:colcon.colcon_core.shell:Creating environment descriptor '/home/jayhaych02/robotics/Lunabotics2024-ROS/install/mining_bot_autonomous/share/mining_bot_autonomous/hook/cmake_prefix_path.dsv'
[0.233s] INFO:colcon.colcon_core.shell:Creating environment hook '/home/jayhaych02/robotics/Lunabotics2024-ROS/install/mining_bot_autonomous/share/mining_bot_autonomous/hook/cmake_prefix_path.sh'
[0.233s] Level 1:colcon.colcon_core.environment:checking '/home/jayhaych02/robotics/Lunabotics2024-ROS/install/mining_bot_autonomous/bin'
[0.233s] Level 1:colcon.colcon_core.environment:checking '/home/jayhaych02/robotics/Lunabotics2024-ROS/install/mining_bot_autonomous/lib/pkgconfig/mining_bot_autonomous.pc'
[0.233s] Level 1:colcon.colcon_core.environment:checking '/home/jayhaych02/robotics/Lunabotics2024-ROS/install/mining_bot_autonomous/lib/python3.10/site-packages'
[0.233s] Level 1:colcon.colcon_core.environment:checking '/home/jayhaych02/robotics/Lunabotics2024-ROS/install/mining_bot_autonomous/bin'
[0.233s] INFO:colcon.colcon_core.shell:Creating package script '/home/jayhaych02/robotics/Lunabotics2024-ROS/install/mining_bot_autonomous/share/mining_bot_autonomous/package.ps1'
[0.234s] INFO:colcon.colcon_core.shell:Creating package descriptor '/home/jayhaych02/robotics/Lunabotics2024-ROS/install/mining_bot_autonomous/share/mining_bot_autonomous/package.dsv'
[0.234s] INFO:colcon.colcon_core.shell:Creating package script '/home/jayhaych02/robotics/Lunabotics2024-ROS/install/mining_bot_autonomous/share/mining_bot_autonomous/package.sh'
[0.234s] INFO:colcon.colcon_core.shell:Creating package script '/home/jayhaych02/robotics/Lunabotics2024-ROS/install/mining_bot_autonomous/share/mining_bot_autonomous/package.bash'
[0.235s] INFO:colcon.colcon_core.shell:Creating package script '/home/jayhaych02/robotics/Lunabotics2024-ROS/install/mining_bot_autonomous/share/mining_bot_autonomous/package.zsh'
[0.235s] Level 1:colcon.colcon_core.environment:create_file_with_runtime_dependencies(/home/jayhaych02/robotics/Lunabotics2024-ROS/install/mining_bot_autonomous/share/colcon-core/packages/mining_bot_autonomous)
[0.235s] Level 1:colcon.colcon_core.environment:create_environment_scripts_only(mining_bot_autonomous)
[0.235s] Level 1:colcon.colcon_core.environment:checking '/home/jayhaych02/robotics/Lunabotics2024-ROS/install/mining_bot_autonomous' for CMake module files
[0.235s] Level 1:colcon.colcon_core.environment:checking '/home/jayhaych02/robotics/Lunabotics2024-ROS/install/mining_bot_autonomous' for CMake config files
[0.236s] Level 1:colcon.colcon_core.shell:create_environment_hook('mining_bot_autonomous', 'cmake_prefix_path')
[0.236s] INFO:colcon.colcon_core.shell:Creating environment hook '/home/jayhaych02/robotics/Lunabotics2024-ROS/install/mining_bot_autonomous/share/mining_bot_autonomous/hook/cmake_prefix_path.ps1'
[0.236s] INFO:colcon.colcon_core.shell:Creating environment descriptor '/home/jayhaych02/robotics/Lunabotics2024-ROS/install/mining_bot_autonomous/share/mining_bot_autonomous/hook/cmake_prefix_path.dsv'
[0.236s] INFO:colcon.colcon_core.shell:Creating environment hook '/home/jayhaych02/robotics/Lunabotics2024-ROS/install/mining_bot_autonomous/share/mining_bot_autonomous/hook/cmake_prefix_path.sh'
[0.236s] Level 1:colcon.colcon_core.environment:checking '/home/jayhaych02/robotics/Lunabotics2024-ROS/install/mining_bot_autonomous/bin'
[0.236s] Level 1:colcon.colcon_core.environment:checking '/home/jayhaych02/robotics/Lunabotics2024-ROS/install/mining_bot_autonomous/lib/pkgconfig/mining_bot_autonomous.pc'
[0.236s] Level 1:colcon.colcon_core.environment:checking '/home/jayhaych02/robotics/Lunabotics2024-ROS/install/mining_bot_autonomous/lib/python3.10/site-packages'
[0.236s] Level 1:colcon.colcon_core.environment:checking '/home/jayhaych02/robotics/Lunabotics2024-ROS/install/mining_bot_autonomous/bin'
[0.237s] INFO:colcon.colcon_core.shell:Creating package script '/home/jayhaych02/robotics/Lunabotics2024-ROS/install/mining_bot_autonomous/share/mining_bot_autonomous/package.ps1'
[0.237s] INFO:colcon.colcon_core.shell:Creating package descriptor '/home/jayhaych02/robotics/Lunabotics2024-ROS/install/mining_bot_autonomous/share/mining_bot_autonomous/package.dsv'
[0.237s] INFO:colcon.colcon_core.shell:Creating package script '/home/jayhaych02/robotics/Lunabotics2024-ROS/install/mining_bot_autonomous/share/mining_bot_autonomous/package.sh'
[0.237s] INFO:colcon.colcon_core.shell:Creating package script '/home/jayhaych02/robotics/Lunabotics2024-ROS/install/mining_bot_autonomous/share/mining_bot_autonomous/package.bash'
[0.237s] INFO:colcon.colcon_core.shell:Creating package script '/home/jayhaych02/robotics/Lunabotics2024-ROS/install/mining_bot_autonomous/share/mining_bot_autonomous/package.zsh'
[0.238s] Level 1:colcon.colcon_core.environment:create_file_with_runtime_dependencies(/home/jayhaych02/robotics/Lunabotics2024-ROS/install/mining_bot_autonomous/share/colcon-core/packages/mining_bot_autonomous)
[0.238s] Level 1:colcon.colcon_core.environment:create_environment_scripts_only(mining_bot_base)
[0.238s] Level 1:colcon.colcon_core.environment:checking '/home/jayhaych02/robotics/Lunabotics2024-ROS/install/mining_bot_base' for CMake module files
[0.239s] DEBUG:colcon.colcon_core.event_handler.log_command:Invoked command in '/home/jayhaych02/robotics/Lunabotics2024-ROS/build/mining_bot_base' returned '0': CMAKE_PREFIX_PATH=${CMAKE_PREFIX_PATH}:/opt/ros/humble /usr/bin/cmake --install /home/jayhaych02/robotics/Lunabotics2024-ROS/build/mining_bot_base
[0.239s] Level 1:colcon.colcon_core.environment:checking '/home/jayhaych02/robotics/Lunabotics2024-ROS/install/mining_bot_base' for CMake config files
[0.239s] Level 1:colcon.colcon_core.shell:create_environment_hook('mining_bot_base', 'cmake_prefix_path')
[0.239s] INFO:colcon.colcon_core.shell:Creating environment hook '/home/jayhaych02/robotics/Lunabotics2024-ROS/install/mining_bot_base/share/mining_bot_base/hook/cmake_prefix_path.ps1'
[0.239s] INFO:colcon.colcon_core.shell:Creating environment descriptor '/home/jayhaych02/robotics/Lunabotics2024-ROS/install/mining_bot_base/share/mining_bot_base/hook/cmake_prefix_path.dsv'
[0.239s] INFO:colcon.colcon_core.shell:Creating environment hook '/home/jayhaych02/robotics/Lunabotics2024-ROS/install/mining_bot_base/share/mining_bot_base/hook/cmake_prefix_path.sh'
[0.240s] Level 1:colcon.colcon_core.environment:checking '/home/jayhaych02/robotics/Lunabotics2024-ROS/install/mining_bot_base/bin'
[0.240s] Level 1:colcon.colcon_core.environment:checking '/home/jayhaych02/robotics/Lunabotics2024-ROS/install/mining_bot_base/lib/pkgconfig/mining_bot_base.pc'
[0.240s] Level 1:colcon.colcon_core.environment:checking '/home/jayhaych02/robotics/Lunabotics2024-ROS/install/mining_bot_base/lib/python3.10/site-packages'
[0.240s] Level 1:colcon.colcon_core.environment:checking '/home/jayhaych02/robotics/Lunabotics2024-ROS/install/mining_bot_base/bin'
[0.240s] INFO:colcon.colcon_core.shell:Creating package script '/home/jayhaych02/robotics/Lunabotics2024-ROS/install/mining_bot_base/share/mining_bot_base/package.ps1'
[0.240s] INFO:colcon.colcon_core.shell:Creating package descriptor '/home/jayhaych02/robotics/Lunabotics2024-ROS/install/mining_bot_base/share/mining_bot_base/package.dsv'
[0.240s] INFO:colcon.colcon_core.shell:Creating package script '/home/jayhaych02/robotics/Lunabotics2024-ROS/install/mining_bot_base/share/mining_bot_base/package.sh'
[0.241s] INFO:colcon.colcon_core.shell:Creating package script '/home/jayhaych02/robotics/Lunabotics2024-ROS/install/mining_bot_base/share/mining_bot_base/package.bash'
[0.241s] INFO:colcon.colcon_core.shell:Creating package script '/home/jayhaych02/robotics/Lunabotics2024-ROS/install/mining_bot_base/share/mining_bot_base/package.zsh'
[0.241s] Level 1:colcon.colcon_core.environment:create_file_with_runtime_dependencies(/home/jayhaych02/robotics/Lunabotics2024-ROS/install/mining_bot_base/share/colcon-core/packages/mining_bot_base)
[0.241s] Level 1:colcon.colcon_core.environment:create_environment_scripts_only(mining_bot_base)
[0.241s] Level 1:colcon.colcon_core.environment:checking '/home/jayhaych02/robotics/Lunabotics2024-ROS/install/mining_bot_base' for CMake module files
[0.242s] Level 1:colcon.colcon_core.environment:checking '/home/jayhaych02/robotics/Lunabotics2024-ROS/install/mining_bot_base' for CMake config files
[0.242s] Level 1:colcon.colcon_core.shell:create_environment_hook('mining_bot_base', 'cmake_prefix_path')
[0.242s] INFO:colcon.colcon_core.shell:Creating environment hook '/home/jayhaych02/robotics/Lunabotics2024-ROS/install/mining_bot_base/share/mining_bot_base/hook/cmake_prefix_path.ps1'
[0.242s] INFO:colcon.colcon_core.shell:Creating environment descriptor '/home/jayhaych02/robotics/Lunabotics2024-ROS/install/mining_bot_base/share/mining_bot_base/hook/cmake_prefix_path.dsv'
[0.242s] INFO:colcon.colcon_core.shell:Creating environment hook '/home/jayhaych02/robotics/Lunabotics2024-ROS/install/mining_bot_base/share/mining_bot_base/hook/cmake_prefix_path.sh'
[0.242s] Level 1:colcon.colcon_core.environment:checking '/home/jayhaych02/robotics/Lunabotics2024-ROS/install/mining_bot_base/bin'
[0.242s] Level 1:colcon.colcon_core.environment:checking '/home/jayhaych02/robotics/Lunabotics2024-ROS/install/mining_bot_base/lib/pkgconfig/mining_bot_base.pc'
[0.242s] Level 1:colcon.colcon_core.environment:checking '/home/jayhaych02/robotics/Lunabotics2024-ROS/install/mining_bot_base/lib/python3.10/site-packages'
[0.243s] Level 1:colcon.colcon_core.environment:checking '/home/jayhaych02/robotics/Lunabotics2024-ROS/install/mining_bot_base/bin'
[0.243s] INFO:colcon.colcon_core.shell:Creating package script '/home/jayhaych02/robotics/Lunabotics2024-ROS/install/mining_bot_base/share/mining_bot_base/package.ps1'
[0.243s] INFO:colcon.colcon_core.shell:Creating package descriptor '/home/jayhaych02/robotics/Lunabotics2024-ROS/install/mining_bot_base/share/mining_bot_base/package.dsv'
[0.243s] INFO:colcon.colcon_core.shell:Creating package script '/home/jayhaych02/robotics/Lunabotics2024-ROS/install/mining_bot_base/share/mining_bot_base/package.sh'
[0.243s] INFO:colcon.colcon_core.shell:Creating package script '/home/jayhaych02/robotics/Lunabotics2024-ROS/install/mining_bot_base/share/mining_bot_base/package.bash'
[0.243s] INFO:colcon.colcon_core.shell:Creating package script '/home/jayhaych02/robotics/Lunabotics2024-ROS/install/mining_bot_base/share/mining_bot_base/package.zsh'
[0.244s] Level 1:colcon.colcon_core.environment:create_file_with_runtime_dependencies(/home/jayhaych02/robotics/Lunabotics2024-ROS/install/mining_bot_base/share/colcon-core/packages/mining_bot_base)
[0.244s] DEBUG:colcon.colcon_parallel_executor.executor.parallel:closing loop
[0.244s] DEBUG:colcon.colcon_parallel_executor.executor.parallel:loop closed
[0.244s] DEBUG:colcon.colcon_parallel_executor.executor.parallel:run_until_complete finished with '0'
[0.244s] DEBUG:colcon.colcon_core.event_reactor:joining thread
[0.262s] INFO:colcon.colcon_core.plugin_system:Skipping extension 'colcon_notification.desktop_notification.notify_send': Could not find 'notify-send'
[0.262s] INFO:colcon.colcon_core.plugin_system:Skipping extension 'colcon_notification.desktop_notification.terminal_notifier': Not used on non-Darwin systems
[0.263s] INFO:colcon.colcon_core.plugin_system:Skipping extension 'colcon_notification.desktop_notification.win32': Not used on non-Windows systems
[0.263s] INFO:colcon.colcon_notification.desktop_notification:Sending desktop notification using 'notify2'
[0.263s] DEBUG:colcon.colcon_notification.desktop_notification.notify2:Failed to initialize notify2: org.freedesktop.DBus.Error.FileNotFound: Failed to connect to socket /run/user/1000/bus: No such file or directory
[0.263s] DEBUG:colcon.colcon_core.event_reactor:joined thread
[0.263s] INFO:colcon.colcon_core.shell:Creating prefix script '/home/jayhaych02/robotics/Lunabotics2024-ROS/install/local_setup.ps1'
[0.263s] INFO:colcon.colcon_core.shell:Creating prefix util module '/home/jayhaych02/robotics/Lunabotics2024-ROS/install/_local_setup_util_ps1.py'
[0.264s] INFO:colcon.colcon_core.shell:Creating prefix chain script '/home/jayhaych02/robotics/Lunabotics2024-ROS/install/setup.ps1'
[0.265s] INFO:colcon.colcon_core.shell:Creating prefix script '/home/jayhaych02/robotics/Lunabotics2024-ROS/install/local_setup.sh'
[0.265s] INFO:colcon.colcon_core.shell:Creating prefix util module '/home/jayhaych02/robotics/Lunabotics2024-ROS/install/_local_setup_util_sh.py'
[0.265s] INFO:colcon.colcon_core.shell:Creating prefix chain script '/home/jayhaych02/robotics/Lunabotics2024-ROS/install/setup.sh'
[0.265s] INFO:colcon.colcon_core.shell:Creating prefix script '/home/jayhaych02/robotics/Lunabotics2024-ROS/install/local_setup.bash'
[0.266s] INFO:colcon.colcon_core.shell:Creating prefix chain script '/home/jayhaych02/robotics/Lunabotics2024-ROS/install/setup.bash'
[0.266s] INFO:colcon.colcon_core.shell:Creating prefix script '/home/jayhaych02/robotics/Lunabotics2024-ROS/install/local_setup.zsh'
[0.266s] INFO:colcon.colcon_core.shell:Creating prefix chain script '/home/jayhaych02/robotics/Lunabotics2024-ROS/install/setup.zsh'
