[0.014s] Invoking command in '/home/ubuntu/robotics/autonomous_robot_ws/build/mining_bot_autonomous': CMAKE_PREFIX_PATH=/opt/ros/humble /usr/bin/cmake /home/ubuntu/robotics/autonomous_robot_ws/src/mining_bot_autonomous -DCMAKE_INSTALL_PREFIX=/home/ubuntu/robotics/autonomous_robot_ws/install/mining_bot_autonomous
[0.028s] -- Found ament_cmake: 1.3.10 (/opt/ros/humble/share/ament_cmake/cmake)
[0.156s] -- Found rclcpp: 16.0.10 (/opt/ros/humble/share/rclcpp/cmake)
[0.183s] -- Found rosidl_generator_c: 3.1.5 (/opt/ros/humble/share/rosidl_generator_c/cmake)
[0.186s] -- Found rosidl_adapter: 3.1.5 (/opt/ros/humble/share/rosidl_adapter/cmake)
[0.191s] -- Found rosidl_generator_cpp: 3.1.5 (/opt/ros/humble/share/rosidl_generator_cpp/cmake)
[0.201s] -- Using all available rosidl_typesupport_c: rosidl_typesupport_fastrtps_c;rosidl_typesupport_introspection_c
[0.212s] -- Using all available rosidl_typesupport_cpp: rosidl_typesupport_fastrtps_cpp;rosidl_typesupport_introspection_cpp
[0.244s] -- Found rmw_implementation_cmake: 6.1.2 (/opt/ros/humble/share/rmw_implementation_cmake/cmake)
[0.245s] -- Found rmw_fastrtps_cpp: 6.2.7 (/opt/ros/humble/share/rmw_fastrtps_cpp/cmake)
[0.346s] -- Using RMW implementation 'rmw_fastrtps_cpp' as default
[0.399s] -- Found nav2_core: 1.1.16 (/opt/ros/humble/share/nav2_core/cmake)
[0.601s] -- Ensuring Eigen3 include directory is part of orocos-kdl CMake target
[0.695s] -- Found ament_lint_auto: 0.12.11 (/opt/ros/humble/share/ament_lint_auto/cmake)
[0.771s] -- Added test 'lint_cmake' to check CMake code style
[0.773s] -- Added test 'xmllint' to check XML markup files
[0.774s] -- Configuring done
[0.782s] -- Generating done
[0.786s] -- Build files have been written to: /home/ubuntu/robotics/autonomous_robot_ws/build/mining_bot_autonomous
[0.796s] Invoked command in '/home/ubuntu/robotics/autonomous_robot_ws/build/mining_bot_autonomous' returned '0': CMAKE_PREFIX_PATH=/opt/ros/humble /usr/bin/cmake /home/ubuntu/robotics/autonomous_robot_ws/src/mining_bot_autonomous -DCMAKE_INSTALL_PREFIX=/home/ubuntu/robotics/autonomous_robot_ws/install/mining_bot_autonomous
[0.798s] Invoking command in '/home/ubuntu/robotics/autonomous_robot_ws/build/mining_bot_autonomous': CMAKE_PREFIX_PATH=/opt/ros/humble /usr/bin/cmake --build /home/ubuntu/robotics/autonomous_robot_ws/build/mining_bot_autonomous -- -j4 -l4
[0.837s] Invoked command in '/home/ubuntu/robotics/autonomous_robot_ws/build/mining_bot_autonomous' returned '0': CMAKE_PREFIX_PATH=/opt/ros/humble /usr/bin/cmake --build /home/ubuntu/robotics/autonomous_robot_ws/build/mining_bot_autonomous -- -j4 -l4
[0.839s] Invoking command in '/home/ubuntu/robotics/autonomous_robot_ws/build/mining_bot_autonomous': CMAKE_PREFIX_PATH=/opt/ros/humble /usr/bin/cmake --install /home/ubuntu/robotics/autonomous_robot_ws/build/mining_bot_autonomous
[0.846s] -- Install configuration: ""
[0.846s] -- Installing: /home/ubuntu/robotics/autonomous_robot_ws/install/mining_bot_autonomous/share/ament_index/resource_index/package_run_dependencies/mining_bot_autonomous
[0.846s] -- Installing: /home/ubuntu/robotics/autonomous_robot_ws/install/mining_bot_autonomous/share/ament_index/resource_index/parent_prefix_path/mining_bot_autonomous
[0.846s] -- Installing: /home/ubuntu/robotics/autonomous_robot_ws/install/mining_bot_autonomous/share/mining_bot_autonomous/environment/ament_prefix_path.sh
[0.847s] -- Installing: /home/ubuntu/robotics/autonomous_robot_ws/install/mining_bot_autonomous/share/mining_bot_autonomous/environment/ament_prefix_path.dsv
[0.847s] -- Installing: /home/ubuntu/robotics/autonomous_robot_ws/install/mining_bot_autonomous/share/mining_bot_autonomous/environment/path.sh
[0.847s] -- Installing: /home/ubuntu/robotics/autonomous_robot_ws/install/mining_bot_autonomous/share/mining_bot_autonomous/environment/path.dsv
[0.847s] -- Installing: /home/ubuntu/robotics/autonomous_robot_ws/install/mining_bot_autonomous/share/mining_bot_autonomous/local_setup.bash
[0.847s] -- Installing: /home/ubuntu/robotics/autonomous_robot_ws/install/mining_bot_autonomous/share/mining_bot_autonomous/local_setup.sh
[0.847s] -- Installing: /home/ubuntu/robotics/autonomous_robot_ws/install/mining_bot_autonomous/share/mining_bot_autonomous/local_setup.zsh
[0.848s] -- Installing: /home/ubuntu/robotics/autonomous_robot_ws/install/mining_bot_autonomous/share/mining_bot_autonomous/local_setup.dsv
[0.848s] -- Installing: /home/ubuntu/robotics/autonomous_robot_ws/install/mining_bot_autonomous/share/mining_bot_autonomous/package.dsv
[0.848s] -- Installing: /home/ubuntu/robotics/autonomous_robot_ws/install/mining_bot_autonomous/share/ament_index/resource_index/packages/mining_bot_autonomous
[0.848s] -- Installing: /home/ubuntu/robotics/autonomous_robot_ws/install/mining_bot_autonomous/share/mining_bot_autonomous/cmake/mining_bot_autonomousConfig.cmake
[0.849s] -- Installing: /home/ubuntu/robotics/autonomous_robot_ws/install/mining_bot_autonomous/share/mining_bot_autonomous/cmake/mining_bot_autonomousConfig-version.cmake
[0.849s] -- Installing: /home/ubuntu/robotics/autonomous_robot_ws/install/mining_bot_autonomous/share/mining_bot_autonomous/package.xml
[0.851s] Invoked command in '/home/ubuntu/robotics/autonomous_robot_ws/build/mining_bot_autonomous' returned '0': CMAKE_PREFIX_PATH=/opt/ros/humble /usr/bin/cmake --install /home/ubuntu/robotics/autonomous_robot_ws/build/mining_bot_autonomous
