[0.384s] DEBUG:colcon:Command line arguments: ['/usr/bin/colcon', 'list', '-p', '--base-paths', '/home/jaych/Lunabotics2024-ROS']
[0.384s] DEBUG:colcon:Parsed command line arguments: Namespace(log_base=None, log_level=None, verb_name='list', build_base='build', ignore_user_meta=False, metas=['./colcon.meta'], base_paths=['/home/jaych/Lunabotics2024-ROS'], packages_ignore=None, packages_ignore_regex=None, paths=None, packages_up_to=None, packages_up_to_regex=None, packages_above=None, packages_above_and_dependencies=None, packages_above_depth=None, packages_select_by_dep=None, packages_skip_by_dep=None, packages_skip_up_to=None, packages_select_build_failed=False, packages_skip_build_finished=False, packages_select_test_failures=False, packages_skip_test_passed=False, packages_select=None, packages_skip=None, packages_select_regex=None, packages_skip_regex=None, packages_start=None, packages_end=None, allow_overriding=[], topological_order=False, names_only=False, paths_only=True, topological_graph=False, topological_graph_dot=False, topological_graph_density=False, topological_graph_legend=False, topological_graph_dot_cluster=False, topological_graph_dot_include_skipped=False, mixin_files=None, mixin=None, verb_parser=<colcon_mixin.mixin.mixin_argument.MixinArgumentDecorator object at 0x732be7e87680>, verb_extension=<colcon_package_information.verb.list.ListVerb object at 0x732be8585b20>, main=<bound method ListVerb.main of <colcon_package_information.verb.list.ListVerb object at 0x732be8585b20>>, mixin_verb=('list',))
[0.536s] Level 1:colcon.colcon_core.package_discovery:discover_packages(colcon_meta) check parameters
[0.536s] Level 1:colcon.colcon_core.package_discovery:discover_packages(recursive) check parameters
[0.537s] Level 1:colcon.colcon_core.package_discovery:discover_packages(ignore) check parameters
[0.537s] Level 1:colcon.colcon_core.package_discovery:discover_packages(path) check parameters
[0.537s] Level 1:colcon.colcon_core.package_discovery:discover_packages(recursive) discover
[0.537s] INFO:colcon.colcon_core.package_discovery:Crawling recursively for packages in '/home/jaych/Lunabotics2024-ROS'
[0.538s] Level 1:colcon.colcon_core.package_identification:_identify(/home/jaych/Lunabotics2024-ROS) by extensions ['ignore', 'ignore_ament_install']
[0.538s] Level 1:colcon.colcon_core.package_identification:_identify(/home/jaych/Lunabotics2024-ROS) by extension 'ignore'
[0.538s] Level 1:colcon.colcon_core.package_identification:_identify(/home/jaych/Lunabotics2024-ROS) by extension 'ignore_ament_install'
[0.539s] Level 1:colcon.colcon_core.package_identification:_identify(/home/jaych/Lunabotics2024-ROS) by extensions ['colcon_pkg']
[0.539s] Level 1:colcon.colcon_core.package_identification:_identify(/home/jaych/Lunabotics2024-ROS) by extension 'colcon_pkg'
[0.539s] Level 1:colcon.colcon_core.package_identification:_identify(/home/jaych/Lunabotics2024-ROS) by extensions ['colcon_meta']
[0.539s] Level 1:colcon.colcon_core.package_identification:_identify(/home/jaych/Lunabotics2024-ROS) by extension 'colcon_meta'
[0.539s] Level 1:colcon.colcon_core.package_identification:_identify(/home/jaych/Lunabotics2024-ROS) by extensions ['ros']
[0.539s] Level 1:colcon.colcon_core.package_identification:_identify(/home/jaych/Lunabotics2024-ROS) by extension 'ros'
[0.629s] Level 1:colcon.colcon_core.package_identification:_identify(/home/jaych/Lunabotics2024-ROS) by extensions ['cmake', 'python']
[0.629s] Level 1:colcon.colcon_core.package_identification:_identify(/home/jaych/Lunabotics2024-ROS) by extension 'cmake'
[0.629s] Level 1:colcon.colcon_core.package_identification:_identify(/home/jaych/Lunabotics2024-ROS) by extension 'python'
[0.629s] Level 1:colcon.colcon_core.package_identification:_identify(/home/jaych/Lunabotics2024-ROS) by extensions ['python_setup_py']
[0.629s] Level 1:colcon.colcon_core.package_identification:_identify(/home/jaych/Lunabotics2024-ROS) by extension 'python_setup_py'
[0.630s] Level 1:colcon.colcon_core.package_identification:_identify(/home/jaych/Lunabotics2024-ROS/log) by extensions ['ignore', 'ignore_ament_install']
[0.630s] Level 1:colcon.colcon_core.package_identification:_identify(/home/jaych/Lunabotics2024-ROS/log) by extension 'ignore'
[0.630s] Level 1:colcon.colcon_core.package_identification:_identify(/home/jaych/Lunabotics2024-ROS/log) ignored
[0.631s] Level 1:colcon.colcon_core.package_identification:_identify(/home/jaych/Lunabotics2024-ROS/src) by extensions ['ignore', 'ignore_ament_install']
[0.631s] Level 1:colcon.colcon_core.package_identification:_identify(/home/jaych/Lunabotics2024-ROS/src) by extension 'ignore'
[0.631s] Level 1:colcon.colcon_core.package_identification:_identify(/home/jaych/Lunabotics2024-ROS/src) by extension 'ignore_ament_install'
[0.632s] Level 1:colcon.colcon_core.package_identification:_identify(/home/jaych/Lunabotics2024-ROS/src) by extensions ['colcon_pkg']
[0.632s] Level 1:colcon.colcon_core.package_identification:_identify(/home/jaych/Lunabotics2024-ROS/src) by extension 'colcon_pkg'
[0.632s] Level 1:colcon.colcon_core.package_identification:_identify(/home/jaych/Lunabotics2024-ROS/src) by extensions ['colcon_meta']
[0.632s] Level 1:colcon.colcon_core.package_identification:_identify(/home/jaych/Lunabotics2024-ROS/src) by extension 'colcon_meta'
[0.632s] Level 1:colcon.colcon_core.package_identification:_identify(/home/jaych/Lunabotics2024-ROS/src) by extensions ['ros']
[0.632s] Level 1:colcon.colcon_core.package_identification:_identify(/home/jaych/Lunabotics2024-ROS/src) by extension 'ros'
[0.632s] Level 1:colcon.colcon_core.package_identification:_identify(/home/jaych/Lunabotics2024-ROS/src) by extensions ['cmake', 'python']
[0.633s] Level 1:colcon.colcon_core.package_identification:_identify(/home/jaych/Lunabotics2024-ROS/src) by extension 'cmake'
[0.633s] Level 1:colcon.colcon_core.package_identification:_identify(/home/jaych/Lunabotics2024-ROS/src) by extension 'python'
[0.633s] Level 1:colcon.colcon_core.package_identification:_identify(/home/jaych/Lunabotics2024-ROS/src) by extensions ['python_setup_py']
[0.633s] Level 1:colcon.colcon_core.package_identification:_identify(/home/jaych/Lunabotics2024-ROS/src) by extension 'python_setup_py'
[0.633s] Level 1:colcon.colcon_core.package_identification:_identify(/home/jaych/Lunabotics2024-ROS/src/nt_py) by extensions ['ignore', 'ignore_ament_install']
[0.633s] Level 1:colcon.colcon_core.package_identification:_identify(/home/jaych/Lunabotics2024-ROS/src/nt_py) by extension 'ignore'
[0.634s] Level 1:colcon.colcon_core.package_identification:_identify(/home/jaych/Lunabotics2024-ROS/src/nt_py) by extension 'ignore_ament_install'
[0.634s] Level 1:colcon.colcon_core.package_identification:_identify(/home/jaych/Lunabotics2024-ROS/src/nt_py) by extensions ['colcon_pkg']
[0.634s] Level 1:colcon.colcon_core.package_identification:_identify(/home/jaych/Lunabotics2024-ROS/src/nt_py) by extension 'colcon_pkg'
[0.634s] Level 1:colcon.colcon_core.package_identification:_identify(/home/jaych/Lunabotics2024-ROS/src/nt_py) by extensions ['colcon_meta']
[0.634s] Level 1:colcon.colcon_core.package_identification:_identify(/home/jaych/Lunabotics2024-ROS/src/nt_py) by extension 'colcon_meta'
[0.634s] Level 1:colcon.colcon_core.package_identification:_identify(/home/jaych/Lunabotics2024-ROS/src/nt_py) by extensions ['ros']
[0.634s] Level 1:colcon.colcon_core.package_identification:_identify(/home/jaych/Lunabotics2024-ROS/src/nt_py) by extension 'ros'
[0.642s] DEBUG:colcon.colcon_core.package_identification:Package '/home/jaych/Lunabotics2024-ROS/src/nt_py' with type 'ros.ament_python' and name 'nt_py'
[0.643s] Level 1:colcon.colcon_core.package_discovery:discover_packages(recursive) using defaults
