[0.008s] Invoking command in '/home/jayhaych02/robotics/Lunabotics2024-ROS/build/mining_bot_base': CMAKE_PREFIX_PATH=${CMAKE_PREFIX_PATH}:/opt/ros/humble /usr/bin/cmake /home/jayhaych02/robotics/Lunabotics2024-ROS/src/mining_bot_base -DCMAKE_INSTALL_PREFIX=/home/jayhaych02/robotics/Lunabotics2024-ROS/install/mining_bot_base
[0.087s] -- The C compiler identification is GNU 11.4.0
[0.308s] -- The CXX compiler identification is GNU 11.4.0
[0.470s] -- Detecting C compiler ABI info
[0.519s] -- Detecting C compiler ABI info - done
[0.522s] -- Check for working C compiler: /usr/bin/cc - skipped
[0.523s] -- Detecting C compile features
[0.523s] -- Detecting C compile features - done
[0.525s] -- Detecting CXX compiler ABI info
[0.585s] -- Detecting CXX compiler ABI info - done
[0.589s] -- Check for working CXX compiler: /usr/bin/c++ - skipped
[0.589s] -- Detecting CXX compile features
[0.589s] -- Detecting CXX compile features - done
[0.594s] -- Found ament_cmake: 1.3.11 (/opt/ros/humble/share/ament_cmake/cmake)
[0.669s] -- Found Python3: /usr/bin/python3 (found version "3.10.12") found components: Interpreter 
[0.724s] -- Found rclcpp: 16.0.11 (/opt/ros/humble/share/rclcpp/cmake)
[0.807s] -- Found rosidl_generator_c: 3.1.6 (/opt/ros/humble/share/rosidl_generator_c/cmake)
[0.810s] -- Found rosidl_adapter: 3.1.6 (/opt/ros/humble/share/rosidl_adapter/cmake)
[0.817s] -- Found rosidl_generator_cpp: 3.1.6 (/opt/ros/humble/share/rosidl_generator_cpp/cmake)
[0.826s] -- Using all available rosidl_typesupport_c: rosidl_typesupport_fastrtps_c;rosidl_typesupport_introspection_c
[0.838s] -- Using all available rosidl_typesupport_cpp: rosidl_typesupport_fastrtps_cpp;rosidl_typesupport_introspection_cpp
[0.870s] -- Found rmw_implementation_cmake: 6.1.2 (/opt/ros/humble/share/rmw_implementation_cmake/cmake)
[0.872s] -- Found rmw_fastrtps_cpp: 6.2.7 (/opt/ros/humble/share/rmw_fastrtps_cpp/cmake)
[1.118s] -- Found OpenSSL: /usr/lib/x86_64-linux-gnu/libcrypto.so (found version "3.0.2")  
[1.392s] -- Found FastRTPS: /opt/ros/humble/include  
[1.846s] -- Using RMW implementation 'rmw_fastrtps_cpp' as default
[1.854s] -- Looking for pthread.h
[1.906s] -- Looking for pthread.h - found
[1.907s] -- Performing Test CMAKE_HAVE_LIBC_PTHREAD
[1.957s] -- Performing Test CMAKE_HAVE_LIBC_PTHREAD - Success
[1.958s] -- Found Threads: TRUE  
[1.995s] -- Found hardware_interface: 2.44.0 (/opt/ros/humble/share/hardware_interface/cmake)
[2.568s] -- Found ament_lint_auto: 0.12.11 (/opt/ros/humble/share/ament_lint_auto/cmake)
[2.606s] -- Added test 'cppcheck' to perform static code analysis on C / C++ code
[2.606s] -- Configured cppcheck include dirs: /home/jayhaych02/robotics/Lunabotics2024-ROS/src/mining_bot_base/include;/home/jayhaych02/robotics/Lunabotics2024-ROS/src/mining_bot_base/$(EIGEN3_INCLUDE_DIR)
[2.606s] -- Configured cppcheck exclude dirs and/or files: 
[2.606s] -- Added test 'lint_cmake' to check CMake code style
[2.607s] -- Added test 'uncrustify' to check C / C++ code style
[2.607s] -- Configured uncrustify additional arguments: 
[2.607s] -- Added test 'xmllint' to check XML markup files
[2.608s] -- Configuring done
[2.610s] -- Generating done
[2.612s] -- Build files have been written to: /home/jayhaych02/robotics/Lunabotics2024-ROS/build/mining_bot_base
[2.618s] Invoked command in '/home/jayhaych02/robotics/Lunabotics2024-ROS/build/mining_bot_base' returned '0': CMAKE_PREFIX_PATH=${CMAKE_PREFIX_PATH}:/opt/ros/humble /usr/bin/cmake /home/jayhaych02/robotics/Lunabotics2024-ROS/src/mining_bot_base -DCMAKE_INSTALL_PREFIX=/home/jayhaych02/robotics/Lunabotics2024-ROS/install/mining_bot_base
[2.619s] Invoking command in '/home/jayhaych02/robotics/Lunabotics2024-ROS/build/mining_bot_base': CMAKE_PREFIX_PATH=${CMAKE_PREFIX_PATH}:/opt/ros/humble /usr/bin/cmake --build /home/jayhaych02/robotics/Lunabotics2024-ROS/build/mining_bot_base -- -j24 -l24
[2.636s] Invoked command in '/home/jayhaych02/robotics/Lunabotics2024-ROS/build/mining_bot_base' returned '0': CMAKE_PREFIX_PATH=${CMAKE_PREFIX_PATH}:/opt/ros/humble /usr/bin/cmake --build /home/jayhaych02/robotics/Lunabotics2024-ROS/build/mining_bot_base -- -j24 -l24
[2.637s] Invoking command in '/home/jayhaych02/robotics/Lunabotics2024-ROS/build/mining_bot_base': CMAKE_PREFIX_PATH=${CMAKE_PREFIX_PATH}:/opt/ros/humble /usr/bin/cmake --install /home/jayhaych02/robotics/Lunabotics2024-ROS/build/mining_bot_base
[2.639s] -- Install configuration: ""
[2.640s] -- Installing: /home/jayhaych02/robotics/Lunabotics2024-ROS/install/mining_bot_base/share/ament_index/resource_index/package_run_dependencies/mining_bot_base
[2.640s] -- Installing: /home/jayhaych02/robotics/Lunabotics2024-ROS/install/mining_bot_base/share/ament_index/resource_index/parent_prefix_path/mining_bot_base
[2.640s] -- Installing: /home/jayhaych02/robotics/Lunabotics2024-ROS/install/mining_bot_base/share/mining_bot_base/environment/ament_prefix_path.sh
[2.640s] -- Installing: /home/jayhaych02/robotics/Lunabotics2024-ROS/install/mining_bot_base/share/mining_bot_base/environment/ament_prefix_path.dsv
[2.640s] -- Installing: /home/jayhaych02/robotics/Lunabotics2024-ROS/install/mining_bot_base/share/mining_bot_base/environment/path.sh
[2.640s] -- Installing: /home/jayhaych02/robotics/Lunabotics2024-ROS/install/mining_bot_base/share/mining_bot_base/environment/path.dsv
[2.641s] -- Installing: /home/jayhaych02/robotics/Lunabotics2024-ROS/install/mining_bot_base/share/mining_bot_base/local_setup.bash
[2.641s] -- Installing: /home/jayhaych02/robotics/Lunabotics2024-ROS/install/mining_bot_base/share/mining_bot_base/local_setup.sh
[2.641s] -- Installing: /home/jayhaych02/robotics/Lunabotics2024-ROS/install/mining_bot_base/share/mining_bot_base/local_setup.zsh
[2.641s] -- Installing: /home/jayhaych02/robotics/Lunabotics2024-ROS/install/mining_bot_base/share/mining_bot_base/local_setup.dsv
[2.641s] -- Installing: /home/jayhaych02/robotics/Lunabotics2024-ROS/install/mining_bot_base/share/mining_bot_base/package.dsv
[2.641s] -- Installing: /home/jayhaych02/robotics/Lunabotics2024-ROS/install/mining_bot_base/share/ament_index/resource_index/packages/mining_bot_base
[2.641s] -- Installing: /home/jayhaych02/robotics/Lunabotics2024-ROS/install/mining_bot_base/share/mining_bot_base/cmake/mining_bot_baseConfig.cmake
[2.641s] -- Installing: /home/jayhaych02/robotics/Lunabotics2024-ROS/install/mining_bot_base/share/mining_bot_base/cmake/mining_bot_baseConfig-version.cmake
[2.641s] -- Installing: /home/jayhaych02/robotics/Lunabotics2024-ROS/install/mining_bot_base/share/mining_bot_base/package.xml
[2.642s] Invoked command in '/home/jayhaych02/robotics/Lunabotics2024-ROS/build/mining_bot_base' returned '0': CMAKE_PREFIX_PATH=${CMAKE_PREFIX_PATH}:/opt/ros/humble /usr/bin/cmake --install /home/jayhaych02/robotics/Lunabotics2024-ROS/build/mining_bot_base
