[0.068s] DEBUG:colcon:Command line arguments: ['/usr/bin/colcon', 'build']
[0.068s] DEBUG:colcon:Parsed command line arguments: Namespace(log_base=None, log_level=None, verb_name='build', build_base='build', install_base='install', merge_install=False, symlink_install=False, test_result_base=None, continue_on_error=False, executor='parallel', parallel_workers=16, event_handlers=None, ignore_user_meta=False, metas=['./colcon.meta'], base_paths=['.'], packages_ignore=None, packages_ignore_regex=None, paths=None, packages_up_to=None, packages_up_to_regex=None, packages_above=None, packages_above_and_dependencies=None, packages_above_depth=None, packages_select_by_dep=None, packages_skip_by_dep=None, packages_skip_up_to=None, packages_select_build_failed=False, packages_skip_build_finished=False, packages_select_test_failures=False, packages_skip_test_passed=False, packages_select=None, packages_skip=None, packages_select_regex=None, packages_skip_regex=None, packages_start=None, packages_end=None, allow_overriding=[], cmake_args=None, cmake_target=None, cmake_target_skip_unavailable=False, cmake_clean_cache=False, cmake_clean_first=False, cmake_force_configure=False, ament_cmake_args=None, catkin_cmake_args=None, catkin_skip_building_tests=False, verb_parser=<colcon_defaults.argument_parser.defaults.DefaultArgumentsDecorator object at 0x76ce4300c040>, verb_extension=<colcon_core.verb.build.BuildVerb object at 0x76ce42fcefe0>, main=<bound method BuildVerb.main of <colcon_core.verb.build.BuildVerb object at 0x76ce42fcefe0>>)
[0.229s] Level 1:colcon.colcon_core.package_discovery:discover_packages(colcon_meta) check parameters
[0.229s] Level 1:colcon.colcon_core.package_discovery:discover_packages(recursive) check parameters
[0.229s] Level 1:colcon.colcon_core.package_discovery:discover_packages(ignore) check parameters
[0.229s] Level 1:colcon.colcon_core.package_discovery:discover_packages(path) check parameters
[0.229s] Level 1:colcon.colcon_core.package_discovery:discover_packages(colcon_meta) discover
[0.229s] Level 1:colcon.colcon_core.package_discovery:discover_packages(recursive) discover
[0.229s] INFO:colcon.colcon_core.package_discovery:Crawling recursively for packages in '/home/jayhaych/robotics/Lunabotics2024-ROS'
[0.229s] Level 1:colcon.colcon_core.package_identification:_identify(.) by extensions ['ignore', 'ignore_ament_install']
[0.229s] Level 1:colcon.colcon_core.package_identification:_identify(.) by extension 'ignore'
[0.229s] Level 1:colcon.colcon_core.package_identification:_identify(.) by extension 'ignore_ament_install'
[0.229s] Level 1:colcon.colcon_core.package_identification:_identify(.) by extensions ['colcon_pkg']
[0.229s] Level 1:colcon.colcon_core.package_identification:_identify(.) by extension 'colcon_pkg'
[0.229s] Level 1:colcon.colcon_core.package_identification:_identify(.) by extensions ['colcon_meta']
[0.229s] Level 1:colcon.colcon_core.package_identification:_identify(.) by extension 'colcon_meta'
[0.229s] Level 1:colcon.colcon_core.package_identification:_identify(.) by extensions ['ros']
[0.229s] Level 1:colcon.colcon_core.package_identification:_identify(.) by extension 'ros'
[0.240s] Level 1:colcon.colcon_core.package_identification:_identify(.) by extensions ['cmake', 'python']
[0.240s] Level 1:colcon.colcon_core.package_identification:_identify(.) by extension 'cmake'
[0.240s] Level 1:colcon.colcon_core.package_identification:_identify(.) by extension 'python'
[0.240s] Level 1:colcon.colcon_core.package_identification:_identify(.) by extensions ['python_setup_py']
[0.240s] Level 1:colcon.colcon_core.package_identification:_identify(.) by extension 'python_setup_py'
[0.240s] Level 1:colcon.colcon_core.package_identification:_identify(build) by extensions ['ignore', 'ignore_ament_install']
[0.240s] Level 1:colcon.colcon_core.package_identification:_identify(build) by extension 'ignore'
[0.240s] Level 1:colcon.colcon_core.package_identification:_identify(build) ignored
[0.240s] Level 1:colcon.colcon_core.package_identification:_identify(install) by extensions ['ignore', 'ignore_ament_install']
[0.240s] Level 1:colcon.colcon_core.package_identification:_identify(install) by extension 'ignore'
[0.240s] Level 1:colcon.colcon_core.package_identification:_identify(install) ignored
[0.241s] Level 1:colcon.colcon_core.package_identification:_identify(log) by extensions ['ignore', 'ignore_ament_install']
[0.241s] Level 1:colcon.colcon_core.package_identification:_identify(log) by extension 'ignore'
[0.241s] Level 1:colcon.colcon_core.package_identification:_identify(log) ignored
[0.241s] Level 1:colcon.colcon_core.package_identification:_identify(src) by extensions ['ignore', 'ignore_ament_install']
[0.241s] Level 1:colcon.colcon_core.package_identification:_identify(src) by extension 'ignore'
[0.241s] Level 1:colcon.colcon_core.package_identification:_identify(src) by extension 'ignore_ament_install'
[0.241s] Level 1:colcon.colcon_core.package_identification:_identify(src) by extensions ['colcon_pkg']
[0.241s] Level 1:colcon.colcon_core.package_identification:_identify(src) by extension 'colcon_pkg'
[0.241s] Level 1:colcon.colcon_core.package_identification:_identify(src) by extensions ['colcon_meta']
[0.241s] Level 1:colcon.colcon_core.package_identification:_identify(src) by extension 'colcon_meta'
[0.241s] Level 1:colcon.colcon_core.package_identification:_identify(src) by extensions ['ros']
[0.241s] Level 1:colcon.colcon_core.package_identification:_identify(src) by extension 'ros'
[0.241s] Level 1:colcon.colcon_core.package_identification:_identify(src) by extensions ['cmake', 'python']
[0.241s] Level 1:colcon.colcon_core.package_identification:_identify(src) by extension 'cmake'
[0.241s] Level 1:colcon.colcon_core.package_identification:_identify(src) by extension 'python'
[0.241s] Level 1:colcon.colcon_core.package_identification:_identify(src) by extensions ['python_setup_py']
[0.241s] Level 1:colcon.colcon_core.package_identification:_identify(src) by extension 'python_setup_py'
[0.241s] Level 1:colcon.colcon_core.package_identification:_identify(src/mining_bot_autonomous) by extensions ['ignore', 'ignore_ament_install']
[0.241s] Level 1:colcon.colcon_core.package_identification:_identify(src/mining_bot_autonomous) by extension 'ignore'
[0.241s] Level 1:colcon.colcon_core.package_identification:_identify(src/mining_bot_autonomous) by extension 'ignore_ament_install'
[0.241s] Level 1:colcon.colcon_core.package_identification:_identify(src/mining_bot_autonomous) by extensions ['colcon_pkg']
[0.241s] Level 1:colcon.colcon_core.package_identification:_identify(src/mining_bot_autonomous) by extension 'colcon_pkg'
[0.241s] Level 1:colcon.colcon_core.package_identification:_identify(src/mining_bot_autonomous) by extensions ['colcon_meta']
[0.242s] Level 1:colcon.colcon_core.package_identification:_identify(src/mining_bot_autonomous) by extension 'colcon_meta'
[0.242s] Level 1:colcon.colcon_core.package_identification:_identify(src/mining_bot_autonomous) by extensions ['ros']
[0.242s] Level 1:colcon.colcon_core.package_identification:_identify(src/mining_bot_autonomous) by extension 'ros'
[0.249s] DEBUG:colcon.colcon_core.package_identification:Package 'src/mining_bot_autonomous' with type 'ros.ament_cmake' and name 'mining_bot_autonomous'
[0.249s] Level 1:colcon.colcon_core.package_identification:_identify(src/mining_bot_base) by extensions ['ignore', 'ignore_ament_install']
[0.249s] Level 1:colcon.colcon_core.package_identification:_identify(src/mining_bot_base) by extension 'ignore'
[0.249s] Level 1:colcon.colcon_core.package_identification:_identify(src/mining_bot_base) by extension 'ignore_ament_install'
[0.250s] Level 1:colcon.colcon_core.package_identification:_identify(src/mining_bot_base) by extensions ['colcon_pkg']
[0.250s] Level 1:colcon.colcon_core.package_identification:_identify(src/mining_bot_base) by extension 'colcon_pkg'
[0.250s] Level 1:colcon.colcon_core.package_identification:_identify(src/mining_bot_base) by extensions ['colcon_meta']
[0.250s] Level 1:colcon.colcon_core.package_identification:_identify(src/mining_bot_base) by extension 'colcon_meta'
[0.250s] Level 1:colcon.colcon_core.package_identification:_identify(src/mining_bot_base) by extensions ['ros']
[0.250s] Level 1:colcon.colcon_core.package_identification:_identify(src/mining_bot_base) by extension 'ros'
[0.250s] DEBUG:colcon.colcon_core.package_identification:Package 'src/mining_bot_base' with type 'ros.ament_cmake' and name 'mining_bot_base'
[0.250s] Level 1:colcon.colcon_core.package_discovery:discover_packages(recursive) using defaults
[0.250s] Level 1:colcon.colcon_core.package_discovery:discover_packages(ignore) discover
[0.250s] Level 1:colcon.colcon_core.package_discovery:discover_packages(ignore) using defaults
[0.251s] Level 1:colcon.colcon_core.package_discovery:discover_packages(path) discover
[0.251s] Level 1:colcon.colcon_core.package_discovery:discover_packages(path) using defaults
[0.277s] Level 1:colcon.colcon_core.package_discovery:discover_packages(prefix_path) check parameters
[0.278s] Level 1:colcon.colcon_core.package_discovery:discover_packages(prefix_path) discover
[0.279s] DEBUG:colcon.colcon_installed_package_information.package_discovery:Found 0 installed packages in /home/jayhaych/robotics/Lunabotics2024-ROS/install
[0.281s] DEBUG:colcon.colcon_installed_package_information.package_discovery:Found 323 installed packages in /opt/ros/humble
[0.283s] Level 1:colcon.colcon_core.package_discovery:discover_packages(prefix_path) using defaults
[0.323s] Level 5:colcon.colcon_core.verb:set package 'mining_bot_autonomous' build argument 'cmake_args' from command line to 'None'
[0.323s] Level 5:colcon.colcon_core.verb:set package 'mining_bot_autonomous' build argument 'cmake_target' from command line to 'None'
[0.323s] Level 5:colcon.colcon_core.verb:set package 'mining_bot_autonomous' build argument 'cmake_target_skip_unavailable' from command line to 'False'
[0.323s] Level 5:colcon.colcon_core.verb:set package 'mining_bot_autonomous' build argument 'cmake_clean_cache' from command line to 'False'
[0.323s] Level 5:colcon.colcon_core.verb:set package 'mining_bot_autonomous' build argument 'cmake_clean_first' from command line to 'False'
[0.323s] Level 5:colcon.colcon_core.verb:set package 'mining_bot_autonomous' build argument 'cmake_force_configure' from command line to 'False'
[0.323s] Level 5:colcon.colcon_core.verb:set package 'mining_bot_autonomous' build argument 'ament_cmake_args' from command line to 'None'
[0.323s] Level 5:colcon.colcon_core.verb:set package 'mining_bot_autonomous' build argument 'catkin_cmake_args' from command line to 'None'
[0.323s] Level 5:colcon.colcon_core.verb:set package 'mining_bot_autonomous' build argument 'catkin_skip_building_tests' from command line to 'False'
[0.323s] DEBUG:colcon.colcon_core.verb:Building package 'mining_bot_autonomous' with the following arguments: {'ament_cmake_args': None, 'build_base': '/home/jayhaych/robotics/Lunabotics2024-ROS/build/mining_bot_autonomous', 'catkin_cmake_args': None, 'catkin_skip_building_tests': False, 'cmake_args': None, 'cmake_clean_cache': False, 'cmake_clean_first': False, 'cmake_force_configure': False, 'cmake_target': None, 'cmake_target_skip_unavailable': False, 'install_base': '/home/jayhaych/robotics/Lunabotics2024-ROS/install/mining_bot_autonomous', 'merge_install': False, 'path': '/home/jayhaych/robotics/Lunabotics2024-ROS/src/mining_bot_autonomous', 'symlink_install': False, 'test_result_base': None}
[0.324s] Level 5:colcon.colcon_core.verb:set package 'mining_bot_base' build argument 'cmake_args' from command line to 'None'
[0.324s] Level 5:colcon.colcon_core.verb:set package 'mining_bot_base' build argument 'cmake_target' from command line to 'None'
[0.324s] Level 5:colcon.colcon_core.verb:set package 'mining_bot_base' build argument 'cmake_target_skip_unavailable' from command line to 'False'
[0.324s] Level 5:colcon.colcon_core.verb:set package 'mining_bot_base' build argument 'cmake_clean_cache' from command line to 'False'
[0.324s] Level 5:colcon.colcon_core.verb:set package 'mining_bot_base' build argument 'cmake_clean_first' from command line to 'False'
[0.324s] Level 5:colcon.colcon_core.verb:set package 'mining_bot_base' build argument 'cmake_force_configure' from command line to 'False'
[0.324s] Level 5:colcon.colcon_core.verb:set package 'mining_bot_base' build argument 'ament_cmake_args' from command line to 'None'
[0.324s] Level 5:colcon.colcon_core.verb:set package 'mining_bot_base' build argument 'catkin_cmake_args' from command line to 'None'
[0.324s] Level 5:colcon.colcon_core.verb:set package 'mining_bot_base' build argument 'catkin_skip_building_tests' from command line to 'False'
[0.324s] DEBUG:colcon.colcon_core.verb:Building package 'mining_bot_base' with the following arguments: {'ament_cmake_args': None, 'build_base': '/home/jayhaych/robotics/Lunabotics2024-ROS/build/mining_bot_base', 'catkin_cmake_args': None, 'catkin_skip_building_tests': False, 'cmake_args': None, 'cmake_clean_cache': False, 'cmake_clean_first': False, 'cmake_force_configure': False, 'cmake_target': None, 'cmake_target_skip_unavailable': False, 'install_base': '/home/jayhaych/robotics/Lunabotics2024-ROS/install/mining_bot_base', 'merge_install': False, 'path': '/home/jayhaych/robotics/Lunabotics2024-ROS/src/mining_bot_base', 'symlink_install': False, 'test_result_base': None}
[0.324s] INFO:colcon.colcon_core.executor:Executing jobs using 'parallel' executor
[0.325s] DEBUG:colcon.colcon_parallel_executor.executor.parallel:run_until_complete
[0.325s] INFO:colcon.colcon_ros.task.ament_cmake.build:Building ROS package in '/home/jayhaych/robotics/Lunabotics2024-ROS/src/mining_bot_autonomous' with build type 'ament_cmake'
[0.326s] INFO:colcon.colcon_cmake.task.cmake.build:Building CMake package in '/home/jayhaych/robotics/Lunabotics2024-ROS/src/mining_bot_autonomous'
[0.327s] INFO:colcon.colcon_core.plugin_system:Skipping extension 'colcon_core.shell.bat': Not used on non-Windows systems
[0.327s] INFO:colcon.colcon_core.shell:Skip shell extension 'powershell' for command environment: Not usable outside of PowerShell
[0.327s] DEBUG:colcon.colcon_core.shell:Skip shell extension 'dsv' for command environment
[0.331s] INFO:colcon.colcon_ros.task.ament_cmake.build:Building ROS package in '/home/jayhaych/robotics/Lunabotics2024-ROS/src/mining_bot_base' with build type 'ament_cmake'
[0.331s] INFO:colcon.colcon_cmake.task.cmake.build:Building CMake package in '/home/jayhaych/robotics/Lunabotics2024-ROS/src/mining_bot_base'
[0.331s] INFO:colcon.colcon_core.shell:Skip shell extension 'powershell' for command environment: Not usable outside of PowerShell
[0.331s] DEBUG:colcon.colcon_core.shell:Skip shell extension 'dsv' for command environment
[0.337s] DEBUG:colcon.colcon_core.event_handler.log_command:Invoking command in '/home/jayhaych/robotics/Lunabotics2024-ROS/build/mining_bot_autonomous': CMAKE_PREFIX_PATH=/opt/ros/humble /usr/bin/cmake /home/jayhaych/robotics/Lunabotics2024-ROS/src/mining_bot_autonomous -DCMAKE_INSTALL_PREFIX=/home/jayhaych/robotics/Lunabotics2024-ROS/install/mining_bot_autonomous
[0.348s] DEBUG:colcon.colcon_core.event_handler.log_command:Invoking command in '/home/jayhaych/robotics/Lunabotics2024-ROS/build/mining_bot_base': CMAKE_PREFIX_PATH=/opt/ros/humble /usr/bin/cmake /home/jayhaych/robotics/Lunabotics2024-ROS/src/mining_bot_base -DCMAKE_INSTALL_PREFIX=/home/jayhaych/robotics/Lunabotics2024-ROS/install/mining_bot_base
[1.623s] DEBUG:colcon.colcon_core.event_handler.log_command:Invoked command in '/home/jayhaych/robotics/Lunabotics2024-ROS/build/mining_bot_autonomous' returned '0': CMAKE_PREFIX_PATH=/opt/ros/humble /usr/bin/cmake /home/jayhaych/robotics/Lunabotics2024-ROS/src/mining_bot_autonomous -DCMAKE_INSTALL_PREFIX=/home/jayhaych/robotics/Lunabotics2024-ROS/install/mining_bot_autonomous
[1.626s] DEBUG:colcon.colcon_core.event_handler.log_command:Invoking command in '/home/jayhaych/robotics/Lunabotics2024-ROS/build/mining_bot_autonomous': CMAKE_PREFIX_PATH=/opt/ros/humble /usr/bin/cmake --build /home/jayhaych/robotics/Lunabotics2024-ROS/build/mining_bot_autonomous -- -j16 -l16
[1.670s] DEBUG:colcon.colcon_core.event_handler.log_command:Invoked command in '/home/jayhaych/robotics/Lunabotics2024-ROS/build/mining_bot_autonomous' returned '0': CMAKE_PREFIX_PATH=/opt/ros/humble /usr/bin/cmake --build /home/jayhaych/robotics/Lunabotics2024-ROS/build/mining_bot_autonomous -- -j16 -l16
[1.681s] DEBUG:colcon.colcon_core.event_handler.log_command:Invoking command in '/home/jayhaych/robotics/Lunabotics2024-ROS/build/mining_bot_autonomous': CMAKE_PREFIX_PATH=/opt/ros/humble /usr/bin/cmake --install /home/jayhaych/robotics/Lunabotics2024-ROS/build/mining_bot_autonomous
[1.691s] Level 1:colcon.colcon_core.environment:create_environment_scripts_only(mining_bot_autonomous)
[1.692s] DEBUG:colcon.colcon_core.event_handler.log_command:Invoked command in '/home/jayhaych/robotics/Lunabotics2024-ROS/build/mining_bot_autonomous' returned '0': CMAKE_PREFIX_PATH=/opt/ros/humble /usr/bin/cmake --install /home/jayhaych/robotics/Lunabotics2024-ROS/build/mining_bot_autonomous
[1.697s] Level 1:colcon.colcon_core.environment:checking '/home/jayhaych/robotics/Lunabotics2024-ROS/install/mining_bot_autonomous' for CMake module files
[1.698s] Level 1:colcon.colcon_core.environment:checking '/home/jayhaych/robotics/Lunabotics2024-ROS/install/mining_bot_autonomous' for CMake config files
[1.698s] Level 1:colcon.colcon_core.shell:create_environment_hook('mining_bot_autonomous', 'cmake_prefix_path')
[1.698s] INFO:colcon.colcon_core.shell:Creating environment hook '/home/jayhaych/robotics/Lunabotics2024-ROS/install/mining_bot_autonomous/share/mining_bot_autonomous/hook/cmake_prefix_path.ps1'
[1.700s] INFO:colcon.colcon_core.shell:Creating environment descriptor '/home/jayhaych/robotics/Lunabotics2024-ROS/install/mining_bot_autonomous/share/mining_bot_autonomous/hook/cmake_prefix_path.dsv'
[1.701s] INFO:colcon.colcon_core.shell:Creating environment hook '/home/jayhaych/robotics/Lunabotics2024-ROS/install/mining_bot_autonomous/share/mining_bot_autonomous/hook/cmake_prefix_path.sh'
[1.702s] Level 1:colcon.colcon_core.environment:checking '/home/jayhaych/robotics/Lunabotics2024-ROS/install/mining_bot_autonomous/bin'
[1.702s] Level 1:colcon.colcon_core.environment:checking '/home/jayhaych/robotics/Lunabotics2024-ROS/install/mining_bot_autonomous/lib/pkgconfig/mining_bot_autonomous.pc'
[1.702s] Level 1:colcon.colcon_core.environment:checking '/home/jayhaych/robotics/Lunabotics2024-ROS/install/mining_bot_autonomous/lib/python3.10/site-packages'
[1.702s] Level 1:colcon.colcon_core.environment:checking '/home/jayhaych/robotics/Lunabotics2024-ROS/install/mining_bot_autonomous/bin'
[1.703s] INFO:colcon.colcon_core.shell:Creating package script '/home/jayhaych/robotics/Lunabotics2024-ROS/install/mining_bot_autonomous/share/mining_bot_autonomous/package.ps1'
[1.704s] INFO:colcon.colcon_core.shell:Creating package descriptor '/home/jayhaych/robotics/Lunabotics2024-ROS/install/mining_bot_autonomous/share/mining_bot_autonomous/package.dsv'
[1.704s] INFO:colcon.colcon_core.shell:Creating package script '/home/jayhaych/robotics/Lunabotics2024-ROS/install/mining_bot_autonomous/share/mining_bot_autonomous/package.sh'
[1.705s] INFO:colcon.colcon_core.shell:Creating package script '/home/jayhaych/robotics/Lunabotics2024-ROS/install/mining_bot_autonomous/share/mining_bot_autonomous/package.bash'
[1.706s] INFO:colcon.colcon_core.shell:Creating package script '/home/jayhaych/robotics/Lunabotics2024-ROS/install/mining_bot_autonomous/share/mining_bot_autonomous/package.zsh'
[1.707s] Level 1:colcon.colcon_core.environment:create_file_with_runtime_dependencies(/home/jayhaych/robotics/Lunabotics2024-ROS/install/mining_bot_autonomous/share/colcon-core/packages/mining_bot_autonomous)
[1.708s] Level 1:colcon.colcon_core.environment:create_environment_scripts_only(mining_bot_autonomous)
[1.708s] Level 1:colcon.colcon_core.environment:checking '/home/jayhaych/robotics/Lunabotics2024-ROS/install/mining_bot_autonomous' for CMake module files
[1.708s] Level 1:colcon.colcon_core.environment:checking '/home/jayhaych/robotics/Lunabotics2024-ROS/install/mining_bot_autonomous' for CMake config files
[1.709s] Level 1:colcon.colcon_core.shell:create_environment_hook('mining_bot_autonomous', 'cmake_prefix_path')
[1.709s] INFO:colcon.colcon_core.shell:Creating environment hook '/home/jayhaych/robotics/Lunabotics2024-ROS/install/mining_bot_autonomous/share/mining_bot_autonomous/hook/cmake_prefix_path.ps1'
[1.709s] INFO:colcon.colcon_core.shell:Creating environment descriptor '/home/jayhaych/robotics/Lunabotics2024-ROS/install/mining_bot_autonomous/share/mining_bot_autonomous/hook/cmake_prefix_path.dsv'
[1.710s] INFO:colcon.colcon_core.shell:Creating environment hook '/home/jayhaych/robotics/Lunabotics2024-ROS/install/mining_bot_autonomous/share/mining_bot_autonomous/hook/cmake_prefix_path.sh'
[1.710s] Level 1:colcon.colcon_core.environment:checking '/home/jayhaych/robotics/Lunabotics2024-ROS/install/mining_bot_autonomous/bin'
[1.710s] Level 1:colcon.colcon_core.environment:checking '/home/jayhaych/robotics/Lunabotics2024-ROS/install/mining_bot_autonomous/lib/pkgconfig/mining_bot_autonomous.pc'
[1.710s] Level 1:colcon.colcon_core.environment:checking '/home/jayhaych/robotics/Lunabotics2024-ROS/install/mining_bot_autonomous/lib/python3.10/site-packages'
[1.711s] Level 1:colcon.colcon_core.environment:checking '/home/jayhaych/robotics/Lunabotics2024-ROS/install/mining_bot_autonomous/bin'
[1.711s] INFO:colcon.colcon_core.shell:Creating package script '/home/jayhaych/robotics/Lunabotics2024-ROS/install/mining_bot_autonomous/share/mining_bot_autonomous/package.ps1'
[1.711s] INFO:colcon.colcon_core.shell:Creating package descriptor '/home/jayhaych/robotics/Lunabotics2024-ROS/install/mining_bot_autonomous/share/mining_bot_autonomous/package.dsv'
[1.712s] INFO:colcon.colcon_core.shell:Creating package script '/home/jayhaych/robotics/Lunabotics2024-ROS/install/mining_bot_autonomous/share/mining_bot_autonomous/package.sh'
[1.712s] INFO:colcon.colcon_core.shell:Creating package script '/home/jayhaych/robotics/Lunabotics2024-ROS/install/mining_bot_autonomous/share/mining_bot_autonomous/package.bash'
[1.713s] INFO:colcon.colcon_core.shell:Creating package script '/home/jayhaych/robotics/Lunabotics2024-ROS/install/mining_bot_autonomous/share/mining_bot_autonomous/package.zsh'
[1.713s] Level 1:colcon.colcon_core.environment:create_file_with_runtime_dependencies(/home/jayhaych/robotics/Lunabotics2024-ROS/install/mining_bot_autonomous/share/colcon-core/packages/mining_bot_autonomous)
[1.799s] DEBUG:colcon.colcon_core.event_handler.log_command:Invoked command in '/home/jayhaych/robotics/Lunabotics2024-ROS/build/mining_bot_base' returned '0': CMAKE_PREFIX_PATH=/opt/ros/humble /usr/bin/cmake /home/jayhaych/robotics/Lunabotics2024-ROS/src/mining_bot_base -DCMAKE_INSTALL_PREFIX=/home/jayhaych/robotics/Lunabotics2024-ROS/install/mining_bot_base
[1.799s] DEBUG:colcon.colcon_core.event_handler.log_command:Invoking command in '/home/jayhaych/robotics/Lunabotics2024-ROS/build/mining_bot_base': CMAKE_PREFIX_PATH=/opt/ros/humble /usr/bin/cmake --build /home/jayhaych/robotics/Lunabotics2024-ROS/build/mining_bot_base -- -j16 -l16
[1.847s] DEBUG:colcon.colcon_core.event_handler.log_command:Invoked command in '/home/jayhaych/robotics/Lunabotics2024-ROS/build/mining_bot_base' returned '0': CMAKE_PREFIX_PATH=/opt/ros/humble /usr/bin/cmake --build /home/jayhaych/robotics/Lunabotics2024-ROS/build/mining_bot_base -- -j16 -l16
[1.850s] DEBUG:colcon.colcon_core.event_handler.log_command:Invoking command in '/home/jayhaych/robotics/Lunabotics2024-ROS/build/mining_bot_base': CMAKE_PREFIX_PATH=/opt/ros/humble /usr/bin/cmake --install /home/jayhaych/robotics/Lunabotics2024-ROS/build/mining_bot_base
[1.860s] Level 1:colcon.colcon_core.environment:create_environment_scripts_only(mining_bot_base)
[1.861s] Level 1:colcon.colcon_core.environment:checking '/home/jayhaych/robotics/Lunabotics2024-ROS/install/mining_bot_base' for CMake module files
[1.861s] Level 1:colcon.colcon_core.environment:checking '/home/jayhaych/robotics/Lunabotics2024-ROS/install/mining_bot_base' for CMake config files
[1.861s] DEBUG:colcon.colcon_core.event_handler.log_command:Invoked command in '/home/jayhaych/robotics/Lunabotics2024-ROS/build/mining_bot_base' returned '0': CMAKE_PREFIX_PATH=/opt/ros/humble /usr/bin/cmake --install /home/jayhaych/robotics/Lunabotics2024-ROS/build/mining_bot_base
[1.862s] Level 1:colcon.colcon_core.shell:create_environment_hook('mining_bot_base', 'cmake_prefix_path')
[1.862s] INFO:colcon.colcon_core.shell:Creating environment hook '/home/jayhaych/robotics/Lunabotics2024-ROS/install/mining_bot_base/share/mining_bot_base/hook/cmake_prefix_path.ps1'
[1.862s] INFO:colcon.colcon_core.shell:Creating environment descriptor '/home/jayhaych/robotics/Lunabotics2024-ROS/install/mining_bot_base/share/mining_bot_base/hook/cmake_prefix_path.dsv'
[1.862s] INFO:colcon.colcon_core.shell:Creating environment hook '/home/jayhaych/robotics/Lunabotics2024-ROS/install/mining_bot_base/share/mining_bot_base/hook/cmake_prefix_path.sh'
[1.863s] Level 1:colcon.colcon_core.environment:checking '/home/jayhaych/robotics/Lunabotics2024-ROS/install/mining_bot_base/bin'
[1.863s] Level 1:colcon.colcon_core.environment:checking '/home/jayhaych/robotics/Lunabotics2024-ROS/install/mining_bot_base/lib/pkgconfig/mining_bot_base.pc'
[1.863s] Level 1:colcon.colcon_core.environment:checking '/home/jayhaych/robotics/Lunabotics2024-ROS/install/mining_bot_base/lib/python3.10/site-packages'
[1.863s] Level 1:colcon.colcon_core.environment:checking '/home/jayhaych/robotics/Lunabotics2024-ROS/install/mining_bot_base/bin'
[1.863s] INFO:colcon.colcon_core.shell:Creating package script '/home/jayhaych/robotics/Lunabotics2024-ROS/install/mining_bot_base/share/mining_bot_base/package.ps1'
[1.864s] INFO:colcon.colcon_core.shell:Creating package descriptor '/home/jayhaych/robotics/Lunabotics2024-ROS/install/mining_bot_base/share/mining_bot_base/package.dsv'
[1.864s] INFO:colcon.colcon_core.shell:Creating package script '/home/jayhaych/robotics/Lunabotics2024-ROS/install/mining_bot_base/share/mining_bot_base/package.sh'
[1.865s] INFO:colcon.colcon_core.shell:Creating package script '/home/jayhaych/robotics/Lunabotics2024-ROS/install/mining_bot_base/share/mining_bot_base/package.bash'
[1.865s] INFO:colcon.colcon_core.shell:Creating package script '/home/jayhaych/robotics/Lunabotics2024-ROS/install/mining_bot_base/share/mining_bot_base/package.zsh'
[1.865s] Level 1:colcon.colcon_core.environment:create_file_with_runtime_dependencies(/home/jayhaych/robotics/Lunabotics2024-ROS/install/mining_bot_base/share/colcon-core/packages/mining_bot_base)
[1.866s] Level 1:colcon.colcon_core.environment:create_environment_scripts_only(mining_bot_base)
[1.866s] Level 1:colcon.colcon_core.environment:checking '/home/jayhaych/robotics/Lunabotics2024-ROS/install/mining_bot_base' for CMake module files
[1.866s] Level 1:colcon.colcon_core.environment:checking '/home/jayhaych/robotics/Lunabotics2024-ROS/install/mining_bot_base' for CMake config files
[1.867s] Level 1:colcon.colcon_core.shell:create_environment_hook('mining_bot_base', 'cmake_prefix_path')
[1.867s] INFO:colcon.colcon_core.shell:Creating environment hook '/home/jayhaych/robotics/Lunabotics2024-ROS/install/mining_bot_base/share/mining_bot_base/hook/cmake_prefix_path.ps1'
[1.867s] INFO:colcon.colcon_core.shell:Creating environment descriptor '/home/jayhaych/robotics/Lunabotics2024-ROS/install/mining_bot_base/share/mining_bot_base/hook/cmake_prefix_path.dsv'
[1.868s] INFO:colcon.colcon_core.shell:Creating environment hook '/home/jayhaych/robotics/Lunabotics2024-ROS/install/mining_bot_base/share/mining_bot_base/hook/cmake_prefix_path.sh'
[1.869s] Level 1:colcon.colcon_core.environment:checking '/home/jayhaych/robotics/Lunabotics2024-ROS/install/mining_bot_base/bin'
[1.869s] Level 1:colcon.colcon_core.environment:checking '/home/jayhaych/robotics/Lunabotics2024-ROS/install/mining_bot_base/lib/pkgconfig/mining_bot_base.pc'
[1.869s] Level 1:colcon.colcon_core.environment:checking '/home/jayhaych/robotics/Lunabotics2024-ROS/install/mining_bot_base/lib/python3.10/site-packages'
[1.869s] Level 1:colcon.colcon_core.environment:checking '/home/jayhaych/robotics/Lunabotics2024-ROS/install/mining_bot_base/bin'
[1.869s] INFO:colcon.colcon_core.shell:Creating package script '/home/jayhaych/robotics/Lunabotics2024-ROS/install/mining_bot_base/share/mining_bot_base/package.ps1'
[1.870s] INFO:colcon.colcon_core.shell:Creating package descriptor '/home/jayhaych/robotics/Lunabotics2024-ROS/install/mining_bot_base/share/mining_bot_base/package.dsv'
[1.870s] INFO:colcon.colcon_core.shell:Creating package script '/home/jayhaych/robotics/Lunabotics2024-ROS/install/mining_bot_base/share/mining_bot_base/package.sh'
[1.871s] INFO:colcon.colcon_core.shell:Creating package script '/home/jayhaych/robotics/Lunabotics2024-ROS/install/mining_bot_base/share/mining_bot_base/package.bash'
[1.871s] INFO:colcon.colcon_core.shell:Creating package script '/home/jayhaych/robotics/Lunabotics2024-ROS/install/mining_bot_base/share/mining_bot_base/package.zsh'
[1.872s] Level 1:colcon.colcon_core.environment:create_file_with_runtime_dependencies(/home/jayhaych/robotics/Lunabotics2024-ROS/install/mining_bot_base/share/colcon-core/packages/mining_bot_base)
[1.872s] DEBUG:colcon.colcon_parallel_executor.executor.parallel:closing loop
[1.872s] DEBUG:colcon.colcon_parallel_executor.executor.parallel:loop closed
[1.872s] DEBUG:colcon.colcon_parallel_executor.executor.parallel:run_until_complete finished with '0'
[1.873s] DEBUG:colcon.colcon_core.event_reactor:joining thread
[1.877s] INFO:colcon.colcon_core.plugin_system:Skipping extension 'colcon_notification.desktop_notification.terminal_notifier': Not used on non-Darwin systems
[1.878s] INFO:colcon.colcon_core.plugin_system:Skipping extension 'colcon_notification.desktop_notification.win32': Not used on non-Windows systems
[1.878s] INFO:colcon.colcon_notification.desktop_notification:Sending desktop notification using 'notify2'
[1.889s] DEBUG:colcon.colcon_core.event_reactor:joined thread
[1.890s] INFO:colcon.colcon_core.shell:Creating prefix script '/home/jayhaych/robotics/Lunabotics2024-ROS/install/local_setup.ps1'
[1.890s] INFO:colcon.colcon_core.shell:Creating prefix util module '/home/jayhaych/robotics/Lunabotics2024-ROS/install/_local_setup_util_ps1.py'
[1.892s] INFO:colcon.colcon_core.shell:Creating prefix chain script '/home/jayhaych/robotics/Lunabotics2024-ROS/install/setup.ps1'
[1.893s] INFO:colcon.colcon_core.shell:Creating prefix script '/home/jayhaych/robotics/Lunabotics2024-ROS/install/local_setup.sh'
[1.894s] INFO:colcon.colcon_core.shell:Creating prefix util module '/home/jayhaych/robotics/Lunabotics2024-ROS/install/_local_setup_util_sh.py'
[1.894s] INFO:colcon.colcon_core.shell:Creating prefix chain script '/home/jayhaych/robotics/Lunabotics2024-ROS/install/setup.sh'
[1.895s] INFO:colcon.colcon_core.shell:Creating prefix script '/home/jayhaych/robotics/Lunabotics2024-ROS/install/local_setup.bash'
[1.896s] INFO:colcon.colcon_core.shell:Creating prefix chain script '/home/jayhaych/robotics/Lunabotics2024-ROS/install/setup.bash'
[1.897s] INFO:colcon.colcon_core.shell:Creating prefix script '/home/jayhaych/robotics/Lunabotics2024-ROS/install/local_setup.zsh'
[1.897s] INFO:colcon.colcon_core.shell:Creating prefix chain script '/home/jayhaych/robotics/Lunabotics2024-ROS/install/setup.zsh'
