[0.017s] Invoking command in '/home/jayhaych/robotics/Lunabotics2024-ROS/build/mining_bot_base': CMAKE_PREFIX_PATH=/opt/ros/humble /usr/bin/cmake /home/jayhaych/robotics/Lunabotics2024-ROS/src/mining_bot_base -DCMAKE_INSTALL_PREFIX=/home/jayhaych/robotics/Lunabotics2024-ROS/install/mining_bot_base
[0.144s] -- The C compiler identification is GNU 11.4.0
[0.232s] -- The CXX compiler identification is GNU 11.4.0
[0.247s] -- Detecting C compiler ABI info
[0.334s] -- Detecting C compiler ABI info - done
[0.340s] -- Check for working C compiler: /usr/bin/cc - skipped
[0.341s] -- Detecting C compile features
[0.342s] -- Detecting C compile features - done
[0.346s] -- Detecting CXX compiler ABI info
[0.436s] -- Detecting CXX compiler ABI info - done
[0.442s] -- Check for working CXX compiler: /usr/bin/c++ - skipped
[0.443s] -- Detecting CXX compile features
[0.443s] -- Detecting CXX compile features - done
[0.445s] -- Found ament_cmake: 1.3.11 (/opt/ros/humble/share/ament_cmake/cmake)
[0.568s] -- Found Python3: /usr/bin/python3 (found version "3.10.12") found components: Interpreter 
[0.662s] -- Found rclcpp: 16.0.11 (/opt/ros/humble/share/rclcpp/cmake)
[0.707s] -- Found rosidl_generator_c: 3.1.6 (/opt/ros/humble/share/rosidl_generator_c/cmake)
[0.714s] -- Found rosidl_adapter: 3.1.6 (/opt/ros/humble/share/rosidl_adapter/cmake)
[0.727s] -- Found rosidl_generator_cpp: 3.1.6 (/opt/ros/humble/share/rosidl_generator_cpp/cmake)
[0.739s] -- Using all available rosidl_typesupport_c: rosidl_typesupport_fastrtps_c;rosidl_typesupport_introspection_c
[0.761s] -- Using all available rosidl_typesupport_cpp: rosidl_typesupport_fastrtps_cpp;rosidl_typesupport_introspection_cpp
[0.800s] -- Found rmw_implementation_cmake: 6.1.2 (/opt/ros/humble/share/rmw_implementation_cmake/cmake)
[0.802s] -- Found rmw_fastrtps_cpp: 6.2.7 (/opt/ros/humble/share/rmw_fastrtps_cpp/cmake)
[0.902s] -- Found OpenSSL: /usr/lib/x86_64-linux-gnu/libcrypto.so (found version "3.0.2")  
[0.925s] -- Found FastRTPS: /opt/ros/humble/include  
[0.960s] -- Using RMW implementation 'rmw_fastrtps_cpp' as default
[0.971s] -- Looking for pthread.h
[1.066s] -- Looking for pthread.h - found
[1.066s] -- Performing Test CMAKE_HAVE_LIBC_PTHREAD
[1.150s] -- Performing Test CMAKE_HAVE_LIBC_PTHREAD - Success
[1.151s] -- Found Threads: TRUE  
[1.201s] -- Found hardware_interface: 2.44.0 (/opt/ros/humble/share/hardware_interface/cmake)
[1.374s] -- Found ament_lint_auto: 0.12.11 (/opt/ros/humble/share/ament_lint_auto/cmake)
[1.445s] -- Added test 'cppcheck' to perform static code analysis on C / C++ code
[1.445s] -- Configured cppcheck include dirs: 
[1.445s] -- Configured cppcheck exclude dirs and/or files: 
[1.447s] -- Added test 'lint_cmake' to check CMake code style
[1.448s] -- Added test 'uncrustify' to check C / C++ code style
[1.448s] -- Configured uncrustify additional arguments: 
[1.448s] -- Added test 'xmllint' to check XML markup files
[1.449s] -- Configuring done
[1.453s] -- Generating done
[1.456s] -- Build files have been written to: /home/jayhaych/robotics/Lunabotics2024-ROS/build/mining_bot_base
[1.467s] Invoked command in '/home/jayhaych/robotics/Lunabotics2024-ROS/build/mining_bot_base' returned '0': CMAKE_PREFIX_PATH=/opt/ros/humble /usr/bin/cmake /home/jayhaych/robotics/Lunabotics2024-ROS/src/mining_bot_base -DCMAKE_INSTALL_PREFIX=/home/jayhaych/robotics/Lunabotics2024-ROS/install/mining_bot_base
[1.468s] Invoking command in '/home/jayhaych/robotics/Lunabotics2024-ROS/build/mining_bot_base': CMAKE_PREFIX_PATH=/opt/ros/humble /usr/bin/cmake --build /home/jayhaych/robotics/Lunabotics2024-ROS/build/mining_bot_base -- -j16 -l16
[1.516s] Invoked command in '/home/jayhaych/robotics/Lunabotics2024-ROS/build/mining_bot_base' returned '0': CMAKE_PREFIX_PATH=/opt/ros/humble /usr/bin/cmake --build /home/jayhaych/robotics/Lunabotics2024-ROS/build/mining_bot_base -- -j16 -l16
[1.518s] Invoking command in '/home/jayhaych/robotics/Lunabotics2024-ROS/build/mining_bot_base': CMAKE_PREFIX_PATH=/opt/ros/humble /usr/bin/cmake --install /home/jayhaych/robotics/Lunabotics2024-ROS/build/mining_bot_base
[1.526s] -- Install configuration: ""
[1.526s] -- Installing: /home/jayhaych/robotics/Lunabotics2024-ROS/install/mining_bot_base/share/ament_index/resource_index/package_run_dependencies/mining_bot_base
[1.527s] -- Installing: /home/jayhaych/robotics/Lunabotics2024-ROS/install/mining_bot_base/share/ament_index/resource_index/parent_prefix_path/mining_bot_base
[1.527s] -- Installing: /home/jayhaych/robotics/Lunabotics2024-ROS/install/mining_bot_base/share/mining_bot_base/environment/ament_prefix_path.sh
[1.527s] -- Installing: /home/jayhaych/robotics/Lunabotics2024-ROS/install/mining_bot_base/share/mining_bot_base/environment/ament_prefix_path.dsv
[1.527s] -- Installing: /home/jayhaych/robotics/Lunabotics2024-ROS/install/mining_bot_base/share/mining_bot_base/environment/path.sh
[1.527s] -- Installing: /home/jayhaych/robotics/Lunabotics2024-ROS/install/mining_bot_base/share/mining_bot_base/environment/path.dsv
[1.527s] -- Installing: /home/jayhaych/robotics/Lunabotics2024-ROS/install/mining_bot_base/share/mining_bot_base/local_setup.bash
[1.527s] -- Installing: /home/jayhaych/robotics/Lunabotics2024-ROS/install/mining_bot_base/share/mining_bot_base/local_setup.sh
[1.527s] -- Installing: /home/jayhaych/robotics/Lunabotics2024-ROS/install/mining_bot_base/share/mining_bot_base/local_setup.zsh
[1.527s] -- Installing: /home/jayhaych/robotics/Lunabotics2024-ROS/install/mining_bot_base/share/mining_bot_base/local_setup.dsv
[1.527s] -- Installing: /home/jayhaych/robotics/Lunabotics2024-ROS/install/mining_bot_base/share/mining_bot_base/package.dsv
[1.527s] -- Installing: /home/jayhaych/robotics/Lunabotics2024-ROS/install/mining_bot_base/share/ament_index/resource_index/packages/mining_bot_base
[1.528s] -- Installing: /home/jayhaych/robotics/Lunabotics2024-ROS/install/mining_bot_base/share/mining_bot_base/cmake/mining_bot_baseConfig.cmake
[1.528s] -- Installing: /home/jayhaych/robotics/Lunabotics2024-ROS/install/mining_bot_base/share/mining_bot_base/cmake/mining_bot_baseConfig-version.cmake
[1.528s] -- Installing: /home/jayhaych/robotics/Lunabotics2024-ROS/install/mining_bot_base/share/mining_bot_base/package.xml
[1.530s] Invoked command in '/home/jayhaych/robotics/Lunabotics2024-ROS/build/mining_bot_base' returned '0': CMAKE_PREFIX_PATH=/opt/ros/humble /usr/bin/cmake --install /home/jayhaych/robotics/Lunabotics2024-ROS/build/mining_bot_base
