[0.007s] Invoking command in '/home/jayhaych02/robotics/Lunabotics2024-ROS/build/mining_bot_base': CMAKE_PREFIX_PATH=${CMAKE_PREFIX_PATH}:/opt/ros/humble /usr/bin/cmake /home/jayhaych02/robotics/Lunabotics2024-ROS/src/mining_bot_base -DCMAKE_INSTALL_PREFIX=/home/jayhaych02/robotics/Lunabotics2024-ROS/install/mining_bot_base
[0.191s] -- The C compiler identification is GNU 11.4.0
[0.389s] -- The CXX compiler identification is GNU 11.4.0
[0.551s] -- Detecting C compiler ABI info
[0.604s] -- Detecting C compiler ABI info - done
[0.607s] -- Check for working C compiler: /usr/bin/cc - skipped
[0.608s] -- Detecting C compile features
[0.608s] -- Detecting C compile features - done
[0.611s] -- Detecting CXX compiler ABI info
[0.676s] -- Detecting CXX compiler ABI info - done
[0.680s] -- Check for working CXX compiler: /usr/bin/c++ - skipped
[0.680s] -- Detecting CXX compile features
[0.680s] -- Detecting CXX compile features - done
[0.688s] -- Found ament_cmake: 1.3.11 (/opt/ros/humble/share/ament_cmake/cmake)
[0.766s] -- Found Python3: /usr/bin/python3 (found version "3.10.12") found components: Interpreter 
[0.823s] -- Found rclcpp: 16.0.11 (/opt/ros/humble/share/rclcpp/cmake)
[0.900s] -- Found rosidl_generator_c: 3.1.6 (/opt/ros/humble/share/rosidl_generator_c/cmake)
[0.903s] -- Found rosidl_adapter: 3.1.6 (/opt/ros/humble/share/rosidl_adapter/cmake)
[0.910s] -- Found rosidl_generator_cpp: 3.1.6 (/opt/ros/humble/share/rosidl_generator_cpp/cmake)
[0.922s] -- Using all available rosidl_typesupport_c: rosidl_typesupport_fastrtps_c;rosidl_typesupport_introspection_c
[0.933s] -- Using all available rosidl_typesupport_cpp: rosidl_typesupport_fastrtps_cpp;rosidl_typesupport_introspection_cpp
[0.967s] -- Found rmw_implementation_cmake: 6.1.2 (/opt/ros/humble/share/rmw_implementation_cmake/cmake)
[0.969s] -- Found rmw_fastrtps_cpp: 6.2.7 (/opt/ros/humble/share/rmw_fastrtps_cpp/cmake)
[1.258s] -- Found OpenSSL: /usr/lib/x86_64-linux-gnu/libcrypto.so (found version "3.0.2")  
[1.619s] -- Found FastRTPS: /opt/ros/humble/include  
[2.088s] -- Using RMW implementation 'rmw_fastrtps_cpp' as default
[2.100s] -- Looking for pthread.h
[2.177s] -- Looking for pthread.h - found
[2.177s] -- Performing Test CMAKE_HAVE_LIBC_PTHREAD
[2.242s] -- Performing Test CMAKE_HAVE_LIBC_PTHREAD - Success
[2.242s] -- Found Threads: TRUE  
[2.280s] -- Found hardware_interface: 2.44.0 (/opt/ros/humble/share/hardware_interface/cmake)
[2.927s] -- Found ament_lint_auto: 0.12.11 (/opt/ros/humble/share/ament_lint_auto/cmake)
[2.967s] -- Added test 'cppcheck' to perform static code analysis on C / C++ code
[2.967s] -- Configured cppcheck include dirs: /home/jayhaych02/robotics/Lunabotics2024-ROS/src/mining_bot_base/include;/home/jayhaych02/robotics/Lunabotics2024-ROS/src/mining_bot_base/$(EIGEN3_INCLUDE_DIR)
[2.967s] -- Configured cppcheck exclude dirs and/or files: 
[2.968s] -- Added test 'lint_cmake' to check CMake code style
[2.968s] -- Added test 'uncrustify' to check C / C++ code style
[2.968s] -- Configured uncrustify additional arguments: 
[2.969s] -- Added test 'xmllint' to check XML markup files
[2.969s] -- Configuring done
[2.972s] -- Generating done
[2.973s] -- Build files have been written to: /home/jayhaych02/robotics/Lunabotics2024-ROS/build/mining_bot_base
[2.980s] Invoked command in '/home/jayhaych02/robotics/Lunabotics2024-ROS/build/mining_bot_base' returned '0': CMAKE_PREFIX_PATH=${CMAKE_PREFIX_PATH}:/opt/ros/humble /usr/bin/cmake /home/jayhaych02/robotics/Lunabotics2024-ROS/src/mining_bot_base -DCMAKE_INSTALL_PREFIX=/home/jayhaych02/robotics/Lunabotics2024-ROS/install/mining_bot_base
[2.981s] Invoking command in '/home/jayhaych02/robotics/Lunabotics2024-ROS/build/mining_bot_base': CMAKE_PREFIX_PATH=${CMAKE_PREFIX_PATH}:/opt/ros/humble /usr/bin/cmake --build /home/jayhaych02/robotics/Lunabotics2024-ROS/build/mining_bot_base -- -j24 -l24
[2.998s] Invoked command in '/home/jayhaych02/robotics/Lunabotics2024-ROS/build/mining_bot_base' returned '0': CMAKE_PREFIX_PATH=${CMAKE_PREFIX_PATH}:/opt/ros/humble /usr/bin/cmake --build /home/jayhaych02/robotics/Lunabotics2024-ROS/build/mining_bot_base -- -j24 -l24
[2.999s] Invoking command in '/home/jayhaych02/robotics/Lunabotics2024-ROS/build/mining_bot_base': CMAKE_PREFIX_PATH=${CMAKE_PREFIX_PATH}:/opt/ros/humble /usr/bin/cmake --install /home/jayhaych02/robotics/Lunabotics2024-ROS/build/mining_bot_base
[3.002s] -- Install configuration: ""
[3.003s] -- Installing: /home/jayhaych02/robotics/Lunabotics2024-ROS/install/mining_bot_base/share/ament_index/resource_index/package_run_dependencies/mining_bot_base
[3.003s] -- Installing: /home/jayhaych02/robotics/Lunabotics2024-ROS/install/mining_bot_base/share/ament_index/resource_index/parent_prefix_path/mining_bot_base
[3.004s] -- Installing: /home/jayhaych02/robotics/Lunabotics2024-ROS/install/mining_bot_base/share/mining_bot_base/environment/ament_prefix_path.sh
[3.004s] -- Installing: /home/jayhaych02/robotics/Lunabotics2024-ROS/install/mining_bot_base/share/mining_bot_base/environment/ament_prefix_path.dsv
[3.004s] -- Installing: /home/jayhaych02/robotics/Lunabotics2024-ROS/install/mining_bot_base/share/mining_bot_base/environment/path.sh
[3.004s] -- Installing: /home/jayhaych02/robotics/Lunabotics2024-ROS/install/mining_bot_base/share/mining_bot_base/environment/path.dsv
[3.004s] -- Installing: /home/jayhaych02/robotics/Lunabotics2024-ROS/install/mining_bot_base/share/mining_bot_base/local_setup.bash
[3.004s] -- Installing: /home/jayhaych02/robotics/Lunabotics2024-ROS/install/mining_bot_base/share/mining_bot_base/local_setup.sh
[3.004s] -- Installing: /home/jayhaych02/robotics/Lunabotics2024-ROS/install/mining_bot_base/share/mining_bot_base/local_setup.zsh
[3.004s] -- Installing: /home/jayhaych02/robotics/Lunabotics2024-ROS/install/mining_bot_base/share/mining_bot_base/local_setup.dsv
[3.004s] -- Installing: /home/jayhaych02/robotics/Lunabotics2024-ROS/install/mining_bot_base/share/mining_bot_base/package.dsv
[3.005s] -- Installing: /home/jayhaych02/robotics/Lunabotics2024-ROS/install/mining_bot_base/share/ament_index/resource_index/packages/mining_bot_base
[3.005s] -- Installing: /home/jayhaych02/robotics/Lunabotics2024-ROS/install/mining_bot_base/share/mining_bot_base/cmake/mining_bot_baseConfig.cmake
[3.005s] -- Installing: /home/jayhaych02/robotics/Lunabotics2024-ROS/install/mining_bot_base/share/mining_bot_base/cmake/mining_bot_baseConfig-version.cmake
[3.005s] -- Installing: /home/jayhaych02/robotics/Lunabotics2024-ROS/install/mining_bot_base/share/mining_bot_base/package.xml
[3.006s] Invoked command in '/home/jayhaych02/robotics/Lunabotics2024-ROS/build/mining_bot_base' returned '0': CMAKE_PREFIX_PATH=${CMAKE_PREFIX_PATH}:/opt/ros/humble /usr/bin/cmake --install /home/jayhaych02/robotics/Lunabotics2024-ROS/build/mining_bot_base
