[0.226s] DEBUG:colcon:Command line arguments: ['/usr/bin/colcon', 'build']
[0.226s] DEBUG:colcon:Parsed command line arguments: Namespace(log_base=None, log_level=None, verb_name='build', build_base='build', install_base='install', merge_install=False, symlink_install=False, test_result_base=None, continue_on_error=False, executor='parallel', parallel_workers=4, event_handlers=None, ignore_user_meta=False, metas=['./colcon.meta'], base_paths=['.'], packages_ignore=None, packages_ignore_regex=None, paths=None, packages_up_to=None, packages_up_to_regex=None, packages_above=None, packages_above_and_dependencies=None, packages_above_depth=None, packages_select_by_dep=None, packages_skip_by_dep=None, packages_skip_up_to=None, packages_select_build_failed=False, packages_skip_build_finished=False, packages_select_test_failures=False, packages_skip_test_passed=False, packages_select=None, packages_skip=None, packages_select_regex=None, packages_skip_regex=None, packages_start=None, packages_end=None, allow_overriding=[], cmake_args=None, cmake_target=None, cmake_target_skip_unavailable=False, cmake_clean_cache=False, cmake_clean_first=False, cmake_force_configure=False, ament_cmake_args=None, catkin_cmake_args=None, catkin_skip_building_tests=False, verb_parser=<colcon_defaults.argument_parser.defaults.DefaultArgumentsDecorator object at 0x7efb0cb5d270>, verb_extension=<colcon_core.verb.build.BuildVerb object at 0x7efb0cc5a710>, main=<bound method BuildVerb.main of <colcon_core.verb.build.BuildVerb object at 0x7efb0cc5a710>>)
[0.467s] Level 1:colcon.colcon_core.package_discovery:discover_packages(colcon_meta) check parameters
[0.467s] Level 1:colcon.colcon_core.package_discovery:discover_packages(recursive) check parameters
[0.467s] Level 1:colcon.colcon_core.package_discovery:discover_packages(ignore) check parameters
[0.467s] Level 1:colcon.colcon_core.package_discovery:discover_packages(path) check parameters
[0.467s] Level 1:colcon.colcon_core.package_discovery:discover_packages(colcon_meta) discover
[0.467s] Level 1:colcon.colcon_core.package_discovery:discover_packages(recursive) discover
[0.468s] INFO:colcon.colcon_core.package_discovery:Crawling recursively for packages in '/home/ubuntu/robotics/Lunabotics2024-ROS'
[0.468s] Level 1:colcon.colcon_core.package_identification:_identify(.) by extensions ['ignore', 'ignore_ament_install']
[0.468s] Level 1:colcon.colcon_core.package_identification:_identify(.) by extension 'ignore'
[0.468s] Level 1:colcon.colcon_core.package_identification:_identify(.) by extension 'ignore_ament_install'
[0.468s] Level 1:colcon.colcon_core.package_identification:_identify(.) by extensions ['colcon_pkg']
[0.468s] Level 1:colcon.colcon_core.package_identification:_identify(.) by extension 'colcon_pkg'
[0.468s] Level 1:colcon.colcon_core.package_identification:_identify(.) by extensions ['colcon_meta']
[0.468s] Level 1:colcon.colcon_core.package_identification:_identify(.) by extension 'colcon_meta'
[0.468s] Level 1:colcon.colcon_core.package_identification:_identify(.) by extensions ['ros']
[0.468s] Level 1:colcon.colcon_core.package_identification:_identify(.) by extension 'ros'
[0.478s] Level 1:colcon.colcon_core.package_identification:_identify(.) by extensions ['cmake', 'python']
[0.478s] Level 1:colcon.colcon_core.package_identification:_identify(.) by extension 'cmake'
[0.478s] Level 1:colcon.colcon_core.package_identification:_identify(.) by extension 'python'
[0.478s] Level 1:colcon.colcon_core.package_identification:_identify(.) by extensions ['python_setup_py']
[0.478s] Level 1:colcon.colcon_core.package_identification:_identify(.) by extension 'python_setup_py'
[0.478s] Level 1:colcon.colcon_core.package_identification:_identify(build) by extensions ['ignore', 'ignore_ament_install']
[0.478s] Level 1:colcon.colcon_core.package_identification:_identify(build) by extension 'ignore'
[0.478s] Level 1:colcon.colcon_core.package_identification:_identify(build) ignored
[0.478s] Level 1:colcon.colcon_core.package_identification:_identify(install) by extensions ['ignore', 'ignore_ament_install']
[0.479s] Level 1:colcon.colcon_core.package_identification:_identify(install) by extension 'ignore'
[0.479s] Level 1:colcon.colcon_core.package_identification:_identify(install) ignored
[0.479s] Level 1:colcon.colcon_core.package_identification:_identify(log) by extensions ['ignore', 'ignore_ament_install']
[0.479s] Level 1:colcon.colcon_core.package_identification:_identify(log) by extension 'ignore'
[0.479s] Level 1:colcon.colcon_core.package_identification:_identify(log) ignored
[0.479s] Level 1:colcon.colcon_core.package_identification:_identify(src) by extensions ['ignore', 'ignore_ament_install']
[0.479s] Level 1:colcon.colcon_core.package_identification:_identify(src) by extension 'ignore'
[0.479s] Level 1:colcon.colcon_core.package_identification:_identify(src) by extension 'ignore_ament_install'
[0.479s] Level 1:colcon.colcon_core.package_identification:_identify(src) by extensions ['colcon_pkg']
[0.479s] Level 1:colcon.colcon_core.package_identification:_identify(src) by extension 'colcon_pkg'
[0.479s] Level 1:colcon.colcon_core.package_identification:_identify(src) by extensions ['colcon_meta']
[0.479s] Level 1:colcon.colcon_core.package_identification:_identify(src) by extension 'colcon_meta'
[0.479s] Level 1:colcon.colcon_core.package_identification:_identify(src) by extensions ['ros']
[0.479s] Level 1:colcon.colcon_core.package_identification:_identify(src) by extension 'ros'
[0.479s] Level 1:colcon.colcon_core.package_identification:_identify(src) by extensions ['cmake', 'python']
[0.479s] Level 1:colcon.colcon_core.package_identification:_identify(src) by extension 'cmake'
[0.479s] Level 1:colcon.colcon_core.package_identification:_identify(src) by extension 'python'
[0.479s] Level 1:colcon.colcon_core.package_identification:_identify(src) by extensions ['python_setup_py']
[0.479s] Level 1:colcon.colcon_core.package_identification:_identify(src) by extension 'python_setup_py'
[0.480s] Level 1:colcon.colcon_core.package_identification:_identify(src/mining_bot_autonomous) by extensions ['ignore', 'ignore_ament_install']
[0.480s] Level 1:colcon.colcon_core.package_identification:_identify(src/mining_bot_autonomous) by extension 'ignore'
[0.480s] Level 1:colcon.colcon_core.package_identification:_identify(src/mining_bot_autonomous) by extension 'ignore_ament_install'
[0.480s] Level 1:colcon.colcon_core.package_identification:_identify(src/mining_bot_autonomous) by extensions ['colcon_pkg']
[0.480s] Level 1:colcon.colcon_core.package_identification:_identify(src/mining_bot_autonomous) by extension 'colcon_pkg'
[0.480s] Level 1:colcon.colcon_core.package_identification:_identify(src/mining_bot_autonomous) by extensions ['colcon_meta']
[0.480s] Level 1:colcon.colcon_core.package_identification:_identify(src/mining_bot_autonomous) by extension 'colcon_meta'
[0.480s] Level 1:colcon.colcon_core.package_identification:_identify(src/mining_bot_autonomous) by extensions ['ros']
[0.480s] Level 1:colcon.colcon_core.package_identification:_identify(src/mining_bot_autonomous) by extension 'ros'
[0.483s] DEBUG:colcon.colcon_core.package_identification:Package 'src/mining_bot_autonomous' with type 'ros.ament_cmake' and name 'mining_bot_autonomous'
[0.483s] Level 1:colcon.colcon_core.package_identification:_identify(src/mining_bot_base) by extensions ['ignore', 'ignore_ament_install']
[0.483s] Level 1:colcon.colcon_core.package_identification:_identify(src/mining_bot_base) by extension 'ignore'
[0.483s] Level 1:colcon.colcon_core.package_identification:_identify(src/mining_bot_base) by extension 'ignore_ament_install'
[0.483s] Level 1:colcon.colcon_core.package_identification:_identify(src/mining_bot_base) by extensions ['colcon_pkg']
[0.483s] Level 1:colcon.colcon_core.package_identification:_identify(src/mining_bot_base) by extension 'colcon_pkg'
[0.483s] Level 1:colcon.colcon_core.package_identification:_identify(src/mining_bot_base) by extensions ['colcon_meta']
[0.483s] Level 1:colcon.colcon_core.package_identification:_identify(src/mining_bot_base) by extension 'colcon_meta'
[0.483s] Level 1:colcon.colcon_core.package_identification:_identify(src/mining_bot_base) by extensions ['ros']
[0.483s] Level 1:colcon.colcon_core.package_identification:_identify(src/mining_bot_base) by extension 'ros'
[0.484s] DEBUG:colcon.colcon_core.package_identification:Package 'src/mining_bot_base' with type 'ros.ament_cmake' and name 'mining_bot_base'
[0.484s] Level 1:colcon.colcon_core.package_discovery:discover_packages(recursive) using defaults
[0.484s] Level 1:colcon.colcon_core.package_discovery:discover_packages(ignore) discover
[0.484s] Level 1:colcon.colcon_core.package_discovery:discover_packages(ignore) using defaults
[0.484s] Level 1:colcon.colcon_core.package_discovery:discover_packages(path) discover
[0.484s] Level 1:colcon.colcon_core.package_discovery:discover_packages(path) using defaults
[0.519s] Level 1:colcon.colcon_core.package_discovery:discover_packages(prefix_path) check parameters
[0.519s] Level 1:colcon.colcon_core.package_discovery:discover_packages(prefix_path) discover
[0.523s] DEBUG:colcon.colcon_installed_package_information.package_discovery:Found 379 installed packages in /opt/ros/humble
[0.524s] Level 1:colcon.colcon_core.package_discovery:discover_packages(prefix_path) using defaults
[0.568s] Level 5:colcon.colcon_core.verb:set package 'mining_bot_autonomous' build argument 'cmake_args' from command line to 'None'
[0.568s] Level 5:colcon.colcon_core.verb:set package 'mining_bot_autonomous' build argument 'cmake_target' from command line to 'None'
[0.568s] Level 5:colcon.colcon_core.verb:set package 'mining_bot_autonomous' build argument 'cmake_target_skip_unavailable' from command line to 'False'
[0.569s] Level 5:colcon.colcon_core.verb:set package 'mining_bot_autonomous' build argument 'cmake_clean_cache' from command line to 'False'
[0.569s] Level 5:colcon.colcon_core.verb:set package 'mining_bot_autonomous' build argument 'cmake_clean_first' from command line to 'False'
[0.569s] Level 5:colcon.colcon_core.verb:set package 'mining_bot_autonomous' build argument 'cmake_force_configure' from command line to 'False'
[0.569s] Level 5:colcon.colcon_core.verb:set package 'mining_bot_autonomous' build argument 'ament_cmake_args' from command line to 'None'
[0.569s] Level 5:colcon.colcon_core.verb:set package 'mining_bot_autonomous' build argument 'catkin_cmake_args' from command line to 'None'
[0.569s] Level 5:colcon.colcon_core.verb:set package 'mining_bot_autonomous' build argument 'catkin_skip_building_tests' from command line to 'False'
[0.569s] DEBUG:colcon.colcon_core.verb:Building package 'mining_bot_autonomous' with the following arguments: {'ament_cmake_args': None, 'build_base': '/home/ubuntu/robotics/Lunabotics2024-ROS/build/mining_bot_autonomous', 'catkin_cmake_args': None, 'catkin_skip_building_tests': False, 'cmake_args': None, 'cmake_clean_cache': False, 'cmake_clean_first': False, 'cmake_force_configure': False, 'cmake_target': None, 'cmake_target_skip_unavailable': False, 'install_base': '/home/ubuntu/robotics/Lunabotics2024-ROS/install/mining_bot_autonomous', 'merge_install': False, 'path': '/home/ubuntu/robotics/Lunabotics2024-ROS/src/mining_bot_autonomous', 'symlink_install': False, 'test_result_base': None}
[0.569s] Level 5:colcon.colcon_core.verb:set package 'mining_bot_base' build argument 'cmake_args' from command line to 'None'
[0.569s] Level 5:colcon.colcon_core.verb:set package 'mining_bot_base' build argument 'cmake_target' from command line to 'None'
[0.569s] Level 5:colcon.colcon_core.verb:set package 'mining_bot_base' build argument 'cmake_target_skip_unavailable' from command line to 'False'
[0.569s] Level 5:colcon.colcon_core.verb:set package 'mining_bot_base' build argument 'cmake_clean_cache' from command line to 'False'
[0.569s] Level 5:colcon.colcon_core.verb:set package 'mining_bot_base' build argument 'cmake_clean_first' from command line to 'False'
[0.569s] Level 5:colcon.colcon_core.verb:set package 'mining_bot_base' build argument 'cmake_force_configure' from command line to 'False'
[0.569s] Level 5:colcon.colcon_core.verb:set package 'mining_bot_base' build argument 'ament_cmake_args' from command line to 'None'
[0.569s] Level 5:colcon.colcon_core.verb:set package 'mining_bot_base' build argument 'catkin_cmake_args' from command line to 'None'
[0.569s] Level 5:colcon.colcon_core.verb:set package 'mining_bot_base' build argument 'catkin_skip_building_tests' from command line to 'False'
[0.569s] DEBUG:colcon.colcon_core.verb:Building package 'mining_bot_base' with the following arguments: {'ament_cmake_args': None, 'build_base': '/home/ubuntu/robotics/Lunabotics2024-ROS/build/mining_bot_base', 'catkin_cmake_args': None, 'catkin_skip_building_tests': False, 'cmake_args': None, 'cmake_clean_cache': False, 'cmake_clean_first': False, 'cmake_force_configure': False, 'cmake_target': None, 'cmake_target_skip_unavailable': False, 'install_base': '/home/ubuntu/robotics/Lunabotics2024-ROS/install/mining_bot_base', 'merge_install': False, 'path': '/home/ubuntu/robotics/Lunabotics2024-ROS/src/mining_bot_base', 'symlink_install': False, 'test_result_base': None}
[0.569s] INFO:colcon.colcon_core.executor:Executing jobs using 'parallel' executor
[0.570s] DEBUG:colcon.colcon_parallel_executor.executor.parallel:run_until_complete
[0.570s] INFO:colcon.colcon_ros.task.ament_cmake.build:Building ROS package in '/home/ubuntu/robotics/Lunabotics2024-ROS/src/mining_bot_autonomous' with build type 'ament_cmake'
[0.571s] INFO:colcon.colcon_cmake.task.cmake.build:Building CMake package in '/home/ubuntu/robotics/Lunabotics2024-ROS/src/mining_bot_autonomous'
[0.575s] INFO:colcon.colcon_core.plugin_system:Skipping extension 'colcon_core.shell.bat': Not used on non-Windows systems
[0.575s] INFO:colcon.colcon_core.shell:Skip shell extension 'powershell' for command environment: Not usable outside of PowerShell
[0.575s] DEBUG:colcon.colcon_core.shell:Skip shell extension 'dsv' for command environment
[0.578s] INFO:colcon.colcon_ros.task.ament_cmake.build:Building ROS package in '/home/ubuntu/robotics/Lunabotics2024-ROS/src/mining_bot_base' with build type 'ament_cmake'
[0.578s] INFO:colcon.colcon_cmake.task.cmake.build:Building CMake package in '/home/ubuntu/robotics/Lunabotics2024-ROS/src/mining_bot_base'
[0.579s] INFO:colcon.colcon_core.shell:Skip shell extension 'powershell' for command environment: Not usable outside of PowerShell
[0.579s] DEBUG:colcon.colcon_core.shell:Skip shell extension 'dsv' for command environment
[0.584s] DEBUG:colcon.colcon_core.event_handler.log_command:Invoking command in '/home/ubuntu/robotics/Lunabotics2024-ROS/build/mining_bot_autonomous': CMAKE_PREFIX_PATH=/opt/ros/humble /usr/bin/cmake /home/ubuntu/robotics/Lunabotics2024-ROS/src/mining_bot_autonomous -DCMAKE_INSTALL_PREFIX=/home/ubuntu/robotics/Lunabotics2024-ROS/install/mining_bot_autonomous
[0.590s] DEBUG:colcon.colcon_core.event_handler.log_command:Invoking command in '/home/ubuntu/robotics/Lunabotics2024-ROS/build/mining_bot_base': CMAKE_PREFIX_PATH=/opt/ros/humble /usr/bin/cmake /home/ubuntu/robotics/Lunabotics2024-ROS/src/mining_bot_base -DCMAKE_INSTALL_PREFIX=/home/ubuntu/robotics/Lunabotics2024-ROS/install/mining_bot_base
[1.878s] DEBUG:colcon.colcon_core.event_handler.log_command:Invoked command in '/home/ubuntu/robotics/Lunabotics2024-ROS/build/mining_bot_autonomous' returned '0': CMAKE_PREFIX_PATH=/opt/ros/humble /usr/bin/cmake /home/ubuntu/robotics/Lunabotics2024-ROS/src/mining_bot_autonomous -DCMAKE_INSTALL_PREFIX=/home/ubuntu/robotics/Lunabotics2024-ROS/install/mining_bot_autonomous
[1.881s] DEBUG:colcon.colcon_core.event_handler.log_command:Invoking command in '/home/ubuntu/robotics/Lunabotics2024-ROS/build/mining_bot_autonomous': CMAKE_PREFIX_PATH=/opt/ros/humble /usr/bin/cmake --build /home/ubuntu/robotics/Lunabotics2024-ROS/build/mining_bot_autonomous -- -j4 -l4
[1.920s] DEBUG:colcon.colcon_core.event_handler.log_command:Invoked command in '/home/ubuntu/robotics/Lunabotics2024-ROS/build/mining_bot_autonomous' returned '0': CMAKE_PREFIX_PATH=/opt/ros/humble /usr/bin/cmake --build /home/ubuntu/robotics/Lunabotics2024-ROS/build/mining_bot_autonomous -- -j4 -l4
[1.930s] DEBUG:colcon.colcon_core.event_handler.log_command:Invoking command in '/home/ubuntu/robotics/Lunabotics2024-ROS/build/mining_bot_autonomous': CMAKE_PREFIX_PATH=/opt/ros/humble /usr/bin/cmake --install /home/ubuntu/robotics/Lunabotics2024-ROS/build/mining_bot_autonomous
[1.940s] Level 1:colcon.colcon_core.environment:create_environment_scripts_only(mining_bot_autonomous)
[1.940s] DEBUG:colcon.colcon_core.event_handler.log_command:Invoked command in '/home/ubuntu/robotics/Lunabotics2024-ROS/build/mining_bot_autonomous' returned '0': CMAKE_PREFIX_PATH=/opt/ros/humble /usr/bin/cmake --install /home/ubuntu/robotics/Lunabotics2024-ROS/build/mining_bot_autonomous
[1.945s] Level 1:colcon.colcon_core.environment:checking '/home/ubuntu/robotics/Lunabotics2024-ROS/install/mining_bot_autonomous' for CMake module files
[1.945s] Level 1:colcon.colcon_core.environment:checking '/home/ubuntu/robotics/Lunabotics2024-ROS/install/mining_bot_autonomous' for CMake config files
[1.945s] Level 1:colcon.colcon_core.shell:create_environment_hook('mining_bot_autonomous', 'cmake_prefix_path')
[1.946s] INFO:colcon.colcon_core.shell:Creating environment hook '/home/ubuntu/robotics/Lunabotics2024-ROS/install/mining_bot_autonomous/share/mining_bot_autonomous/hook/cmake_prefix_path.ps1'
[1.946s] INFO:colcon.colcon_core.shell:Creating environment descriptor '/home/ubuntu/robotics/Lunabotics2024-ROS/install/mining_bot_autonomous/share/mining_bot_autonomous/hook/cmake_prefix_path.dsv'
[1.947s] INFO:colcon.colcon_core.shell:Creating environment hook '/home/ubuntu/robotics/Lunabotics2024-ROS/install/mining_bot_autonomous/share/mining_bot_autonomous/hook/cmake_prefix_path.sh'
[1.948s] Level 1:colcon.colcon_core.environment:checking '/home/ubuntu/robotics/Lunabotics2024-ROS/install/mining_bot_autonomous/bin'
[1.948s] Level 1:colcon.colcon_core.environment:checking '/home/ubuntu/robotics/Lunabotics2024-ROS/install/mining_bot_autonomous/lib/pkgconfig/mining_bot_autonomous.pc'
[1.948s] Level 1:colcon.colcon_core.environment:checking '/home/ubuntu/robotics/Lunabotics2024-ROS/install/mining_bot_autonomous/lib/python3.10/site-packages'
[1.948s] Level 1:colcon.colcon_core.environment:checking '/home/ubuntu/robotics/Lunabotics2024-ROS/install/mining_bot_autonomous/bin'
[1.948s] INFO:colcon.colcon_core.shell:Creating package script '/home/ubuntu/robotics/Lunabotics2024-ROS/install/mining_bot_autonomous/share/mining_bot_autonomous/package.ps1'
[1.949s] INFO:colcon.colcon_core.shell:Creating package descriptor '/home/ubuntu/robotics/Lunabotics2024-ROS/install/mining_bot_autonomous/share/mining_bot_autonomous/package.dsv'
[1.950s] INFO:colcon.colcon_core.shell:Creating package script '/home/ubuntu/robotics/Lunabotics2024-ROS/install/mining_bot_autonomous/share/mining_bot_autonomous/package.sh'
[1.951s] INFO:colcon.colcon_core.shell:Creating package script '/home/ubuntu/robotics/Lunabotics2024-ROS/install/mining_bot_autonomous/share/mining_bot_autonomous/package.bash'
[1.953s] INFO:colcon.colcon_core.shell:Creating package script '/home/ubuntu/robotics/Lunabotics2024-ROS/install/mining_bot_autonomous/share/mining_bot_autonomous/package.zsh'
[1.954s] Level 1:colcon.colcon_core.environment:create_file_with_runtime_dependencies(/home/ubuntu/robotics/Lunabotics2024-ROS/install/mining_bot_autonomous/share/colcon-core/packages/mining_bot_autonomous)
[1.955s] Level 1:colcon.colcon_core.environment:create_environment_scripts_only(mining_bot_autonomous)
[1.955s] Level 1:colcon.colcon_core.environment:checking '/home/ubuntu/robotics/Lunabotics2024-ROS/install/mining_bot_autonomous' for CMake module files
[1.956s] Level 1:colcon.colcon_core.environment:checking '/home/ubuntu/robotics/Lunabotics2024-ROS/install/mining_bot_autonomous' for CMake config files
[1.956s] Level 1:colcon.colcon_core.shell:create_environment_hook('mining_bot_autonomous', 'cmake_prefix_path')
[1.957s] INFO:colcon.colcon_core.shell:Creating environment hook '/home/ubuntu/robotics/Lunabotics2024-ROS/install/mining_bot_autonomous/share/mining_bot_autonomous/hook/cmake_prefix_path.ps1'
[1.957s] INFO:colcon.colcon_core.shell:Creating environment descriptor '/home/ubuntu/robotics/Lunabotics2024-ROS/install/mining_bot_autonomous/share/mining_bot_autonomous/hook/cmake_prefix_path.dsv'
[1.958s] INFO:colcon.colcon_core.shell:Creating environment hook '/home/ubuntu/robotics/Lunabotics2024-ROS/install/mining_bot_autonomous/share/mining_bot_autonomous/hook/cmake_prefix_path.sh'
[1.958s] Level 1:colcon.colcon_core.environment:checking '/home/ubuntu/robotics/Lunabotics2024-ROS/install/mining_bot_autonomous/bin'
[1.959s] Level 1:colcon.colcon_core.environment:checking '/home/ubuntu/robotics/Lunabotics2024-ROS/install/mining_bot_autonomous/lib/pkgconfig/mining_bot_autonomous.pc'
[1.959s] Level 1:colcon.colcon_core.environment:checking '/home/ubuntu/robotics/Lunabotics2024-ROS/install/mining_bot_autonomous/lib/python3.10/site-packages'
[1.959s] Level 1:colcon.colcon_core.environment:checking '/home/ubuntu/robotics/Lunabotics2024-ROS/install/mining_bot_autonomous/bin'
[1.960s] INFO:colcon.colcon_core.shell:Creating package script '/home/ubuntu/robotics/Lunabotics2024-ROS/install/mining_bot_autonomous/share/mining_bot_autonomous/package.ps1'
[1.960s] INFO:colcon.colcon_core.shell:Creating package descriptor '/home/ubuntu/robotics/Lunabotics2024-ROS/install/mining_bot_autonomous/share/mining_bot_autonomous/package.dsv'
[1.961s] INFO:colcon.colcon_core.shell:Creating package script '/home/ubuntu/robotics/Lunabotics2024-ROS/install/mining_bot_autonomous/share/mining_bot_autonomous/package.sh'
[1.962s] INFO:colcon.colcon_core.shell:Creating package script '/home/ubuntu/robotics/Lunabotics2024-ROS/install/mining_bot_autonomous/share/mining_bot_autonomous/package.bash'
[1.962s] INFO:colcon.colcon_core.shell:Creating package script '/home/ubuntu/robotics/Lunabotics2024-ROS/install/mining_bot_autonomous/share/mining_bot_autonomous/package.zsh'
[1.963s] Level 1:colcon.colcon_core.environment:create_file_with_runtime_dependencies(/home/ubuntu/robotics/Lunabotics2024-ROS/install/mining_bot_autonomous/share/colcon-core/packages/mining_bot_autonomous)
[2.049s] DEBUG:colcon.colcon_core.event_handler.log_command:Invoked command in '/home/ubuntu/robotics/Lunabotics2024-ROS/build/mining_bot_base' returned '0': CMAKE_PREFIX_PATH=/opt/ros/humble /usr/bin/cmake /home/ubuntu/robotics/Lunabotics2024-ROS/src/mining_bot_base -DCMAKE_INSTALL_PREFIX=/home/ubuntu/robotics/Lunabotics2024-ROS/install/mining_bot_base
[2.050s] DEBUG:colcon.colcon_core.event_handler.log_command:Invoking command in '/home/ubuntu/robotics/Lunabotics2024-ROS/build/mining_bot_base': CMAKE_PREFIX_PATH=/opt/ros/humble /usr/bin/cmake --build /home/ubuntu/robotics/Lunabotics2024-ROS/build/mining_bot_base -- -j4 -l4
[2.086s] DEBUG:colcon.colcon_core.event_handler.log_command:Invoked command in '/home/ubuntu/robotics/Lunabotics2024-ROS/build/mining_bot_base' returned '0': CMAKE_PREFIX_PATH=/opt/ros/humble /usr/bin/cmake --build /home/ubuntu/robotics/Lunabotics2024-ROS/build/mining_bot_base -- -j4 -l4
[2.087s] DEBUG:colcon.colcon_core.event_handler.log_command:Invoking command in '/home/ubuntu/robotics/Lunabotics2024-ROS/build/mining_bot_base': CMAKE_PREFIX_PATH=/opt/ros/humble /usr/bin/cmake --install /home/ubuntu/robotics/Lunabotics2024-ROS/build/mining_bot_base
[2.098s] Level 1:colcon.colcon_core.environment:create_environment_scripts_only(mining_bot_base)
[2.099s] Level 1:colcon.colcon_core.environment:checking '/home/ubuntu/robotics/Lunabotics2024-ROS/install/mining_bot_base' for CMake module files
[2.099s] DEBUG:colcon.colcon_core.event_handler.log_command:Invoked command in '/home/ubuntu/robotics/Lunabotics2024-ROS/build/mining_bot_base' returned '0': CMAKE_PREFIX_PATH=/opt/ros/humble /usr/bin/cmake --install /home/ubuntu/robotics/Lunabotics2024-ROS/build/mining_bot_base
[2.100s] Level 1:colcon.colcon_core.environment:checking '/home/ubuntu/robotics/Lunabotics2024-ROS/install/mining_bot_base' for CMake config files
[2.100s] Level 1:colcon.colcon_core.shell:create_environment_hook('mining_bot_base', 'cmake_prefix_path')
[2.100s] INFO:colcon.colcon_core.shell:Creating environment hook '/home/ubuntu/robotics/Lunabotics2024-ROS/install/mining_bot_base/share/mining_bot_base/hook/cmake_prefix_path.ps1'
[2.100s] INFO:colcon.colcon_core.shell:Creating environment descriptor '/home/ubuntu/robotics/Lunabotics2024-ROS/install/mining_bot_base/share/mining_bot_base/hook/cmake_prefix_path.dsv'
[2.101s] INFO:colcon.colcon_core.shell:Creating environment hook '/home/ubuntu/robotics/Lunabotics2024-ROS/install/mining_bot_base/share/mining_bot_base/hook/cmake_prefix_path.sh'
[2.101s] Level 1:colcon.colcon_core.environment:checking '/home/ubuntu/robotics/Lunabotics2024-ROS/install/mining_bot_base/bin'
[2.101s] Level 1:colcon.colcon_core.environment:checking '/home/ubuntu/robotics/Lunabotics2024-ROS/install/mining_bot_base/lib/pkgconfig/mining_bot_base.pc'
[2.101s] Level 1:colcon.colcon_core.environment:checking '/home/ubuntu/robotics/Lunabotics2024-ROS/install/mining_bot_base/lib/python3.10/site-packages'
[2.101s] Level 1:colcon.colcon_core.environment:checking '/home/ubuntu/robotics/Lunabotics2024-ROS/install/mining_bot_base/bin'
[2.102s] INFO:colcon.colcon_core.shell:Creating package script '/home/ubuntu/robotics/Lunabotics2024-ROS/install/mining_bot_base/share/mining_bot_base/package.ps1'
[2.102s] INFO:colcon.colcon_core.shell:Creating package descriptor '/home/ubuntu/robotics/Lunabotics2024-ROS/install/mining_bot_base/share/mining_bot_base/package.dsv'
[2.102s] INFO:colcon.colcon_core.shell:Creating package script '/home/ubuntu/robotics/Lunabotics2024-ROS/install/mining_bot_base/share/mining_bot_base/package.sh'
[2.103s] INFO:colcon.colcon_core.shell:Creating package script '/home/ubuntu/robotics/Lunabotics2024-ROS/install/mining_bot_base/share/mining_bot_base/package.bash'
[2.103s] INFO:colcon.colcon_core.shell:Creating package script '/home/ubuntu/robotics/Lunabotics2024-ROS/install/mining_bot_base/share/mining_bot_base/package.zsh'
[2.103s] Level 1:colcon.colcon_core.environment:create_file_with_runtime_dependencies(/home/ubuntu/robotics/Lunabotics2024-ROS/install/mining_bot_base/share/colcon-core/packages/mining_bot_base)
[2.104s] Level 1:colcon.colcon_core.environment:create_environment_scripts_only(mining_bot_base)
[2.104s] Level 1:colcon.colcon_core.environment:checking '/home/ubuntu/robotics/Lunabotics2024-ROS/install/mining_bot_base' for CMake module files
[2.104s] Level 1:colcon.colcon_core.environment:checking '/home/ubuntu/robotics/Lunabotics2024-ROS/install/mining_bot_base' for CMake config files
[2.104s] Level 1:colcon.colcon_core.shell:create_environment_hook('mining_bot_base', 'cmake_prefix_path')
[2.105s] INFO:colcon.colcon_core.shell:Creating environment hook '/home/ubuntu/robotics/Lunabotics2024-ROS/install/mining_bot_base/share/mining_bot_base/hook/cmake_prefix_path.ps1'
[2.105s] INFO:colcon.colcon_core.shell:Creating environment descriptor '/home/ubuntu/robotics/Lunabotics2024-ROS/install/mining_bot_base/share/mining_bot_base/hook/cmake_prefix_path.dsv'
[2.105s] INFO:colcon.colcon_core.shell:Creating environment hook '/home/ubuntu/robotics/Lunabotics2024-ROS/install/mining_bot_base/share/mining_bot_base/hook/cmake_prefix_path.sh'
[2.106s] Level 1:colcon.colcon_core.environment:checking '/home/ubuntu/robotics/Lunabotics2024-ROS/install/mining_bot_base/bin'
[2.106s] Level 1:colcon.colcon_core.environment:checking '/home/ubuntu/robotics/Lunabotics2024-ROS/install/mining_bot_base/lib/pkgconfig/mining_bot_base.pc'
[2.106s] Level 1:colcon.colcon_core.environment:checking '/home/ubuntu/robotics/Lunabotics2024-ROS/install/mining_bot_base/lib/python3.10/site-packages'
[2.106s] Level 1:colcon.colcon_core.environment:checking '/home/ubuntu/robotics/Lunabotics2024-ROS/install/mining_bot_base/bin'
[2.106s] INFO:colcon.colcon_core.shell:Creating package script '/home/ubuntu/robotics/Lunabotics2024-ROS/install/mining_bot_base/share/mining_bot_base/package.ps1'
[2.107s] INFO:colcon.colcon_core.shell:Creating package descriptor '/home/ubuntu/robotics/Lunabotics2024-ROS/install/mining_bot_base/share/mining_bot_base/package.dsv'
[2.107s] INFO:colcon.colcon_core.shell:Creating package script '/home/ubuntu/robotics/Lunabotics2024-ROS/install/mining_bot_base/share/mining_bot_base/package.sh'
[2.108s] INFO:colcon.colcon_core.shell:Creating package script '/home/ubuntu/robotics/Lunabotics2024-ROS/install/mining_bot_base/share/mining_bot_base/package.bash'
[2.108s] INFO:colcon.colcon_core.shell:Creating package script '/home/ubuntu/robotics/Lunabotics2024-ROS/install/mining_bot_base/share/mining_bot_base/package.zsh'
[2.109s] Level 1:colcon.colcon_core.environment:create_file_with_runtime_dependencies(/home/ubuntu/robotics/Lunabotics2024-ROS/install/mining_bot_base/share/colcon-core/packages/mining_bot_base)
[2.109s] DEBUG:colcon.colcon_parallel_executor.executor.parallel:closing loop
[2.110s] DEBUG:colcon.colcon_parallel_executor.executor.parallel:loop closed
[2.110s] DEBUG:colcon.colcon_parallel_executor.executor.parallel:run_until_complete finished with '0'
[2.110s] DEBUG:colcon.colcon_core.event_reactor:joining thread
[2.115s] INFO:colcon.colcon_core.plugin_system:Skipping extension 'colcon_notification.desktop_notification.terminal_notifier': Not used on non-Darwin systems
[2.115s] INFO:colcon.colcon_core.plugin_system:Skipping extension 'colcon_notification.desktop_notification.win32': Not used on non-Windows systems
[2.115s] INFO:colcon.colcon_notification.desktop_notification:Sending desktop notification using 'notify2'
[2.134s] DEBUG:colcon.colcon_core.event_reactor:joined thread
[2.134s] INFO:colcon.colcon_core.shell:Creating prefix script '/home/ubuntu/robotics/Lunabotics2024-ROS/install/local_setup.ps1'
[2.135s] INFO:colcon.colcon_core.shell:Creating prefix util module '/home/ubuntu/robotics/Lunabotics2024-ROS/install/_local_setup_util_ps1.py'
[2.138s] INFO:colcon.colcon_core.shell:Creating prefix chain script '/home/ubuntu/robotics/Lunabotics2024-ROS/install/setup.ps1'
[2.139s] INFO:colcon.colcon_core.shell:Creating prefix script '/home/ubuntu/robotics/Lunabotics2024-ROS/install/local_setup.sh'
[2.140s] INFO:colcon.colcon_core.shell:Creating prefix util module '/home/ubuntu/robotics/Lunabotics2024-ROS/install/_local_setup_util_sh.py'
[2.141s] INFO:colcon.colcon_core.shell:Creating prefix chain script '/home/ubuntu/robotics/Lunabotics2024-ROS/install/setup.sh'
[2.143s] INFO:colcon.colcon_core.shell:Creating prefix script '/home/ubuntu/robotics/Lunabotics2024-ROS/install/local_setup.bash'
[2.144s] INFO:colcon.colcon_core.shell:Creating prefix chain script '/home/ubuntu/robotics/Lunabotics2024-ROS/install/setup.bash'
[2.145s] INFO:colcon.colcon_core.shell:Creating prefix script '/home/ubuntu/robotics/Lunabotics2024-ROS/install/local_setup.zsh'
[2.146s] INFO:colcon.colcon_core.shell:Creating prefix chain script '/home/ubuntu/robotics/Lunabotics2024-ROS/install/setup.zsh'
