[0.011s] Invoking command in '/home/jayhaych02/robotics/Lunabotics2024-ROS/build/mining_bot_base': CMAKE_PREFIX_PATH=${CMAKE_PREFIX_PATH}:/opt/ros/humble /usr/bin/cmake --build /home/jayhaych02/robotics/Lunabotics2024-ROS/build/mining_bot_base -- -j24 -l24
[0.041s] -- Found ament_cmake: 1.3.11 (/opt/ros/humble/share/ament_cmake/cmake)
[0.116s] -- Found rclcpp: 16.0.11 (/opt/ros/humble/share/rclcpp/cmake)
[0.294s] -- Found rosidl_generator_c: 3.1.6 (/opt/ros/humble/share/rosidl_generator_c/cmake)
[0.296s] -- Found rosidl_adapter: 3.1.6 (/opt/ros/humble/share/rosidl_adapter/cmake)
[0.301s] -- Found rosidl_generator_cpp: 3.1.6 (/opt/ros/humble/share/rosidl_generator_cpp/cmake)
[0.308s] -- Using all available rosidl_typesupport_c: rosidl_typesupport_fastrtps_c;rosidl_typesupport_introspection_c
[0.317s] -- Using all available rosidl_typesupport_cpp: rosidl_typesupport_fastrtps_cpp;rosidl_typesupport_introspection_cpp
[0.344s] -- Found rmw_implementation_cmake: 6.1.2 (/opt/ros/humble/share/rmw_implementation_cmake/cmake)
[0.346s] -- Found rmw_fastrtps_cpp: 6.2.7 (/opt/ros/humble/share/rmw_fastrtps_cpp/cmake)
[2.279s] -- Using RMW implementation 'rmw_fastrtps_cpp' as default
[2.316s] -- Found hardware_interface: 2.44.0 (/opt/ros/humble/share/hardware_interface/cmake)
[3.387s] [31mCMake Error at CMakeLists.txt:17 (find_package):
[3.387s]   By not providing "Findtf2_stamped.cmake" in CMAKE_MODULE_PATH this project
[3.387s]   has asked CMake to find a package configuration file provided by
[3.387s]   "tf2_stamped", but CMake did not find one.
[3.388s] 
[3.388s]   Could not find a package configuration file provided by "tf2_stamped" with
[3.388s]   any of the following names:
[3.388s] 
[3.388s]     tf2_stampedConfig.cmake
[3.388s]     tf2_stamped-config.cmake
[3.388s] 
[3.388s]   Add the installation prefix of "tf2_stamped" to CMAKE_PREFIX_PATH or set
[3.388s]   "tf2_stamped_DIR" to a directory containing one of the above files.  If
[3.388s]   "tf2_stamped" provides a separate development package or SDK, be sure it
[3.388s]   has been installed.
[3.388s] 
[3.388s] [0m
[3.388s] -- Configuring incomplete, errors occurred!
[3.388s] See also "/home/jayhaych02/robotics/Lunabotics2024-ROS/build/mining_bot_base/CMakeFiles/CMakeOutput.log".
[3.391s] gmake: *** [Makefile:226: cmake_check_build_system] Error 1
[3.393s] Invoked command in '/home/jayhaych02/robotics/Lunabotics2024-ROS/build/mining_bot_base' returned '2': CMAKE_PREFIX_PATH=${CMAKE_PREFIX_PATH}:/opt/ros/humble /usr/bin/cmake --build /home/jayhaych02/robotics/Lunabotics2024-ROS/build/mining_bot_base -- -j24 -l24
