[0.013s] Invoking command in '/home/jayhaych02/robotics/Lunabotics2024-ROS/build/mining_bot_base': CMAKE_PREFIX_PATH=${CMAKE_PREFIX_PATH}:/opt/ros/humble /usr/bin/cmake --build /home/jayhaych02/robotics/Lunabotics2024-ROS/build/mining_bot_base -- -j24 -l24
[0.044s] -- Found ament_cmake: 1.3.11 (/opt/ros/humble/share/ament_cmake/cmake)
[0.120s] -- Found rclcpp: 16.0.11 (/opt/ros/humble/share/rclcpp/cmake)
[0.199s] -- Found rosidl_generator_c: 3.1.6 (/opt/ros/humble/share/rosidl_generator_c/cmake)
[0.201s] -- Found rosidl_adapter: 3.1.6 (/opt/ros/humble/share/rosidl_adapter/cmake)
[0.206s] -- Found rosidl_generator_cpp: 3.1.6 (/opt/ros/humble/share/rosidl_generator_cpp/cmake)
[0.214s] -- Using all available rosidl_typesupport_c: rosidl_typesupport_fastrtps_c;rosidl_typesupport_introspection_c
[0.223s] -- Using all available rosidl_typesupport_cpp: rosidl_typesupport_fastrtps_cpp;rosidl_typesupport_introspection_cpp
[0.249s] -- Found rmw_implementation_cmake: 6.1.2 (/opt/ros/humble/share/rmw_implementation_cmake/cmake)
[0.250s] -- Found rmw_fastrtps_cpp: 6.2.7 (/opt/ros/humble/share/rmw_fastrtps_cpp/cmake)
[2.191s] -- Using RMW implementation 'rmw_fastrtps_cpp' as default
[2.229s] -- Found hardware_interface: 2.44.0 (/opt/ros/humble/share/hardware_interface/cmake)
[2.725s] -- Found ament_lint_auto: 0.12.11 (/opt/ros/humble/share/ament_lint_auto/cmake)
[2.766s] -- Added test 'cppcheck' to perform static code analysis on C / C++ code
[2.766s] -- Configured cppcheck include dirs: /home/jayhaych02/robotics/Lunabotics2024-ROS/src/mining_bot_base/include;/home/jayhaych02/robotics/Lunabotics2024-ROS/src/mining_bot_base/$(EIGEN3_INCLUDE_DIR)
[2.766s] -- Configured cppcheck exclude dirs and/or files: 
[2.767s] -- Added test 'lint_cmake' to check CMake code style
[2.767s] -- Added test 'uncrustify' to check C / C++ code style
[2.768s] -- Configured uncrustify additional arguments: 
[2.768s] -- Added test 'xmllint' to check XML markup files
[2.768s] -- Configuring done
[2.772s] -- Generating done
[2.773s] -- Build files have been written to: /home/jayhaych02/robotics/Lunabotics2024-ROS/build/mining_bot_base
[2.787s] Invoked command in '/home/jayhaych02/robotics/Lunabotics2024-ROS/build/mining_bot_base' returned '0': CMAKE_PREFIX_PATH=${CMAKE_PREFIX_PATH}:/opt/ros/humble /usr/bin/cmake --build /home/jayhaych02/robotics/Lunabotics2024-ROS/build/mining_bot_base -- -j24 -l24
[2.788s] Invoking command in '/home/jayhaych02/robotics/Lunabotics2024-ROS/build/mining_bot_base': CMAKE_PREFIX_PATH=${CMAKE_PREFIX_PATH}:/opt/ros/humble /usr/bin/cmake --install /home/jayhaych02/robotics/Lunabotics2024-ROS/build/mining_bot_base
[2.791s] -- Install configuration: ""
[2.791s] -- Up-to-date: /home/jayhaych02/robotics/Lunabotics2024-ROS/install/mining_bot_base/share/ament_index/resource_index/package_run_dependencies/mining_bot_base
[2.791s] -- Up-to-date: /home/jayhaych02/robotics/Lunabotics2024-ROS/install/mining_bot_base/share/ament_index/resource_index/parent_prefix_path/mining_bot_base
[2.791s] -- Up-to-date: /home/jayhaych02/robotics/Lunabotics2024-ROS/install/mining_bot_base/share/mining_bot_base/environment/ament_prefix_path.sh
[2.791s] -- Installing: /home/jayhaych02/robotics/Lunabotics2024-ROS/install/mining_bot_base/share/mining_bot_base/environment/ament_prefix_path.dsv
[2.792s] -- Up-to-date: /home/jayhaych02/robotics/Lunabotics2024-ROS/install/mining_bot_base/share/mining_bot_base/environment/path.sh
[2.792s] -- Installing: /home/jayhaych02/robotics/Lunabotics2024-ROS/install/mining_bot_base/share/mining_bot_base/environment/path.dsv
[2.792s] -- Up-to-date: /home/jayhaych02/robotics/Lunabotics2024-ROS/install/mining_bot_base/share/mining_bot_base/local_setup.bash
[2.792s] -- Up-to-date: /home/jayhaych02/robotics/Lunabotics2024-ROS/install/mining_bot_base/share/mining_bot_base/local_setup.sh
[2.792s] -- Up-to-date: /home/jayhaych02/robotics/Lunabotics2024-ROS/install/mining_bot_base/share/mining_bot_base/local_setup.zsh
[2.792s] -- Installing: /home/jayhaych02/robotics/Lunabotics2024-ROS/install/mining_bot_base/share/mining_bot_base/local_setup.dsv
[2.792s] -- Installing: /home/jayhaych02/robotics/Lunabotics2024-ROS/install/mining_bot_base/share/mining_bot_base/package.dsv
[2.792s] -- Up-to-date: /home/jayhaych02/robotics/Lunabotics2024-ROS/install/mining_bot_base/share/ament_index/resource_index/packages/mining_bot_base
[2.792s] -- Up-to-date: /home/jayhaych02/robotics/Lunabotics2024-ROS/install/mining_bot_base/share/mining_bot_base/cmake/mining_bot_baseConfig.cmake
[2.792s] -- Up-to-date: /home/jayhaych02/robotics/Lunabotics2024-ROS/install/mining_bot_base/share/mining_bot_base/cmake/mining_bot_baseConfig-version.cmake
[2.792s] -- Up-to-date: /home/jayhaych02/robotics/Lunabotics2024-ROS/install/mining_bot_base/share/mining_bot_base/package.xml
[2.793s] Invoked command in '/home/jayhaych02/robotics/Lunabotics2024-ROS/build/mining_bot_base' returned '0': CMAKE_PREFIX_PATH=${CMAKE_PREFIX_PATH}:/opt/ros/humble /usr/bin/cmake --install /home/jayhaych02/robotics/Lunabotics2024-ROS/build/mining_bot_base
