[0.097s] DEBUG:colcon:Command line arguments: ['/usr/bin/colcon', 'build']
[0.097s] DEBUG:colcon:Parsed command line arguments: Namespace(log_base=None, log_level=None, verb_name='build', build_base='build', install_base='install', merge_install=False, symlink_install=False, test_result_base=None, continue_on_error=False, executor='parallel', parallel_workers=4, event_handlers=None, ignore_user_meta=False, metas=['./colcon.meta'], base_paths=['.'], packages_ignore=None, packages_ignore_regex=None, paths=None, packages_up_to=None, packages_up_to_regex=None, packages_above=None, packages_above_and_dependencies=None, packages_above_depth=None, packages_select_by_dep=None, packages_skip_by_dep=None, packages_skip_up_to=None, packages_select_build_failed=False, packages_skip_build_finished=False, packages_select_test_failures=False, packages_skip_test_passed=False, packages_select=None, packages_skip=None, packages_select_regex=None, packages_skip_regex=None, packages_start=None, packages_end=None, allow_overriding=[], cmake_args=None, cmake_target=None, cmake_target_skip_unavailable=False, cmake_clean_cache=False, cmake_clean_first=False, cmake_force_configure=False, ament_cmake_args=None, catkin_cmake_args=None, catkin_skip_building_tests=False, verb_parser=<colcon_defaults.argument_parser.defaults.DefaultArgumentsDecorator object at 0x721406c4cdf0>, verb_extension=<colcon_core.verb.build.BuildVerb object at 0x721406d5e290>, main=<bound method BuildVerb.main of <colcon_core.verb.build.BuildVerb object at 0x721406d5e290>>)
[0.258s] Level 1:colcon.colcon_core.package_discovery:discover_packages(colcon_meta) check parameters
[0.258s] Level 1:colcon.colcon_core.package_discovery:discover_packages(recursive) check parameters
[0.258s] Level 1:colcon.colcon_core.package_discovery:discover_packages(ignore) check parameters
[0.258s] Level 1:colcon.colcon_core.package_discovery:discover_packages(path) check parameters
[0.258s] Level 1:colcon.colcon_core.package_discovery:discover_packages(colcon_meta) discover
[0.258s] Level 1:colcon.colcon_core.package_discovery:discover_packages(recursive) discover
[0.258s] INFO:colcon.colcon_core.package_discovery:Crawling recursively for packages in '/home/ubuntu/robotics/autonomous_robot_ws'
[0.258s] Level 1:colcon.colcon_core.package_identification:_identify(.) by extensions ['ignore', 'ignore_ament_install']
[0.258s] Level 1:colcon.colcon_core.package_identification:_identify(.) by extension 'ignore'
[0.258s] Level 1:colcon.colcon_core.package_identification:_identify(.) by extension 'ignore_ament_install'
[0.258s] Level 1:colcon.colcon_core.package_identification:_identify(.) by extensions ['colcon_pkg']
[0.258s] Level 1:colcon.colcon_core.package_identification:_identify(.) by extension 'colcon_pkg'
[0.258s] Level 1:colcon.colcon_core.package_identification:_identify(.) by extensions ['colcon_meta']
[0.258s] Level 1:colcon.colcon_core.package_identification:_identify(.) by extension 'colcon_meta'
[0.259s] Level 1:colcon.colcon_core.package_identification:_identify(.) by extensions ['ros']
[0.259s] Level 1:colcon.colcon_core.package_identification:_identify(.) by extension 'ros'
[0.269s] Level 1:colcon.colcon_core.package_identification:_identify(.) by extensions ['cmake', 'python']
[0.269s] Level 1:colcon.colcon_core.package_identification:_identify(.) by extension 'cmake'
[0.269s] Level 1:colcon.colcon_core.package_identification:_identify(.) by extension 'python'
[0.270s] Level 1:colcon.colcon_core.package_identification:_identify(.) by extensions ['python_setup_py']
[0.270s] Level 1:colcon.colcon_core.package_identification:_identify(.) by extension 'python_setup_py'
[0.270s] Level 1:colcon.colcon_core.package_identification:_identify(build) by extensions ['ignore', 'ignore_ament_install']
[0.270s] Level 1:colcon.colcon_core.package_identification:_identify(build) by extension 'ignore'
[0.270s] Level 1:colcon.colcon_core.package_identification:_identify(build) ignored
[0.270s] Level 1:colcon.colcon_core.package_identification:_identify(install) by extensions ['ignore', 'ignore_ament_install']
[0.270s] Level 1:colcon.colcon_core.package_identification:_identify(install) by extension 'ignore'
[0.270s] Level 1:colcon.colcon_core.package_identification:_identify(install) ignored
[0.270s] Level 1:colcon.colcon_core.package_identification:_identify(log) by extensions ['ignore', 'ignore_ament_install']
[0.270s] Level 1:colcon.colcon_core.package_identification:_identify(log) by extension 'ignore'
[0.271s] Level 1:colcon.colcon_core.package_identification:_identify(log) ignored
[0.271s] Level 1:colcon.colcon_core.package_identification:_identify(src) by extensions ['ignore', 'ignore_ament_install']
[0.271s] Level 1:colcon.colcon_core.package_identification:_identify(src) by extension 'ignore'
[0.271s] Level 1:colcon.colcon_core.package_identification:_identify(src) by extension 'ignore_ament_install'
[0.271s] Level 1:colcon.colcon_core.package_identification:_identify(src) by extensions ['colcon_pkg']
[0.271s] Level 1:colcon.colcon_core.package_identification:_identify(src) by extension 'colcon_pkg'
[0.271s] Level 1:colcon.colcon_core.package_identification:_identify(src) by extensions ['colcon_meta']
[0.271s] Level 1:colcon.colcon_core.package_identification:_identify(src) by extension 'colcon_meta'
[0.271s] Level 1:colcon.colcon_core.package_identification:_identify(src) by extensions ['ros']
[0.271s] Level 1:colcon.colcon_core.package_identification:_identify(src) by extension 'ros'
[0.271s] Level 1:colcon.colcon_core.package_identification:_identify(src) by extensions ['cmake', 'python']
[0.271s] Level 1:colcon.colcon_core.package_identification:_identify(src) by extension 'cmake'
[0.271s] Level 1:colcon.colcon_core.package_identification:_identify(src) by extension 'python'
[0.271s] Level 1:colcon.colcon_core.package_identification:_identify(src) by extensions ['python_setup_py']
[0.271s] Level 1:colcon.colcon_core.package_identification:_identify(src) by extension 'python_setup_py'
[0.272s] Level 1:colcon.colcon_core.package_identification:_identify(src/mining_bot_autonomous) by extensions ['ignore', 'ignore_ament_install']
[0.272s] Level 1:colcon.colcon_core.package_identification:_identify(src/mining_bot_autonomous) by extension 'ignore'
[0.272s] Level 1:colcon.colcon_core.package_identification:_identify(src/mining_bot_autonomous) by extension 'ignore_ament_install'
[0.272s] Level 1:colcon.colcon_core.package_identification:_identify(src/mining_bot_autonomous) by extensions ['colcon_pkg']
[0.272s] Level 1:colcon.colcon_core.package_identification:_identify(src/mining_bot_autonomous) by extension 'colcon_pkg'
[0.272s] Level 1:colcon.colcon_core.package_identification:_identify(src/mining_bot_autonomous) by extensions ['colcon_meta']
[0.272s] Level 1:colcon.colcon_core.package_identification:_identify(src/mining_bot_autonomous) by extension 'colcon_meta'
[0.272s] Level 1:colcon.colcon_core.package_identification:_identify(src/mining_bot_autonomous) by extensions ['ros']
[0.272s] Level 1:colcon.colcon_core.package_identification:_identify(src/mining_bot_autonomous) by extension 'ros'
[0.275s] DEBUG:colcon.colcon_core.package_identification:Package 'src/mining_bot_autonomous' with type 'ros.ament_cmake' and name 'mining_bot_autonomous'
[0.275s] Level 1:colcon.colcon_core.package_identification:_identify(src/mining_bot_base) by extensions ['ignore', 'ignore_ament_install']
[0.275s] Level 1:colcon.colcon_core.package_identification:_identify(src/mining_bot_base) by extension 'ignore'
[0.275s] Level 1:colcon.colcon_core.package_identification:_identify(src/mining_bot_base) by extension 'ignore_ament_install'
[0.275s] Level 1:colcon.colcon_core.package_identification:_identify(src/mining_bot_base) by extensions ['colcon_pkg']
[0.275s] Level 1:colcon.colcon_core.package_identification:_identify(src/mining_bot_base) by extension 'colcon_pkg'
[0.275s] Level 1:colcon.colcon_core.package_identification:_identify(src/mining_bot_base) by extensions ['colcon_meta']
[0.275s] Level 1:colcon.colcon_core.package_identification:_identify(src/mining_bot_base) by extension 'colcon_meta'
[0.275s] Level 1:colcon.colcon_core.package_identification:_identify(src/mining_bot_base) by extensions ['ros']
[0.275s] Level 1:colcon.colcon_core.package_identification:_identify(src/mining_bot_base) by extension 'ros'
[0.276s] DEBUG:colcon.colcon_core.package_identification:Package 'src/mining_bot_base' with type 'ros.ament_cmake' and name 'mining_bot_base'
[0.276s] Level 1:colcon.colcon_core.package_discovery:discover_packages(recursive) using defaults
[0.276s] Level 1:colcon.colcon_core.package_discovery:discover_packages(ignore) discover
[0.276s] Level 1:colcon.colcon_core.package_discovery:discover_packages(ignore) using defaults
[0.276s] Level 1:colcon.colcon_core.package_discovery:discover_packages(path) discover
[0.276s] Level 1:colcon.colcon_core.package_discovery:discover_packages(path) using defaults
[0.304s] Level 1:colcon.colcon_core.package_discovery:discover_packages(prefix_path) check parameters
[0.304s] Level 1:colcon.colcon_core.package_discovery:discover_packages(prefix_path) discover
[0.307s] DEBUG:colcon.colcon_installed_package_information.package_discovery:Found 376 installed packages in /opt/ros/humble
[0.309s] Level 1:colcon.colcon_core.package_discovery:discover_packages(prefix_path) using defaults
[0.352s] Level 5:colcon.colcon_core.verb:set package 'mining_bot_autonomous' build argument 'cmake_args' from command line to 'None'
[0.352s] Level 5:colcon.colcon_core.verb:set package 'mining_bot_autonomous' build argument 'cmake_target' from command line to 'None'
[0.352s] Level 5:colcon.colcon_core.verb:set package 'mining_bot_autonomous' build argument 'cmake_target_skip_unavailable' from command line to 'False'
[0.352s] Level 5:colcon.colcon_core.verb:set package 'mining_bot_autonomous' build argument 'cmake_clean_cache' from command line to 'False'
[0.352s] Level 5:colcon.colcon_core.verb:set package 'mining_bot_autonomous' build argument 'cmake_clean_first' from command line to 'False'
[0.352s] Level 5:colcon.colcon_core.verb:set package 'mining_bot_autonomous' build argument 'cmake_force_configure' from command line to 'False'
[0.352s] Level 5:colcon.colcon_core.verb:set package 'mining_bot_autonomous' build argument 'ament_cmake_args' from command line to 'None'
[0.352s] Level 5:colcon.colcon_core.verb:set package 'mining_bot_autonomous' build argument 'catkin_cmake_args' from command line to 'None'
[0.352s] Level 5:colcon.colcon_core.verb:set package 'mining_bot_autonomous' build argument 'catkin_skip_building_tests' from command line to 'False'
[0.352s] DEBUG:colcon.colcon_core.verb:Building package 'mining_bot_autonomous' with the following arguments: {'ament_cmake_args': None, 'build_base': '/home/ubuntu/robotics/autonomous_robot_ws/build/mining_bot_autonomous', 'catkin_cmake_args': None, 'catkin_skip_building_tests': False, 'cmake_args': None, 'cmake_clean_cache': False, 'cmake_clean_first': False, 'cmake_force_configure': False, 'cmake_target': None, 'cmake_target_skip_unavailable': False, 'install_base': '/home/ubuntu/robotics/autonomous_robot_ws/install/mining_bot_autonomous', 'merge_install': False, 'path': '/home/ubuntu/robotics/autonomous_robot_ws/src/mining_bot_autonomous', 'symlink_install': False, 'test_result_base': None}
[0.353s] Level 5:colcon.colcon_core.verb:set package 'mining_bot_base' build argument 'cmake_args' from command line to 'None'
[0.353s] Level 5:colcon.colcon_core.verb:set package 'mining_bot_base' build argument 'cmake_target' from command line to 'None'
[0.353s] Level 5:colcon.colcon_core.verb:set package 'mining_bot_base' build argument 'cmake_target_skip_unavailable' from command line to 'False'
[0.353s] Level 5:colcon.colcon_core.verb:set package 'mining_bot_base' build argument 'cmake_clean_cache' from command line to 'False'
[0.353s] Level 5:colcon.colcon_core.verb:set package 'mining_bot_base' build argument 'cmake_clean_first' from command line to 'False'
[0.353s] Level 5:colcon.colcon_core.verb:set package 'mining_bot_base' build argument 'cmake_force_configure' from command line to 'False'
[0.353s] Level 5:colcon.colcon_core.verb:set package 'mining_bot_base' build argument 'ament_cmake_args' from command line to 'None'
[0.353s] Level 5:colcon.colcon_core.verb:set package 'mining_bot_base' build argument 'catkin_cmake_args' from command line to 'None'
[0.353s] Level 5:colcon.colcon_core.verb:set package 'mining_bot_base' build argument 'catkin_skip_building_tests' from command line to 'False'
[0.353s] DEBUG:colcon.colcon_core.verb:Building package 'mining_bot_base' with the following arguments: {'ament_cmake_args': None, 'build_base': '/home/ubuntu/robotics/autonomous_robot_ws/build/mining_bot_base', 'catkin_cmake_args': None, 'catkin_skip_building_tests': False, 'cmake_args': None, 'cmake_clean_cache': False, 'cmake_clean_first': False, 'cmake_force_configure': False, 'cmake_target': None, 'cmake_target_skip_unavailable': False, 'install_base': '/home/ubuntu/robotics/autonomous_robot_ws/install/mining_bot_base', 'merge_install': False, 'path': '/home/ubuntu/robotics/autonomous_robot_ws/src/mining_bot_base', 'symlink_install': False, 'test_result_base': None}
[0.353s] INFO:colcon.colcon_core.executor:Executing jobs using 'parallel' executor
[0.354s] DEBUG:colcon.colcon_parallel_executor.executor.parallel:run_until_complete
[0.355s] INFO:colcon.colcon_ros.task.ament_cmake.build:Building ROS package in '/home/ubuntu/robotics/autonomous_robot_ws/src/mining_bot_autonomous' with build type 'ament_cmake'
[0.355s] INFO:colcon.colcon_cmake.task.cmake.build:Building CMake package in '/home/ubuntu/robotics/autonomous_robot_ws/src/mining_bot_autonomous'
[0.357s] INFO:colcon.colcon_core.plugin_system:Skipping extension 'colcon_core.shell.bat': Not used on non-Windows systems
[0.357s] INFO:colcon.colcon_core.shell:Skip shell extension 'powershell' for command environment: Not usable outside of PowerShell
[0.357s] DEBUG:colcon.colcon_core.shell:Skip shell extension 'dsv' for command environment
[0.360s] INFO:colcon.colcon_ros.task.ament_cmake.build:Building ROS package in '/home/ubuntu/robotics/autonomous_robot_ws/src/mining_bot_base' with build type 'ament_cmake'
[0.360s] INFO:colcon.colcon_cmake.task.cmake.build:Building CMake package in '/home/ubuntu/robotics/autonomous_robot_ws/src/mining_bot_base'
[0.361s] INFO:colcon.colcon_core.shell:Skip shell extension 'powershell' for command environment: Not usable outside of PowerShell
[0.361s] DEBUG:colcon.colcon_core.shell:Skip shell extension 'dsv' for command environment
[0.370s] DEBUG:colcon.colcon_core.event_handler.log_command:Invoking command in '/home/ubuntu/robotics/autonomous_robot_ws/build/mining_bot_autonomous': CMAKE_PREFIX_PATH=/opt/ros/humble /usr/bin/cmake /home/ubuntu/robotics/autonomous_robot_ws/src/mining_bot_autonomous -DCMAKE_INSTALL_PREFIX=/home/ubuntu/robotics/autonomous_robot_ws/install/mining_bot_autonomous
[0.375s] DEBUG:colcon.colcon_core.event_handler.log_command:Invoking command in '/home/ubuntu/robotics/autonomous_robot_ws/build/mining_bot_base': CMAKE_PREFIX_PATH=/opt/ros/humble /usr/bin/cmake --build /home/ubuntu/robotics/autonomous_robot_ws/build/mining_bot_base -- -j4 -l4
[0.415s] DEBUG:colcon.colcon_core.event_handler.log_command:Invoked command in '/home/ubuntu/robotics/autonomous_robot_ws/build/mining_bot_base' returned '0': CMAKE_PREFIX_PATH=/opt/ros/humble /usr/bin/cmake --build /home/ubuntu/robotics/autonomous_robot_ws/build/mining_bot_base -- -j4 -l4
[0.426s] DEBUG:colcon.colcon_core.event_handler.log_command:Invoking command in '/home/ubuntu/robotics/autonomous_robot_ws/build/mining_bot_base': CMAKE_PREFIX_PATH=/opt/ros/humble /usr/bin/cmake --install /home/ubuntu/robotics/autonomous_robot_ws/build/mining_bot_base
[0.435s] Level 1:colcon.colcon_core.environment:create_environment_scripts_only(mining_bot_base)
[0.436s] DEBUG:colcon.colcon_core.event_handler.log_command:Invoked command in '/home/ubuntu/robotics/autonomous_robot_ws/build/mining_bot_base' returned '0': CMAKE_PREFIX_PATH=/opt/ros/humble /usr/bin/cmake --install /home/ubuntu/robotics/autonomous_robot_ws/build/mining_bot_base
[0.438s] Level 1:colcon.colcon_core.environment:checking '/home/ubuntu/robotics/autonomous_robot_ws/install/mining_bot_base' for CMake module files
[0.439s] Level 1:colcon.colcon_core.environment:checking '/home/ubuntu/robotics/autonomous_robot_ws/install/mining_bot_base' for CMake config files
[0.439s] Level 1:colcon.colcon_core.shell:create_environment_hook('mining_bot_base', 'cmake_prefix_path')
[0.439s] INFO:colcon.colcon_core.shell:Creating environment hook '/home/ubuntu/robotics/autonomous_robot_ws/install/mining_bot_base/share/mining_bot_base/hook/cmake_prefix_path.ps1'
[0.440s] INFO:colcon.colcon_core.shell:Creating environment descriptor '/home/ubuntu/robotics/autonomous_robot_ws/install/mining_bot_base/share/mining_bot_base/hook/cmake_prefix_path.dsv'
[0.440s] INFO:colcon.colcon_core.shell:Creating environment hook '/home/ubuntu/robotics/autonomous_robot_ws/install/mining_bot_base/share/mining_bot_base/hook/cmake_prefix_path.sh'
[0.441s] Level 1:colcon.colcon_core.environment:checking '/home/ubuntu/robotics/autonomous_robot_ws/install/mining_bot_base/bin'
[0.441s] Level 1:colcon.colcon_core.environment:checking '/home/ubuntu/robotics/autonomous_robot_ws/install/mining_bot_base/lib/pkgconfig/mining_bot_base.pc'
[0.441s] Level 1:colcon.colcon_core.environment:checking '/home/ubuntu/robotics/autonomous_robot_ws/install/mining_bot_base/lib/python3.10/site-packages'
[0.442s] Level 1:colcon.colcon_core.environment:checking '/home/ubuntu/robotics/autonomous_robot_ws/install/mining_bot_base/bin'
[0.442s] INFO:colcon.colcon_core.shell:Creating package script '/home/ubuntu/robotics/autonomous_robot_ws/install/mining_bot_base/share/mining_bot_base/package.ps1'
[0.443s] INFO:colcon.colcon_core.shell:Creating package descriptor '/home/ubuntu/robotics/autonomous_robot_ws/install/mining_bot_base/share/mining_bot_base/package.dsv'
[0.443s] INFO:colcon.colcon_core.shell:Creating package script '/home/ubuntu/robotics/autonomous_robot_ws/install/mining_bot_base/share/mining_bot_base/package.sh'
[0.445s] INFO:colcon.colcon_core.shell:Creating package script '/home/ubuntu/robotics/autonomous_robot_ws/install/mining_bot_base/share/mining_bot_base/package.bash'
[0.446s] INFO:colcon.colcon_core.shell:Creating package script '/home/ubuntu/robotics/autonomous_robot_ws/install/mining_bot_base/share/mining_bot_base/package.zsh'
[0.447s] Level 1:colcon.colcon_core.environment:create_file_with_runtime_dependencies(/home/ubuntu/robotics/autonomous_robot_ws/install/mining_bot_base/share/colcon-core/packages/mining_bot_base)
[0.448s] Level 1:colcon.colcon_core.environment:create_environment_scripts_only(mining_bot_base)
[0.448s] Level 1:colcon.colcon_core.environment:checking '/home/ubuntu/robotics/autonomous_robot_ws/install/mining_bot_base' for CMake module files
[0.448s] Level 1:colcon.colcon_core.environment:checking '/home/ubuntu/robotics/autonomous_robot_ws/install/mining_bot_base' for CMake config files
[0.449s] Level 1:colcon.colcon_core.shell:create_environment_hook('mining_bot_base', 'cmake_prefix_path')
[0.449s] INFO:colcon.colcon_core.shell:Creating environment hook '/home/ubuntu/robotics/autonomous_robot_ws/install/mining_bot_base/share/mining_bot_base/hook/cmake_prefix_path.ps1'
[0.449s] INFO:colcon.colcon_core.shell:Creating environment descriptor '/home/ubuntu/robotics/autonomous_robot_ws/install/mining_bot_base/share/mining_bot_base/hook/cmake_prefix_path.dsv'
[0.449s] INFO:colcon.colcon_core.shell:Creating environment hook '/home/ubuntu/robotics/autonomous_robot_ws/install/mining_bot_base/share/mining_bot_base/hook/cmake_prefix_path.sh'
[0.450s] Level 1:colcon.colcon_core.environment:checking '/home/ubuntu/robotics/autonomous_robot_ws/install/mining_bot_base/bin'
[0.450s] Level 1:colcon.colcon_core.environment:checking '/home/ubuntu/robotics/autonomous_robot_ws/install/mining_bot_base/lib/pkgconfig/mining_bot_base.pc'
[0.450s] Level 1:colcon.colcon_core.environment:checking '/home/ubuntu/robotics/autonomous_robot_ws/install/mining_bot_base/lib/python3.10/site-packages'
[0.451s] Level 1:colcon.colcon_core.environment:checking '/home/ubuntu/robotics/autonomous_robot_ws/install/mining_bot_base/bin'
[0.451s] INFO:colcon.colcon_core.shell:Creating package script '/home/ubuntu/robotics/autonomous_robot_ws/install/mining_bot_base/share/mining_bot_base/package.ps1'
[0.451s] INFO:colcon.colcon_core.shell:Creating package descriptor '/home/ubuntu/robotics/autonomous_robot_ws/install/mining_bot_base/share/mining_bot_base/package.dsv'
[0.452s] INFO:colcon.colcon_core.shell:Creating package script '/home/ubuntu/robotics/autonomous_robot_ws/install/mining_bot_base/share/mining_bot_base/package.sh'
[0.452s] INFO:colcon.colcon_core.shell:Creating package script '/home/ubuntu/robotics/autonomous_robot_ws/install/mining_bot_base/share/mining_bot_base/package.bash'
[0.453s] INFO:colcon.colcon_core.shell:Creating package script '/home/ubuntu/robotics/autonomous_robot_ws/install/mining_bot_base/share/mining_bot_base/package.zsh'
[0.453s] Level 1:colcon.colcon_core.environment:create_file_with_runtime_dependencies(/home/ubuntu/robotics/autonomous_robot_ws/install/mining_bot_base/share/colcon-core/packages/mining_bot_base)
[1.152s] DEBUG:colcon.colcon_core.event_handler.log_command:Invoked command in '/home/ubuntu/robotics/autonomous_robot_ws/build/mining_bot_autonomous' returned '0': CMAKE_PREFIX_PATH=/opt/ros/humble /usr/bin/cmake /home/ubuntu/robotics/autonomous_robot_ws/src/mining_bot_autonomous -DCMAKE_INSTALL_PREFIX=/home/ubuntu/robotics/autonomous_robot_ws/install/mining_bot_autonomous
[1.154s] DEBUG:colcon.colcon_core.event_handler.log_command:Invoking command in '/home/ubuntu/robotics/autonomous_robot_ws/build/mining_bot_autonomous': CMAKE_PREFIX_PATH=/opt/ros/humble /usr/bin/cmake --build /home/ubuntu/robotics/autonomous_robot_ws/build/mining_bot_autonomous -- -j4 -l4
[1.193s] DEBUG:colcon.colcon_core.event_handler.log_command:Invoked command in '/home/ubuntu/robotics/autonomous_robot_ws/build/mining_bot_autonomous' returned '0': CMAKE_PREFIX_PATH=/opt/ros/humble /usr/bin/cmake --build /home/ubuntu/robotics/autonomous_robot_ws/build/mining_bot_autonomous -- -j4 -l4
[1.195s] DEBUG:colcon.colcon_core.event_handler.log_command:Invoking command in '/home/ubuntu/robotics/autonomous_robot_ws/build/mining_bot_autonomous': CMAKE_PREFIX_PATH=/opt/ros/humble /usr/bin/cmake --install /home/ubuntu/robotics/autonomous_robot_ws/build/mining_bot_autonomous
[1.206s] Level 1:colcon.colcon_core.environment:create_environment_scripts_only(mining_bot_autonomous)
[1.206s] Level 1:colcon.colcon_core.environment:checking '/home/ubuntu/robotics/autonomous_robot_ws/install/mining_bot_autonomous' for CMake module files
[1.207s] DEBUG:colcon.colcon_core.event_handler.log_command:Invoked command in '/home/ubuntu/robotics/autonomous_robot_ws/build/mining_bot_autonomous' returned '0': CMAKE_PREFIX_PATH=/opt/ros/humble /usr/bin/cmake --install /home/ubuntu/robotics/autonomous_robot_ws/build/mining_bot_autonomous
[1.207s] Level 1:colcon.colcon_core.environment:checking '/home/ubuntu/robotics/autonomous_robot_ws/install/mining_bot_autonomous' for CMake config files
[1.207s] Level 1:colcon.colcon_core.shell:create_environment_hook('mining_bot_autonomous', 'cmake_prefix_path')
[1.208s] INFO:colcon.colcon_core.shell:Creating environment hook '/home/ubuntu/robotics/autonomous_robot_ws/install/mining_bot_autonomous/share/mining_bot_autonomous/hook/cmake_prefix_path.ps1'
[1.208s] INFO:colcon.colcon_core.shell:Creating environment descriptor '/home/ubuntu/robotics/autonomous_robot_ws/install/mining_bot_autonomous/share/mining_bot_autonomous/hook/cmake_prefix_path.dsv'
[1.208s] INFO:colcon.colcon_core.shell:Creating environment hook '/home/ubuntu/robotics/autonomous_robot_ws/install/mining_bot_autonomous/share/mining_bot_autonomous/hook/cmake_prefix_path.sh'
[1.209s] Level 1:colcon.colcon_core.environment:checking '/home/ubuntu/robotics/autonomous_robot_ws/install/mining_bot_autonomous/bin'
[1.209s] Level 1:colcon.colcon_core.environment:checking '/home/ubuntu/robotics/autonomous_robot_ws/install/mining_bot_autonomous/lib/pkgconfig/mining_bot_autonomous.pc'
[1.209s] Level 1:colcon.colcon_core.environment:checking '/home/ubuntu/robotics/autonomous_robot_ws/install/mining_bot_autonomous/lib/python3.10/site-packages'
[1.209s] Level 1:colcon.colcon_core.environment:checking '/home/ubuntu/robotics/autonomous_robot_ws/install/mining_bot_autonomous/bin'
[1.209s] INFO:colcon.colcon_core.shell:Creating package script '/home/ubuntu/robotics/autonomous_robot_ws/install/mining_bot_autonomous/share/mining_bot_autonomous/package.ps1'
[1.210s] INFO:colcon.colcon_core.shell:Creating package descriptor '/home/ubuntu/robotics/autonomous_robot_ws/install/mining_bot_autonomous/share/mining_bot_autonomous/package.dsv'
[1.210s] INFO:colcon.colcon_core.shell:Creating package script '/home/ubuntu/robotics/autonomous_robot_ws/install/mining_bot_autonomous/share/mining_bot_autonomous/package.sh'
[1.211s] INFO:colcon.colcon_core.shell:Creating package script '/home/ubuntu/robotics/autonomous_robot_ws/install/mining_bot_autonomous/share/mining_bot_autonomous/package.bash'
[1.211s] INFO:colcon.colcon_core.shell:Creating package script '/home/ubuntu/robotics/autonomous_robot_ws/install/mining_bot_autonomous/share/mining_bot_autonomous/package.zsh'
[1.211s] Level 1:colcon.colcon_core.environment:create_file_with_runtime_dependencies(/home/ubuntu/robotics/autonomous_robot_ws/install/mining_bot_autonomous/share/colcon-core/packages/mining_bot_autonomous)
[1.212s] Level 1:colcon.colcon_core.environment:create_environment_scripts_only(mining_bot_autonomous)
[1.212s] Level 1:colcon.colcon_core.environment:checking '/home/ubuntu/robotics/autonomous_robot_ws/install/mining_bot_autonomous' for CMake module files
[1.212s] Level 1:colcon.colcon_core.environment:checking '/home/ubuntu/robotics/autonomous_robot_ws/install/mining_bot_autonomous' for CMake config files
[1.213s] Level 1:colcon.colcon_core.shell:create_environment_hook('mining_bot_autonomous', 'cmake_prefix_path')
[1.213s] INFO:colcon.colcon_core.shell:Creating environment hook '/home/ubuntu/robotics/autonomous_robot_ws/install/mining_bot_autonomous/share/mining_bot_autonomous/hook/cmake_prefix_path.ps1'
[1.213s] INFO:colcon.colcon_core.shell:Creating environment descriptor '/home/ubuntu/robotics/autonomous_robot_ws/install/mining_bot_autonomous/share/mining_bot_autonomous/hook/cmake_prefix_path.dsv'
[1.214s] INFO:colcon.colcon_core.shell:Creating environment hook '/home/ubuntu/robotics/autonomous_robot_ws/install/mining_bot_autonomous/share/mining_bot_autonomous/hook/cmake_prefix_path.sh'
[1.214s] Level 1:colcon.colcon_core.environment:checking '/home/ubuntu/robotics/autonomous_robot_ws/install/mining_bot_autonomous/bin'
[1.214s] Level 1:colcon.colcon_core.environment:checking '/home/ubuntu/robotics/autonomous_robot_ws/install/mining_bot_autonomous/lib/pkgconfig/mining_bot_autonomous.pc'
[1.215s] Level 1:colcon.colcon_core.environment:checking '/home/ubuntu/robotics/autonomous_robot_ws/install/mining_bot_autonomous/lib/python3.10/site-packages'
[1.215s] Level 1:colcon.colcon_core.environment:checking '/home/ubuntu/robotics/autonomous_robot_ws/install/mining_bot_autonomous/bin'
[1.215s] INFO:colcon.colcon_core.shell:Creating package script '/home/ubuntu/robotics/autonomous_robot_ws/install/mining_bot_autonomous/share/mining_bot_autonomous/package.ps1'
[1.216s] INFO:colcon.colcon_core.shell:Creating package descriptor '/home/ubuntu/robotics/autonomous_robot_ws/install/mining_bot_autonomous/share/mining_bot_autonomous/package.dsv'
[1.216s] INFO:colcon.colcon_core.shell:Creating package script '/home/ubuntu/robotics/autonomous_robot_ws/install/mining_bot_autonomous/share/mining_bot_autonomous/package.sh'
[1.217s] INFO:colcon.colcon_core.shell:Creating package script '/home/ubuntu/robotics/autonomous_robot_ws/install/mining_bot_autonomous/share/mining_bot_autonomous/package.bash'
[1.217s] INFO:colcon.colcon_core.shell:Creating package script '/home/ubuntu/robotics/autonomous_robot_ws/install/mining_bot_autonomous/share/mining_bot_autonomous/package.zsh'
[1.218s] Level 1:colcon.colcon_core.environment:create_file_with_runtime_dependencies(/home/ubuntu/robotics/autonomous_robot_ws/install/mining_bot_autonomous/share/colcon-core/packages/mining_bot_autonomous)
[1.218s] DEBUG:colcon.colcon_parallel_executor.executor.parallel:closing loop
[1.218s] DEBUG:colcon.colcon_parallel_executor.executor.parallel:loop closed
[1.218s] DEBUG:colcon.colcon_parallel_executor.executor.parallel:run_until_complete finished with '0'
[1.219s] DEBUG:colcon.colcon_core.event_reactor:joining thread
[1.223s] INFO:colcon.colcon_core.plugin_system:Skipping extension 'colcon_notification.desktop_notification.terminal_notifier': Not used on non-Darwin systems
[1.223s] INFO:colcon.colcon_core.plugin_system:Skipping extension 'colcon_notification.desktop_notification.win32': Not used on non-Windows systems
[1.223s] INFO:colcon.colcon_notification.desktop_notification:Sending desktop notification using 'notify2'
[1.234s] DEBUG:colcon.colcon_core.event_reactor:joined thread
[1.235s] INFO:colcon.colcon_core.shell:Creating prefix script '/home/ubuntu/robotics/autonomous_robot_ws/install/local_setup.ps1'
[1.236s] INFO:colcon.colcon_core.shell:Creating prefix util module '/home/ubuntu/robotics/autonomous_robot_ws/install/_local_setup_util_ps1.py'
[1.238s] INFO:colcon.colcon_core.shell:Creating prefix chain script '/home/ubuntu/robotics/autonomous_robot_ws/install/setup.ps1'
[1.239s] INFO:colcon.colcon_core.shell:Creating prefix script '/home/ubuntu/robotics/autonomous_robot_ws/install/local_setup.sh'
[1.240s] INFO:colcon.colcon_core.shell:Creating prefix util module '/home/ubuntu/robotics/autonomous_robot_ws/install/_local_setup_util_sh.py'
[1.240s] INFO:colcon.colcon_core.shell:Creating prefix chain script '/home/ubuntu/robotics/autonomous_robot_ws/install/setup.sh'
[1.242s] INFO:colcon.colcon_core.shell:Creating prefix script '/home/ubuntu/robotics/autonomous_robot_ws/install/local_setup.bash'
[1.243s] INFO:colcon.colcon_core.shell:Creating prefix chain script '/home/ubuntu/robotics/autonomous_robot_ws/install/setup.bash'
[1.244s] INFO:colcon.colcon_core.shell:Creating prefix script '/home/ubuntu/robotics/autonomous_robot_ws/install/local_setup.zsh'
[1.244s] INFO:colcon.colcon_core.shell:Creating prefix chain script '/home/ubuntu/robotics/autonomous_robot_ws/install/setup.zsh'
