[0.011s] Invoking command in '/home/ubuntu/robotics/Lunabotics2024-ROS/build/mining_bot_base': CMAKE_PREFIX_PATH=/opt/ros/humble /usr/bin/cmake /home/ubuntu/robotics/Lunabotics2024-ROS/src/mining_bot_base -DCMAKE_INSTALL_PREFIX=/home/ubuntu/robotics/Lunabotics2024-ROS/install/mining_bot_base
[0.178s] -- The C compiler identification is GNU 11.4.0
[0.285s] -- The CXX compiler identification is GNU 11.4.0
[0.294s] -- Detecting C compiler ABI info
[0.363s] -- Detecting C compiler ABI info - done
[0.370s] -- Check for working C compiler: /usr/bin/cc - skipped
[0.370s] -- Detecting C compile features
[0.371s] -- Detecting C compile features - done
[0.375s] -- Detecting CXX compiler ABI info
[0.449s] -- Detecting CXX compiler ABI info - done
[0.456s] -- Check for working CXX compiler: /usr/bin/c++ - skipped
[0.457s] -- Detecting CXX compile features
[0.457s] -- Detecting CXX compile features - done
[0.460s] -- Found ament_cmake: 1.3.11 (/opt/ros/humble/share/ament_cmake/cmake)
[0.619s] -- Found Python3: /usr/bin/python3 (found version "3.10.12") found components: Interpreter 
[0.706s] -- Found rclcpp: 16.0.11 (/opt/ros/humble/share/rclcpp/cmake)
[0.746s] -- Found rosidl_generator_c: 3.1.6 (/opt/ros/humble/share/rosidl_generator_c/cmake)
[0.750s] -- Found rosidl_adapter: 3.1.6 (/opt/ros/humble/share/rosidl_adapter/cmake)
[0.758s] -- Found rosidl_generator_cpp: 3.1.6 (/opt/ros/humble/share/rosidl_generator_cpp/cmake)
[0.769s] -- Using all available rosidl_typesupport_c: rosidl_typesupport_fastrtps_c;rosidl_typesupport_introspection_c
[0.784s] -- Using all available rosidl_typesupport_cpp: rosidl_typesupport_fastrtps_cpp;rosidl_typesupport_introspection_cpp
[0.827s] -- Found rmw_implementation_cmake: 6.1.2 (/opt/ros/humble/share/rmw_implementation_cmake/cmake)
[0.830s] -- Found rmw_fastrtps_cpp: 6.2.7 (/opt/ros/humble/share/rmw_fastrtps_cpp/cmake)
[0.911s] -- Found OpenSSL: /usr/lib/x86_64-linux-gnu/libcrypto.so (found version "3.0.2")  
[0.937s] -- Found FastRTPS: /opt/ros/humble/include  
[0.975s] -- Using RMW implementation 'rmw_fastrtps_cpp' as default
[0.989s] -- Looking for pthread.h
[1.085s] -- Looking for pthread.h - found
[1.086s] -- Performing Test CMAKE_HAVE_LIBC_PTHREAD
[1.156s] -- Performing Test CMAKE_HAVE_LIBC_PTHREAD - Success
[1.157s] -- Found Threads: TRUE  
[1.209s] -- Found hardware_interface: 2.44.0 (/opt/ros/humble/share/hardware_interface/cmake)
[1.371s] -- Found ament_lint_auto: 0.12.11 (/opt/ros/humble/share/ament_lint_auto/cmake)
[1.450s] -- Added test 'cppcheck' to perform static code analysis on C / C++ code
[1.450s] -- Configured cppcheck include dirs: 
[1.450s] -- Configured cppcheck exclude dirs and/or files: 
[1.451s] -- Added test 'lint_cmake' to check CMake code style
[1.452s] -- Added test 'uncrustify' to check C / C++ code style
[1.452s] -- Configured uncrustify additional arguments: 
[1.452s] -- Added test 'xmllint' to check XML markup files
[1.453s] -- Configuring done
[1.458s] -- Generating done
[1.460s] -- Build files have been written to: /home/ubuntu/robotics/Lunabotics2024-ROS/build/mining_bot_base
[1.470s] Invoked command in '/home/ubuntu/robotics/Lunabotics2024-ROS/build/mining_bot_base' returned '0': CMAKE_PREFIX_PATH=/opt/ros/humble /usr/bin/cmake /home/ubuntu/robotics/Lunabotics2024-ROS/src/mining_bot_base -DCMAKE_INSTALL_PREFIX=/home/ubuntu/robotics/Lunabotics2024-ROS/install/mining_bot_base
[1.471s] Invoking command in '/home/ubuntu/robotics/Lunabotics2024-ROS/build/mining_bot_base': CMAKE_PREFIX_PATH=/opt/ros/humble /usr/bin/cmake --build /home/ubuntu/robotics/Lunabotics2024-ROS/build/mining_bot_base -- -j4 -l4
[1.507s] Invoked command in '/home/ubuntu/robotics/Lunabotics2024-ROS/build/mining_bot_base' returned '0': CMAKE_PREFIX_PATH=/opt/ros/humble /usr/bin/cmake --build /home/ubuntu/robotics/Lunabotics2024-ROS/build/mining_bot_base -- -j4 -l4
[1.508s] Invoking command in '/home/ubuntu/robotics/Lunabotics2024-ROS/build/mining_bot_base': CMAKE_PREFIX_PATH=/opt/ros/humble /usr/bin/cmake --install /home/ubuntu/robotics/Lunabotics2024-ROS/build/mining_bot_base
[1.515s] -- Install configuration: ""
[1.515s] -- Installing: /home/ubuntu/robotics/Lunabotics2024-ROS/install/mining_bot_base/share/ament_index/resource_index/package_run_dependencies/mining_bot_base
[1.515s] -- Installing: /home/ubuntu/robotics/Lunabotics2024-ROS/install/mining_bot_base/share/ament_index/resource_index/parent_prefix_path/mining_bot_base
[1.516s] -- Installing: /home/ubuntu/robotics/Lunabotics2024-ROS/install/mining_bot_base/share/mining_bot_base/environment/ament_prefix_path.sh
[1.516s] -- Installing: /home/ubuntu/robotics/Lunabotics2024-ROS/install/mining_bot_base/share/mining_bot_base/environment/ament_prefix_path.dsv
[1.516s] -- Installing: /home/ubuntu/robotics/Lunabotics2024-ROS/install/mining_bot_base/share/mining_bot_base/environment/path.sh
[1.516s] -- Installing: /home/ubuntu/robotics/Lunabotics2024-ROS/install/mining_bot_base/share/mining_bot_base/environment/path.dsv
[1.516s] -- Installing: /home/ubuntu/robotics/Lunabotics2024-ROS/install/mining_bot_base/share/mining_bot_base/local_setup.bash
[1.517s] -- Installing: /home/ubuntu/robotics/Lunabotics2024-ROS/install/mining_bot_base/share/mining_bot_base/local_setup.sh
[1.517s] -- Installing: /home/ubuntu/robotics/Lunabotics2024-ROS/install/mining_bot_base/share/mining_bot_base/local_setup.zsh
[1.517s] -- Installing: /home/ubuntu/robotics/Lunabotics2024-ROS/install/mining_bot_base/share/mining_bot_base/local_setup.dsv
[1.517s] -- Installing: /home/ubuntu/robotics/Lunabotics2024-ROS/install/mining_bot_base/share/mining_bot_base/package.dsv
[1.517s] -- Installing: /home/ubuntu/robotics/Lunabotics2024-ROS/install/mining_bot_base/share/ament_index/resource_index/packages/mining_bot_base
[1.518s] -- Installing: /home/ubuntu/robotics/Lunabotics2024-ROS/install/mining_bot_base/share/mining_bot_base/cmake/mining_bot_baseConfig.cmake
[1.518s] -- Installing: /home/ubuntu/robotics/Lunabotics2024-ROS/install/mining_bot_base/share/mining_bot_base/cmake/mining_bot_baseConfig-version.cmake
[1.518s] -- Installing: /home/ubuntu/robotics/Lunabotics2024-ROS/install/mining_bot_base/share/mining_bot_base/package.xml
[1.520s] Invoked command in '/home/ubuntu/robotics/Lunabotics2024-ROS/build/mining_bot_base' returned '0': CMAKE_PREFIX_PATH=/opt/ros/humble /usr/bin/cmake --install /home/ubuntu/robotics/Lunabotics2024-ROS/build/mining_bot_base
