[0.013s] Invoking command in '/home/ubuntu/robotics/Lunabotics2024-ROS/build/mining_bot_autonomous': CMAKE_PREFIX_PATH=/opt/ros/humble /usr/bin/cmake /home/ubuntu/robotics/Lunabotics2024-ROS/src/mining_bot_autonomous -DCMAKE_INSTALL_PREFIX=/home/ubuntu/robotics/Lunabotics2024-ROS/install/mining_bot_autonomous
[0.186s] -- The C compiler identification is GNU 11.4.0
[0.292s] -- The CXX compiler identification is GNU 11.4.0
[0.301s] -- Detecting C compiler ABI info
[0.371s] -- Detecting C compiler ABI info - done
[0.378s] -- Check for working C compiler: /usr/bin/cc - skipped
[0.378s] -- Detecting C compile features
[0.379s] -- Detecting C compile features - done
[0.382s] -- Detecting CXX compiler ABI info
[0.457s] -- Detecting CXX compiler ABI info - done
[0.464s] -- Check for working CXX compiler: /usr/bin/c++ - skipped
[0.464s] -- Detecting CXX compile features
[0.465s] -- Detecting CXX compile features - done
[0.467s] -- Found ament_cmake: 1.3.11 (/opt/ros/humble/share/ament_cmake/cmake)
[0.627s] -- Found Python3: /usr/bin/python3 (found version "3.10.12") found components: Interpreter 
[0.713s] -- Found rclcpp: 16.0.11 (/opt/ros/humble/share/rclcpp/cmake)
[0.753s] -- Found rosidl_generator_c: 3.1.6 (/opt/ros/humble/share/rosidl_generator_c/cmake)
[0.758s] -- Found rosidl_adapter: 3.1.6 (/opt/ros/humble/share/rosidl_adapter/cmake)
[0.766s] -- Found rosidl_generator_cpp: 3.1.6 (/opt/ros/humble/share/rosidl_generator_cpp/cmake)
[0.777s] -- Using all available rosidl_typesupport_c: rosidl_typesupport_fastrtps_c;rosidl_typesupport_introspection_c
[0.792s] -- Using all available rosidl_typesupport_cpp: rosidl_typesupport_fastrtps_cpp;rosidl_typesupport_introspection_cpp
[0.834s] -- Found rmw_implementation_cmake: 6.1.2 (/opt/ros/humble/share/rmw_implementation_cmake/cmake)
[0.837s] -- Found rmw_fastrtps_cpp: 6.2.7 (/opt/ros/humble/share/rmw_fastrtps_cpp/cmake)
[0.919s] -- Found OpenSSL: /usr/lib/x86_64-linux-gnu/libcrypto.so (found version "3.0.2")  
[0.945s] -- Found FastRTPS: /opt/ros/humble/include  
[0.982s] -- Using RMW implementation 'rmw_fastrtps_cpp' as default
[0.997s] -- Looking for pthread.h
[1.093s] -- Looking for pthread.h - found
[1.094s] -- Performing Test CMAKE_HAVE_LIBC_PTHREAD
[1.164s] -- Performing Test CMAKE_HAVE_LIBC_PTHREAD - Success
[1.165s] -- Found Threads: TRUE  
[1.217s] -- Found ament_lint_auto: 0.12.11 (/opt/ros/humble/share/ament_lint_auto/cmake)
[1.291s] -- Added test 'lint_cmake' to check CMake code style
[1.292s] -- Added test 'xmllint' to check XML markup files
[1.293s] -- Configuring done
[1.297s] -- Generating done
[1.299s] -- Build files have been written to: /home/ubuntu/robotics/Lunabotics2024-ROS/build/mining_bot_autonomous
[1.307s] Invoked command in '/home/ubuntu/robotics/Lunabotics2024-ROS/build/mining_bot_autonomous' returned '0': CMAKE_PREFIX_PATH=/opt/ros/humble /usr/bin/cmake /home/ubuntu/robotics/Lunabotics2024-ROS/src/mining_bot_autonomous -DCMAKE_INSTALL_PREFIX=/home/ubuntu/robotics/Lunabotics2024-ROS/install/mining_bot_autonomous
[1.309s] Invoking command in '/home/ubuntu/robotics/Lunabotics2024-ROS/build/mining_bot_autonomous': CMAKE_PREFIX_PATH=/opt/ros/humble /usr/bin/cmake --build /home/ubuntu/robotics/Lunabotics2024-ROS/build/mining_bot_autonomous -- -j4 -l4
[1.349s] Invoked command in '/home/ubuntu/robotics/Lunabotics2024-ROS/build/mining_bot_autonomous' returned '0': CMAKE_PREFIX_PATH=/opt/ros/humble /usr/bin/cmake --build /home/ubuntu/robotics/Lunabotics2024-ROS/build/mining_bot_autonomous -- -j4 -l4
[1.358s] Invoking command in '/home/ubuntu/robotics/Lunabotics2024-ROS/build/mining_bot_autonomous': CMAKE_PREFIX_PATH=/opt/ros/humble /usr/bin/cmake --install /home/ubuntu/robotics/Lunabotics2024-ROS/build/mining_bot_autonomous
[1.364s] -- Install configuration: ""
[1.365s] -- Installing: /home/ubuntu/robotics/Lunabotics2024-ROS/install/mining_bot_autonomous/share/ament_index/resource_index/package_run_dependencies/mining_bot_autonomous
[1.365s] -- Installing: /home/ubuntu/robotics/Lunabotics2024-ROS/install/mining_bot_autonomous/share/ament_index/resource_index/parent_prefix_path/mining_bot_autonomous
[1.365s] -- Installing: /home/ubuntu/robotics/Lunabotics2024-ROS/install/mining_bot_autonomous/share/mining_bot_autonomous/environment/ament_prefix_path.sh
[1.365s] -- Installing: /home/ubuntu/robotics/Lunabotics2024-ROS/install/mining_bot_autonomous/share/mining_bot_autonomous/environment/ament_prefix_path.dsv
[1.365s] -- Installing: /home/ubuntu/robotics/Lunabotics2024-ROS/install/mining_bot_autonomous/share/mining_bot_autonomous/environment/path.sh
[1.366s] -- Installing: /home/ubuntu/robotics/Lunabotics2024-ROS/install/mining_bot_autonomous/share/mining_bot_autonomous/environment/path.dsv
[1.366s] -- Installing: /home/ubuntu/robotics/Lunabotics2024-ROS/install/mining_bot_autonomous/share/mining_bot_autonomous/local_setup.bash
[1.366s] -- Installing: /home/ubuntu/robotics/Lunabotics2024-ROS/install/mining_bot_autonomous/share/mining_bot_autonomous/local_setup.sh
[1.366s] -- Installing: /home/ubuntu/robotics/Lunabotics2024-ROS/install/mining_bot_autonomous/share/mining_bot_autonomous/local_setup.zsh
[1.366s] -- Installing: /home/ubuntu/robotics/Lunabotics2024-ROS/install/mining_bot_autonomous/share/mining_bot_autonomous/local_setup.dsv
[1.366s] -- Installing: /home/ubuntu/robotics/Lunabotics2024-ROS/install/mining_bot_autonomous/share/mining_bot_autonomous/package.dsv
[1.367s] -- Installing: /home/ubuntu/robotics/Lunabotics2024-ROS/install/mining_bot_autonomous/share/ament_index/resource_index/packages/mining_bot_autonomous
[1.367s] -- Installing: /home/ubuntu/robotics/Lunabotics2024-ROS/install/mining_bot_autonomous/share/mining_bot_autonomous/cmake/mining_bot_autonomousConfig.cmake
[1.367s] -- Installing: /home/ubuntu/robotics/Lunabotics2024-ROS/install/mining_bot_autonomous/share/mining_bot_autonomous/cmake/mining_bot_autonomousConfig-version.cmake
[1.367s] -- Installing: /home/ubuntu/robotics/Lunabotics2024-ROS/install/mining_bot_autonomous/share/mining_bot_autonomous/package.xml
[1.369s] Invoked command in '/home/ubuntu/robotics/Lunabotics2024-ROS/build/mining_bot_autonomous' returned '0': CMAKE_PREFIX_PATH=/opt/ros/humble /usr/bin/cmake --install /home/ubuntu/robotics/Lunabotics2024-ROS/build/mining_bot_autonomous
