-- Found ament_cmake: 1.3.11 (/opt/ros/humble/share/ament_cmake/cmake)
-- Found rclcpp: 16.0.11 (/opt/ros/humble/share/rclcpp/cmake)
-- Found rosidl_generator_c: 3.1.6 (/opt/ros/humble/share/rosidl_generator_c/cmake)
-- Found rosidl_adapter: 3.1.6 (/opt/ros/humble/share/rosidl_adapter/cmake)
-- Found rosidl_generator_cpp: 3.1.6 (/opt/ros/humble/share/rosidl_generator_cpp/cmake)
-- Using all available rosidl_typesupport_c: rosidl_typesupport_fastrtps_c;rosidl_typesupport_introspection_c
-- Using all available rosidl_typesupport_cpp: rosidl_typesupport_fastrtps_cpp;rosidl_typesupport_introspection_cpp
-- Found rmw_implementation_cmake: 6.1.2 (/opt/ros/humble/share/rmw_implementation_cmake/cmake)
-- Found rmw_fastrtps_cpp: 6.2.7 (/opt/ros/humble/share/rmw_fastrtps_cpp/cmake)
-- Using RMW implementation 'rmw_fastrtps_cpp' as default
-- Found hardware_interface: 2.44.0 (/opt/ros/humble/share/hardware_interface/cmake)
[31mCMake Error at CMakeLists.txt:17 (find_package):
  By not providing "Findeigen3.cmake" in CMAKE_MODULE_PATH this project has
  asked CMake to find a package configuration file provided by "eigen3", but
  CMake did not find one.

  Could not find a package configuration file provided by "eigen3" with any
  of the following names:

    eigen3Config.cmake
    eigen3-config.cmake

  Add the installation prefix of "eigen3" to CMAKE_PREFIX_PATH or set
  "eigen3_DIR" to a directory containing one of the above files.  If "eigen3"
  provides a separate development package or SDK, be sure it has been
  installed.

[0m
-- Configuring incomplete, errors occurred!
See also "/home/jayhaych02/robotics/Lunabotics2024-ROS/build/mining_bot_base/CMakeFiles/CMakeOutput.log".
gmake: *** [Makefile:226: cmake_check_build_system] Error 1
