[0.009s] Invoking command in '/home/jayhaych02/robotics/Lunabotics2024-ROS/build/mining_bot_base': CMAKE_PREFIX_PATH=${CMAKE_PREFIX_PATH}:/opt/ros/humble /usr/bin/cmake --build /home/jayhaych02/robotics/Lunabotics2024-ROS/build/mining_bot_base -- -j24 -l24
[0.035s] -- Found ament_cmake: 1.3.11 (/opt/ros/humble/share/ament_cmake/cmake)
[0.112s] -- Found rclcpp: 16.0.11 (/opt/ros/humble/share/rclcpp/cmake)
[0.213s] -- Found rosidl_generator_c: 3.1.6 (/opt/ros/humble/share/rosidl_generator_c/cmake)
[0.215s] -- Found rosidl_adapter: 3.1.6 (/opt/ros/humble/share/rosidl_adapter/cmake)
[0.220s] -- Found rosidl_generator_cpp: 3.1.6 (/opt/ros/humble/share/rosidl_generator_cpp/cmake)
[0.228s] -- Using all available rosidl_typesupport_c: rosidl_typesupport_fastrtps_c;rosidl_typesupport_introspection_c
[0.238s] -- Using all available rosidl_typesupport_cpp: rosidl_typesupport_fastrtps_cpp;rosidl_typesupport_introspection_cpp
[0.273s] -- Found rmw_implementation_cmake: 6.1.2 (/opt/ros/humble/share/rmw_implementation_cmake/cmake)
[0.274s] -- Found rmw_fastrtps_cpp: 6.2.7 (/opt/ros/humble/share/rmw_fastrtps_cpp/cmake)
[2.397s] -- Using RMW implementation 'rmw_fastrtps_cpp' as default
[2.435s] -- Found hardware_interface: 2.44.0 (/opt/ros/humble/share/hardware_interface/cmake)
[3.490s] [31mCMake Error at CMakeLists.txt:17 (find_package):
[3.490s]   By not providing "Findeigen3.cmake" in CMAKE_MODULE_PATH this project has
[3.490s]   asked CMake to find a package configuration file provided by "eigen3", but
[3.490s]   CMake did not find one.
[3.490s] 
[3.490s]   Could not find a package configuration file provided by "eigen3" with any
[3.490s]   of the following names:
[3.490s] 
[3.490s]     eigen3Config.cmake
[3.490s]     eigen3-config.cmake
[3.490s] 
[3.490s]   Add the installation prefix of "eigen3" to CMAKE_PREFIX_PATH or set
[3.490s]   "eigen3_DIR" to a directory containing one of the above files.  If "eigen3"
[3.490s]   provides a separate development package or SDK, be sure it has been
[3.490s]   installed.
[3.490s] 
[3.490s] [0m
[3.490s] -- Configuring incomplete, errors occurred!
[3.490s] See also "/home/jayhaych02/robotics/Lunabotics2024-ROS/build/mining_bot_base/CMakeFiles/CMakeOutput.log".
[3.494s] gmake: *** [Makefile:226: cmake_check_build_system] Error 1
[3.496s] Invoked command in '/home/jayhaych02/robotics/Lunabotics2024-ROS/build/mining_bot_base' returned '2': CMAKE_PREFIX_PATH=${CMAKE_PREFIX_PATH}:/opt/ros/humble /usr/bin/cmake --build /home/jayhaych02/robotics/Lunabotics2024-ROS/build/mining_bot_base -- -j24 -l24
