[0.007s] Invoking command in '/home/jayhaych/robotics/Lunabotics2024-ROS/build/mining_bot_autonomous': CMAKE_PREFIX_PATH=/opt/ros/humble /usr/bin/cmake /home/jayhaych/robotics/Lunabotics2024-ROS/src/mining_bot_autonomous -DCMAKE_INSTALL_PREFIX=/home/jayhaych/robotics/Lunabotics2024-ROS/install/mining_bot_autonomous
[0.146s] -- The C compiler identification is GNU 11.4.0
[0.239s] -- The CXX compiler identification is GNU 11.4.0
[0.249s] -- Detecting C compiler ABI info
[0.337s] -- Detecting C compiler ABI info - done
[0.343s] -- Check for working C compiler: /usr/bin/cc - skipped
[0.343s] -- Detecting C compile features
[0.343s] -- Detecting C compile features - done
[0.348s] -- Detecting CXX compiler ABI info
[0.438s] -- Detecting CXX compiler ABI info - done
[0.445s] -- Check for working CXX compiler: /usr/bin/c++ - skipped
[0.445s] -- Detecting CXX compile features
[0.445s] -- Detecting CXX compile features - done
[0.447s] -- Found ament_cmake: 1.3.11 (/opt/ros/humble/share/ament_cmake/cmake)
[0.570s] -- Found Python3: /usr/bin/python3 (found version "3.10.12") found components: Interpreter 
[0.664s] -- Found rclcpp: 16.0.11 (/opt/ros/humble/share/rclcpp/cmake)
[0.709s] -- Found rosidl_generator_c: 3.1.6 (/opt/ros/humble/share/rosidl_generator_c/cmake)
[0.716s] -- Found rosidl_adapter: 3.1.6 (/opt/ros/humble/share/rosidl_adapter/cmake)
[0.729s] -- Found rosidl_generator_cpp: 3.1.6 (/opt/ros/humble/share/rosidl_generator_cpp/cmake)
[0.741s] -- Using all available rosidl_typesupport_c: rosidl_typesupport_fastrtps_c;rosidl_typesupport_introspection_c
[0.763s] -- Using all available rosidl_typesupport_cpp: rosidl_typesupport_fastrtps_cpp;rosidl_typesupport_introspection_cpp
[0.802s] -- Found rmw_implementation_cmake: 6.1.2 (/opt/ros/humble/share/rmw_implementation_cmake/cmake)
[0.804s] -- Found rmw_fastrtps_cpp: 6.2.7 (/opt/ros/humble/share/rmw_fastrtps_cpp/cmake)
[0.904s] -- Found OpenSSL: /usr/lib/x86_64-linux-gnu/libcrypto.so (found version "3.0.2")  
[0.927s] -- Found FastRTPS: /opt/ros/humble/include  
[0.962s] -- Using RMW implementation 'rmw_fastrtps_cpp' as default
[0.973s] -- Looking for pthread.h
[1.068s] -- Looking for pthread.h - found
[1.068s] -- Performing Test CMAKE_HAVE_LIBC_PTHREAD
[1.152s] -- Performing Test CMAKE_HAVE_LIBC_PTHREAD - Success
[1.153s] -- Found Threads: TRUE  
[1.203s] -- Found ament_lint_auto: 0.12.11 (/opt/ros/humble/share/ament_lint_auto/cmake)
[1.277s] -- Added test 'lint_cmake' to check CMake code style
[1.278s] -- Added test 'xmllint' to check XML markup files
[1.282s] -- Configuring done
[1.283s] -- Generating done
[1.286s] -- Build files have been written to: /home/jayhaych/robotics/Lunabotics2024-ROS/build/mining_bot_autonomous
[1.294s] Invoked command in '/home/jayhaych/robotics/Lunabotics2024-ROS/build/mining_bot_autonomous' returned '0': CMAKE_PREFIX_PATH=/opt/ros/humble /usr/bin/cmake /home/jayhaych/robotics/Lunabotics2024-ROS/src/mining_bot_autonomous -DCMAKE_INSTALL_PREFIX=/home/jayhaych/robotics/Lunabotics2024-ROS/install/mining_bot_autonomous
[1.297s] Invoking command in '/home/jayhaych/robotics/Lunabotics2024-ROS/build/mining_bot_autonomous': CMAKE_PREFIX_PATH=/opt/ros/humble /usr/bin/cmake --build /home/jayhaych/robotics/Lunabotics2024-ROS/build/mining_bot_autonomous -- -j16 -l16
[1.341s] Invoked command in '/home/jayhaych/robotics/Lunabotics2024-ROS/build/mining_bot_autonomous' returned '0': CMAKE_PREFIX_PATH=/opt/ros/humble /usr/bin/cmake --build /home/jayhaych/robotics/Lunabotics2024-ROS/build/mining_bot_autonomous -- -j16 -l16
[1.351s] Invoking command in '/home/jayhaych/robotics/Lunabotics2024-ROS/build/mining_bot_autonomous': CMAKE_PREFIX_PATH=/opt/ros/humble /usr/bin/cmake --install /home/jayhaych/robotics/Lunabotics2024-ROS/build/mining_bot_autonomous
[1.359s] -- Install configuration: ""
[1.359s] -- Installing: /home/jayhaych/robotics/Lunabotics2024-ROS/install/mining_bot_autonomous/share/ament_index/resource_index/package_run_dependencies/mining_bot_autonomous
[1.359s] -- Installing: /home/jayhaych/robotics/Lunabotics2024-ROS/install/mining_bot_autonomous/share/ament_index/resource_index/parent_prefix_path/mining_bot_autonomous
[1.359s] -- Installing: /home/jayhaych/robotics/Lunabotics2024-ROS/install/mining_bot_autonomous/share/mining_bot_autonomous/environment/ament_prefix_path.sh
[1.359s] -- Installing: /home/jayhaych/robotics/Lunabotics2024-ROS/install/mining_bot_autonomous/share/mining_bot_autonomous/environment/ament_prefix_path.dsv
[1.360s] -- Installing: /home/jayhaych/robotics/Lunabotics2024-ROS/install/mining_bot_autonomous/share/mining_bot_autonomous/environment/path.sh
[1.360s] -- Installing: /home/jayhaych/robotics/Lunabotics2024-ROS/install/mining_bot_autonomous/share/mining_bot_autonomous/environment/path.dsv
[1.360s] -- Installing: /home/jayhaych/robotics/Lunabotics2024-ROS/install/mining_bot_autonomous/share/mining_bot_autonomous/local_setup.bash
[1.360s] -- Installing: /home/jayhaych/robotics/Lunabotics2024-ROS/install/mining_bot_autonomous/share/mining_bot_autonomous/local_setup.sh
[1.360s] -- Installing: /home/jayhaych/robotics/Lunabotics2024-ROS/install/mining_bot_autonomous/share/mining_bot_autonomous/local_setup.zsh
[1.360s] -- Installing: /home/jayhaych/robotics/Lunabotics2024-ROS/install/mining_bot_autonomous/share/mining_bot_autonomous/local_setup.dsv
[1.360s] -- Installing: /home/jayhaych/robotics/Lunabotics2024-ROS/install/mining_bot_autonomous/share/mining_bot_autonomous/package.dsv
[1.360s] -- Installing: /home/jayhaych/robotics/Lunabotics2024-ROS/install/mining_bot_autonomous/share/ament_index/resource_index/packages/mining_bot_autonomous
[1.361s] -- Installing: /home/jayhaych/robotics/Lunabotics2024-ROS/install/mining_bot_autonomous/share/mining_bot_autonomous/cmake/mining_bot_autonomousConfig.cmake
[1.361s] -- Installing: /home/jayhaych/robotics/Lunabotics2024-ROS/install/mining_bot_autonomous/share/mining_bot_autonomous/cmake/mining_bot_autonomousConfig-version.cmake
[1.361s] -- Installing: /home/jayhaych/robotics/Lunabotics2024-ROS/install/mining_bot_autonomous/share/mining_bot_autonomous/package.xml
[1.363s] Invoked command in '/home/jayhaych/robotics/Lunabotics2024-ROS/build/mining_bot_autonomous' returned '0': CMAKE_PREFIX_PATH=/opt/ros/humble /usr/bin/cmake --install /home/jayhaych/robotics/Lunabotics2024-ROS/build/mining_bot_autonomous
