-- Found ament_cmake: 1.3.11 (/opt/ros/humble/share/ament_cmake/cmake)
-- Found rclcpp: 16.0.11 (/opt/ros/humble/share/rclcpp/cmake)
-- Found rosidl_generator_c: 3.1.6 (/opt/ros/humble/share/rosidl_generator_c/cmake)
-- Found rosidl_adapter: 3.1.6 (/opt/ros/humble/share/rosidl_adapter/cmake)
-- Found rosidl_generator_cpp: 3.1.6 (/opt/ros/humble/share/rosidl_generator_cpp/cmake)
-- Using all available rosidl_typesupport_c: rosidl_typesupport_fastrtps_c;rosidl_typesupport_introspection_c
-- Using all available rosidl_typesupport_cpp: rosidl_typesupport_fastrtps_cpp;rosidl_typesupport_introspection_cpp
-- Found rmw_implementation_cmake: 6.1.2 (/opt/ros/humble/share/rmw_implementation_cmake/cmake)
-- Found rmw_fastrtps_cpp: 6.2.7 (/opt/ros/humble/share/rmw_fastrtps_cpp/cmake)
-- Using RMW implementation 'rmw_fastrtps_cpp' as default
-- Found ament_lint_auto: 0.12.11 (/opt/ros/humble/share/ament_lint_auto/cmake)
-- Added test 'lint_cmake' to check CMake code style
-- Added test 'xmllint' to check XML markup files
-- Configuring done
-- Generating done
-- Build files have been written to: /home/jayhaych02/robotics/Lunabotics2024-ROS/build/mining_bot_autonomous
-- Install configuration: ""
-- Up-to-date: /home/jayhaych02/robotics/Lunabotics2024-ROS/install/mining_bot_autonomous/share/ament_index/resource_index/package_run_dependencies/mining_bot_autonomous
-- Up-to-date: /home/jayhaych02/robotics/Lunabotics2024-ROS/install/mining_bot_autonomous/share/ament_index/resource_index/parent_prefix_path/mining_bot_autonomous
-- Up-to-date: /home/jayhaych02/robotics/Lunabotics2024-ROS/install/mining_bot_autonomous/share/mining_bot_autonomous/environment/ament_prefix_path.sh
-- Installing: /home/jayhaych02/robotics/Lunabotics2024-ROS/install/mining_bot_autonomous/share/mining_bot_autonomous/environment/ament_prefix_path.dsv
-- Up-to-date: /home/jayhaych02/robotics/Lunabotics2024-ROS/install/mining_bot_autonomous/share/mining_bot_autonomous/environment/path.sh
-- Installing: /home/jayhaych02/robotics/Lunabotics2024-ROS/install/mining_bot_autonomous/share/mining_bot_autonomous/environment/path.dsv
-- Up-to-date: /home/jayhaych02/robotics/Lunabotics2024-ROS/install/mining_bot_autonomous/share/mining_bot_autonomous/local_setup.bash
-- Up-to-date: /home/jayhaych02/robotics/Lunabotics2024-ROS/install/mining_bot_autonomous/share/mining_bot_autonomous/local_setup.sh
-- Up-to-date: /home/jayhaych02/robotics/Lunabotics2024-ROS/install/mining_bot_autonomous/share/mining_bot_autonomous/local_setup.zsh
-- Installing: /home/jayhaych02/robotics/Lunabotics2024-ROS/install/mining_bot_autonomous/share/mining_bot_autonomous/local_setup.dsv
-- Installing: /home/jayhaych02/robotics/Lunabotics2024-ROS/install/mining_bot_autonomous/share/mining_bot_autonomous/package.dsv
-- Up-to-date: /home/jayhaych02/robotics/Lunabotics2024-ROS/install/mining_bot_autonomous/share/ament_index/resource_index/packages/mining_bot_autonomous
-- Up-to-date: /home/jayhaych02/robotics/Lunabotics2024-ROS/install/mining_bot_autonomous/share/mining_bot_autonomous/cmake/mining_bot_autonomousConfig.cmake
-- Up-to-date: /home/jayhaych02/robotics/Lunabotics2024-ROS/install/mining_bot_autonomous/share/mining_bot_autonomous/cmake/mining_bot_autonomousConfig-version.cmake
-- Up-to-date: /home/jayhaych02/robotics/Lunabotics2024-ROS/install/mining_bot_autonomous/share/mining_bot_autonomous/package.xml
