[0.007s] Invoking command in '/home/jayhaych02/robotics/Lunabotics2024-ROS/build/mining_bot_autonomous': CMAKE_PREFIX_PATH=${CMAKE_PREFIX_PATH}:/opt/ros/humble /usr/bin/cmake --build /home/jayhaych02/robotics/Lunabotics2024-ROS/build/mining_bot_autonomous -- -j24 -l24
[0.023s] -- Found ament_cmake: 1.3.11 (/opt/ros/humble/share/ament_cmake/cmake)
[0.093s] -- Found rclcpp: 16.0.11 (/opt/ros/humble/share/rclcpp/cmake)
[0.154s] -- Found rosidl_generator_c: 3.1.6 (/opt/ros/humble/share/rosidl_generator_c/cmake)
[0.156s] -- Found rosidl_adapter: 3.1.6 (/opt/ros/humble/share/rosidl_adapter/cmake)
[0.161s] -- Found rosidl_generator_cpp: 3.1.6 (/opt/ros/humble/share/rosidl_generator_cpp/cmake)
[0.169s] -- Using all available rosidl_typesupport_c: rosidl_typesupport_fastrtps_c;rosidl_typesupport_introspection_c
[0.179s] -- Using all available rosidl_typesupport_cpp: rosidl_typesupport_fastrtps_cpp;rosidl_typesupport_introspection_cpp
[0.204s] -- Found rmw_implementation_cmake: 6.1.2 (/opt/ros/humble/share/rmw_implementation_cmake/cmake)
[0.205s] -- Found rmw_fastrtps_cpp: 6.2.7 (/opt/ros/humble/share/rmw_fastrtps_cpp/cmake)
[1.152s] -- Using RMW implementation 'rmw_fastrtps_cpp' as default
[1.188s] -- Found ament_lint_auto: 0.12.11 (/opt/ros/humble/share/ament_lint_auto/cmake)
[1.225s] -- Added test 'lint_cmake' to check CMake code style
[1.225s] -- Added test 'xmllint' to check XML markup files
[1.226s] -- Configuring done
[1.228s] -- Generating done
[1.230s] -- Build files have been written to: /home/jayhaych02/robotics/Lunabotics2024-ROS/build/mining_bot_autonomous
[1.241s] Invoked command in '/home/jayhaych02/robotics/Lunabotics2024-ROS/build/mining_bot_autonomous' returned '0': CMAKE_PREFIX_PATH=${CMAKE_PREFIX_PATH}:/opt/ros/humble /usr/bin/cmake --build /home/jayhaych02/robotics/Lunabotics2024-ROS/build/mining_bot_autonomous -- -j24 -l24
[1.245s] Invoking command in '/home/jayhaych02/robotics/Lunabotics2024-ROS/build/mining_bot_autonomous': CMAKE_PREFIX_PATH=${CMAKE_PREFIX_PATH}:/opt/ros/humble /usr/bin/cmake --install /home/jayhaych02/robotics/Lunabotics2024-ROS/build/mining_bot_autonomous
[1.248s] -- Install configuration: ""
[1.248s] -- Up-to-date: /home/jayhaych02/robotics/Lunabotics2024-ROS/install/mining_bot_autonomous/share/ament_index/resource_index/package_run_dependencies/mining_bot_autonomous
[1.248s] -- Up-to-date: /home/jayhaych02/robotics/Lunabotics2024-ROS/install/mining_bot_autonomous/share/ament_index/resource_index/parent_prefix_path/mining_bot_autonomous
[1.248s] -- Up-to-date: /home/jayhaych02/robotics/Lunabotics2024-ROS/install/mining_bot_autonomous/share/mining_bot_autonomous/environment/ament_prefix_path.sh
[1.248s] -- Installing: /home/jayhaych02/robotics/Lunabotics2024-ROS/install/mining_bot_autonomous/share/mining_bot_autonomous/environment/ament_prefix_path.dsv
[1.248s] -- Up-to-date: /home/jayhaych02/robotics/Lunabotics2024-ROS/install/mining_bot_autonomous/share/mining_bot_autonomous/environment/path.sh
[1.248s] -- Installing: /home/jayhaych02/robotics/Lunabotics2024-ROS/install/mining_bot_autonomous/share/mining_bot_autonomous/environment/path.dsv
[1.248s] -- Up-to-date: /home/jayhaych02/robotics/Lunabotics2024-ROS/install/mining_bot_autonomous/share/mining_bot_autonomous/local_setup.bash
[1.248s] -- Up-to-date: /home/jayhaych02/robotics/Lunabotics2024-ROS/install/mining_bot_autonomous/share/mining_bot_autonomous/local_setup.sh
[1.248s] -- Up-to-date: /home/jayhaych02/robotics/Lunabotics2024-ROS/install/mining_bot_autonomous/share/mining_bot_autonomous/local_setup.zsh
[1.248s] -- Installing: /home/jayhaych02/robotics/Lunabotics2024-ROS/install/mining_bot_autonomous/share/mining_bot_autonomous/local_setup.dsv
[1.248s] -- Installing: /home/jayhaych02/robotics/Lunabotics2024-ROS/install/mining_bot_autonomous/share/mining_bot_autonomous/package.dsv
[1.248s] -- Up-to-date: /home/jayhaych02/robotics/Lunabotics2024-ROS/install/mining_bot_autonomous/share/ament_index/resource_index/packages/mining_bot_autonomous
[1.248s] -- Up-to-date: /home/jayhaych02/robotics/Lunabotics2024-ROS/install/mining_bot_autonomous/share/mining_bot_autonomous/cmake/mining_bot_autonomousConfig.cmake
[1.248s] -- Up-to-date: /home/jayhaych02/robotics/Lunabotics2024-ROS/install/mining_bot_autonomous/share/mining_bot_autonomous/cmake/mining_bot_autonomousConfig-version.cmake
[1.249s] -- Up-to-date: /home/jayhaych02/robotics/Lunabotics2024-ROS/install/mining_bot_autonomous/share/mining_bot_autonomous/package.xml
[1.249s] Invoked command in '/home/jayhaych02/robotics/Lunabotics2024-ROS/build/mining_bot_autonomous' returned '0': CMAKE_PREFIX_PATH=${CMAKE_PREFIX_PATH}:/opt/ros/humble /usr/bin/cmake --install /home/jayhaych02/robotics/Lunabotics2024-ROS/build/mining_bot_autonomous
