[0.013s] Invoking command in '/home/ubuntu/robotics/autonomous_robot_ws/build/mining_bot_base': CMAKE_PREFIX_PATH=/opt/ros/humble /usr/bin/cmake /home/ubuntu/robotics/autonomous_robot_ws/src/mining_bot_base -DCMAKE_INSTALL_PREFIX=/home/ubuntu/robotics/autonomous_robot_ws/install/mining_bot_base
[0.111s] -- The C compiler identification is GNU 11.4.0
[0.202s] -- The CXX compiler identification is GNU 11.4.0
[0.212s] -- Detecting C compiler ABI info
[0.287s] -- Detecting C compiler ABI info - done
[0.294s] -- Check for working C compiler: /usr/bin/cc - skipped
[0.295s] -- Detecting C compile features
[0.296s] -- Detecting C compile features - done
[0.300s] -- Detecting CXX compiler ABI info
[0.377s] -- Detecting CXX compiler ABI info - done
[0.385s] -- Check for working CXX compiler: /usr/bin/c++ - skipped
[0.385s] -- Detecting CXX compile features
[0.385s] -- Detecting CXX compile features - done
[0.389s] -- Found ament_cmake: 1.3.10 (/opt/ros/humble/share/ament_cmake/cmake)
[0.541s] -- Found Python3: /usr/bin/python3 (found version "3.10.12") found components: Interpreter 
[0.647s] -- Found rclcpp: 16.0.10 (/opt/ros/humble/share/rclcpp/cmake)
[0.698s] -- Found rosidl_generator_c: 3.1.5 (/opt/ros/humble/share/rosidl_generator_c/cmake)
[0.704s] -- Found rosidl_adapter: 3.1.5 (/opt/ros/humble/share/rosidl_adapter/cmake)
[0.714s] -- Found rosidl_generator_cpp: 3.1.5 (/opt/ros/humble/share/rosidl_generator_cpp/cmake)
[0.730s] -- Using all available rosidl_typesupport_c: rosidl_typesupport_fastrtps_c;rosidl_typesupport_introspection_c
[0.749s] -- Using all available rosidl_typesupport_cpp: rosidl_typesupport_fastrtps_cpp;rosidl_typesupport_introspection_cpp
[0.814s] -- Found rmw_implementation_cmake: 6.1.2 (/opt/ros/humble/share/rmw_implementation_cmake/cmake)
[0.818s] -- Found rmw_fastrtps_cpp: 6.2.7 (/opt/ros/humble/share/rmw_fastrtps_cpp/cmake)
[0.927s] -- Found OpenSSL: /usr/lib/x86_64-linux-gnu/libcrypto.so (found version "3.0.2")  
[0.954s] -- Found FastRTPS: /opt/ros/humble/include  
[0.992s] -- Using RMW implementation 'rmw_fastrtps_cpp' as default
[1.002s] -- Looking for pthread.h
[1.076s] -- Looking for pthread.h - found
[1.077s] -- Performing Test CMAKE_HAVE_LIBC_PTHREAD
[1.146s] -- Performing Test CMAKE_HAVE_LIBC_PTHREAD - Success
[1.148s] -- Found Threads: TRUE  
[1.211s] -- Found hardware_interface: 2.43.1 (/opt/ros/humble/share/hardware_interface/cmake)
[1.388s] -- Found controller_interface: 2.43.1 (/opt/ros/humble/share/controller_interface/cmake)
[1.395s] -- Found ament_lint_auto: 0.12.11 (/opt/ros/humble/share/ament_lint_auto/cmake)
[1.499s] -- Added test 'lint_cmake' to check CMake code style
[1.500s] -- Added test 'xmllint' to check XML markup files
[1.502s] -- Configuring done
[1.509s] -- Generating done
[1.513s] -- Build files have been written to: /home/ubuntu/robotics/autonomous_robot_ws/build/mining_bot_base
[1.525s] Invoked command in '/home/ubuntu/robotics/autonomous_robot_ws/build/mining_bot_base' returned '0': CMAKE_PREFIX_PATH=/opt/ros/humble /usr/bin/cmake /home/ubuntu/robotics/autonomous_robot_ws/src/mining_bot_base -DCMAKE_INSTALL_PREFIX=/home/ubuntu/robotics/autonomous_robot_ws/install/mining_bot_base
[1.528s] Invoking command in '/home/ubuntu/robotics/autonomous_robot_ws/build/mining_bot_base': CMAKE_PREFIX_PATH=/opt/ros/humble /usr/bin/cmake --build /home/ubuntu/robotics/autonomous_robot_ws/build/mining_bot_base -- -j4 -l4
[1.564s] Invoked command in '/home/ubuntu/robotics/autonomous_robot_ws/build/mining_bot_base' returned '0': CMAKE_PREFIX_PATH=/opt/ros/humble /usr/bin/cmake --build /home/ubuntu/robotics/autonomous_robot_ws/build/mining_bot_base -- -j4 -l4
[1.573s] Invoking command in '/home/ubuntu/robotics/autonomous_robot_ws/build/mining_bot_base': CMAKE_PREFIX_PATH=/opt/ros/humble /usr/bin/cmake --install /home/ubuntu/robotics/autonomous_robot_ws/build/mining_bot_base
[1.582s] -- Install configuration: ""
[1.582s] -- Installing: /home/ubuntu/robotics/autonomous_robot_ws/install/mining_bot_base/share/ament_index/resource_index/package_run_dependencies/mining_bot_base
[1.582s] -- Installing: /home/ubuntu/robotics/autonomous_robot_ws/install/mining_bot_base/share/ament_index/resource_index/parent_prefix_path/mining_bot_base
[1.583s] -- Installing: /home/ubuntu/robotics/autonomous_robot_ws/install/mining_bot_base/share/mining_bot_base/environment/ament_prefix_path.sh
[1.583s] -- Installing: /home/ubuntu/robotics/autonomous_robot_ws/install/mining_bot_base/share/mining_bot_base/environment/ament_prefix_path.dsv
[1.583s] -- Installing: /home/ubuntu/robotics/autonomous_robot_ws/install/mining_bot_base/share/mining_bot_base/environment/path.sh
[1.583s] -- Installing: /home/ubuntu/robotics/autonomous_robot_ws/install/mining_bot_base/share/mining_bot_base/environment/path.dsv
[1.583s] -- Installing: /home/ubuntu/robotics/autonomous_robot_ws/install/mining_bot_base/share/mining_bot_base/local_setup.bash
[1.583s] -- Installing: /home/ubuntu/robotics/autonomous_robot_ws/install/mining_bot_base/share/mining_bot_base/local_setup.sh
[1.584s] -- Installing: /home/ubuntu/robotics/autonomous_robot_ws/install/mining_bot_base/share/mining_bot_base/local_setup.zsh
[1.584s] -- Installing: /home/ubuntu/robotics/autonomous_robot_ws/install/mining_bot_base/share/mining_bot_base/local_setup.dsv
[1.584s] -- Installing: /home/ubuntu/robotics/autonomous_robot_ws/install/mining_bot_base/share/mining_bot_base/package.dsv
[1.584s] -- Installing: /home/ubuntu/robotics/autonomous_robot_ws/install/mining_bot_base/share/ament_index/resource_index/packages/mining_bot_base
[1.584s] -- Installing: /home/ubuntu/robotics/autonomous_robot_ws/install/mining_bot_base/share/mining_bot_base/cmake/mining_bot_baseConfig.cmake
[1.584s] -- Installing: /home/ubuntu/robotics/autonomous_robot_ws/install/mining_bot_base/share/mining_bot_base/cmake/mining_bot_baseConfig-version.cmake
[1.585s] -- Installing: /home/ubuntu/robotics/autonomous_robot_ws/install/mining_bot_base/share/mining_bot_base/package.xml
[1.587s] Invoked command in '/home/ubuntu/robotics/autonomous_robot_ws/build/mining_bot_base' returned '0': CMAKE_PREFIX_PATH=/opt/ros/humble /usr/bin/cmake --install /home/ubuntu/robotics/autonomous_robot_ws/build/mining_bot_base
