[0.015s] Invoking command in '/home/jaych/robotics/Lunabotics2024-ROS/build/mining_bot_base': CMAKE_PREFIX_PATH=/opt/ros/humble /usr/bin/cmake /home/jaych/robotics/Lunabotics2024-ROS/src/mining_bot_base -DCMAKE_INSTALL_PREFIX=/home/jaych/robotics/Lunabotics2024-ROS/install/mining_bot_base
[0.162s] -- The C compiler identification is GNU 11.4.0
[0.520s] -- The CXX compiler identification is GNU 11.4.0
[0.890s] -- Detecting C compiler ABI info
[0.996s] -- Detecting C compiler ABI info - done
[1.000s] -- Check for working C compiler: /usr/bin/cc - skipped
[1.000s] -- Detecting C compile features
[1.000s] -- Detecting C compile features - done
[1.002s] -- Detecting CXX compiler ABI info
[1.099s] -- Detecting CXX compiler ABI info - done
[1.103s] -- Check for working CXX compiler: /usr/bin/c++ - skipped
[1.103s] -- Detecting CXX compile features
[1.103s] -- Detecting CXX compile features - done
[1.119s] -- Found ament_cmake: 1.3.11 (/opt/ros/humble/share/ament_cmake/cmake)
[1.207s] -- Found Python3: /usr/bin/python3 (found version "3.10.12") found components: Interpreter 
[1.279s] -- Found rclcpp: 16.0.11 (/opt/ros/humble/share/rclcpp/cmake)
[1.391s] -- Found rosidl_generator_c: 3.1.6 (/opt/ros/humble/share/rosidl_generator_c/cmake)
[1.396s] -- Found rosidl_adapter: 3.1.6 (/opt/ros/humble/share/rosidl_adapter/cmake)
[1.404s] -- Found rosidl_generator_cpp: 3.1.6 (/opt/ros/humble/share/rosidl_generator_cpp/cmake)
[1.420s] -- Using all available rosidl_typesupport_c: rosidl_typesupport_fastrtps_c;rosidl_typesupport_introspection_c
[1.435s] -- Using all available rosidl_typesupport_cpp: rosidl_typesupport_fastrtps_cpp;rosidl_typesupport_introspection_cpp
[1.478s] -- Found rmw_implementation_cmake: 6.1.2 (/opt/ros/humble/share/rmw_implementation_cmake/cmake)
[1.481s] -- Found rmw_fastrtps_cpp: 6.2.7 (/opt/ros/humble/share/rmw_fastrtps_cpp/cmake)
[2.073s] -- Found OpenSSL: /usr/lib/x86_64-linux-gnu/libcrypto.so (found version "3.0.2")  
[2.580s] -- Found FastRTPS: /opt/ros/humble/include  
[3.529s] -- Using RMW implementation 'rmw_fastrtps_cpp' as default
[3.541s] -- Looking for pthread.h
[3.657s] -- Looking for pthread.h - found
[3.657s] -- Performing Test CMAKE_HAVE_LIBC_PTHREAD
[3.738s] -- Performing Test CMAKE_HAVE_LIBC_PTHREAD - Success
[3.738s] -- Found Threads: TRUE  
[3.786s] -- Found hardware_interface: 2.44.0 (/opt/ros/humble/share/hardware_interface/cmake)
[5.157s] -- Found ament_lint_auto: 0.12.11 (/opt/ros/humble/share/ament_lint_auto/cmake)
[5.200s] -- Added test 'cppcheck' to perform static code analysis on C / C++ code
[5.200s] -- Configured cppcheck include dirs: 
[5.201s] -- Configured cppcheck exclude dirs and/or files: 
[5.201s] -- Added test 'lint_cmake' to check CMake code style
[5.201s] -- Added test 'uncrustify' to check C / C++ code style
[5.201s] -- Configured uncrustify additional arguments: 
[5.201s] -- Added test 'xmllint' to check XML markup files
[5.202s] -- Configuring done
[5.205s] -- Generating done
[5.206s] -- Build files have been written to: /home/jaych/robotics/Lunabotics2024-ROS/build/mining_bot_base
[5.212s] Invoked command in '/home/jaych/robotics/Lunabotics2024-ROS/build/mining_bot_base' returned '0': CMAKE_PREFIX_PATH=/opt/ros/humble /usr/bin/cmake /home/jaych/robotics/Lunabotics2024-ROS/src/mining_bot_base -DCMAKE_INSTALL_PREFIX=/home/jaych/robotics/Lunabotics2024-ROS/install/mining_bot_base
[5.214s] Invoking command in '/home/jaych/robotics/Lunabotics2024-ROS/build/mining_bot_base': CMAKE_PREFIX_PATH=/opt/ros/humble /usr/bin/cmake --build /home/jaych/robotics/Lunabotics2024-ROS/build/mining_bot_base -- -j20 -l20
[5.231s] Invoked command in '/home/jaych/robotics/Lunabotics2024-ROS/build/mining_bot_base' returned '0': CMAKE_PREFIX_PATH=/opt/ros/humble /usr/bin/cmake --build /home/jaych/robotics/Lunabotics2024-ROS/build/mining_bot_base -- -j20 -l20
[5.232s] Invoking command in '/home/jaych/robotics/Lunabotics2024-ROS/build/mining_bot_base': CMAKE_PREFIX_PATH=/opt/ros/humble /usr/bin/cmake --install /home/jaych/robotics/Lunabotics2024-ROS/build/mining_bot_base
[5.235s] -- Install configuration: ""
[5.235s] -- Installing: /home/jaych/robotics/Lunabotics2024-ROS/install/mining_bot_base/share/ament_index/resource_index/package_run_dependencies/mining_bot_base
[5.236s] -- Installing: /home/jaych/robotics/Lunabotics2024-ROS/install/mining_bot_base/share/ament_index/resource_index/parent_prefix_path/mining_bot_base
[5.236s] -- Installing: /home/jaych/robotics/Lunabotics2024-ROS/install/mining_bot_base/share/mining_bot_base/environment/ament_prefix_path.sh
[5.236s] -- Installing: /home/jaych/robotics/Lunabotics2024-ROS/install/mining_bot_base/share/mining_bot_base/environment/ament_prefix_path.dsv
[5.236s] -- Installing: /home/jaych/robotics/Lunabotics2024-ROS/install/mining_bot_base/share/mining_bot_base/environment/path.sh
[5.236s] -- Installing: /home/jaych/robotics/Lunabotics2024-ROS/install/mining_bot_base/share/mining_bot_base/environment/path.dsv
[5.236s] -- Installing: /home/jaych/robotics/Lunabotics2024-ROS/install/mining_bot_base/share/mining_bot_base/local_setup.bash
[5.236s] -- Installing: /home/jaych/robotics/Lunabotics2024-ROS/install/mining_bot_base/share/mining_bot_base/local_setup.sh
[5.237s] -- Installing: /home/jaych/robotics/Lunabotics2024-ROS/install/mining_bot_base/share/mining_bot_base/local_setup.zsh
[5.237s] -- Installing: /home/jaych/robotics/Lunabotics2024-ROS/install/mining_bot_base/share/mining_bot_base/local_setup.dsv
[5.237s] -- Installing: /home/jaych/robotics/Lunabotics2024-ROS/install/mining_bot_base/share/mining_bot_base/package.dsv
[5.237s] -- Installing: /home/jaych/robotics/Lunabotics2024-ROS/install/mining_bot_base/share/ament_index/resource_index/packages/mining_bot_base
[5.237s] -- Installing: /home/jaych/robotics/Lunabotics2024-ROS/install/mining_bot_base/share/mining_bot_base/cmake/mining_bot_baseConfig.cmake
[5.237s] -- Installing: /home/jaych/robotics/Lunabotics2024-ROS/install/mining_bot_base/share/mining_bot_base/cmake/mining_bot_baseConfig-version.cmake
[5.237s] -- Installing: /home/jaych/robotics/Lunabotics2024-ROS/install/mining_bot_base/share/mining_bot_base/package.xml
[5.238s] Invoked command in '/home/jaych/robotics/Lunabotics2024-ROS/build/mining_bot_base' returned '0': CMAKE_PREFIX_PATH=/opt/ros/humble /usr/bin/cmake --install /home/jaych/robotics/Lunabotics2024-ROS/build/mining_bot_base
